
  You can now view your Streamlit app in your browser.

  Local URL: http://localhost:8501
  Network URL: http://192.168.50.9:8501

WARNING:root:TradingMultiAgents dataflows not available
INFO:webui.backend.backtest2_wrapper:Successfully imported backtest2 modules (direct import)
INFO:webui.backend.backtest2_wrapper:BacktestConfig type: <class 'type'>
INFO:webui.backend.backtest2_wrapper:BacktestConfig module: backtest2.core.config
INFO:webui.backend.backtest2_wrapper:BacktestConfig existing fields: ['name', 'symbols', 'time_range', 'initial_capital', 'random_seed', 'max_positions', 'position_limits', 'llm_config', 'data_sources', 'reflection_config', 'result_dir', 'slippage', 'commission', 'risk_free_rate', 'benchmark', 'start_date', 'end_date', 'agent_config', 'data_config', 'risk_config', 'enable_parallel', 'max_workers', 'cache_size', 'log_level', 'save_results', 'results_path', 'enable_monitoring']
INFO:webui.backend.backtest2_wrapper:Creating BacktestConfig - class type: <class 'type'>
INFO:webui.backend.backtest2_wrapper:BacktestConfig module: backtest2.core.config
INFO:webui.backend.backtest2_wrapper:BacktestConfig MRO: (<class 'backtest2.core.config.BacktestConfig'>, <class 'object'>)
INFO:webui.backend.backtest2_wrapper:Is dataclass: True
INFO:webui.backend.backtest2_wrapper:Dataclass fields: ['name', 'symbols', 'time_range', 'initial_capital', 'random_seed', 'max_positions', 'position_limits', 'llm_config', 'data_sources', 'reflection_config', 'result_dir', 'slippage', 'commission', 'risk_free_rate', 'benchmark', 'start_date', 'end_date', 'agent_config', 'data_config', 'risk_config', 'enable_parallel', 'max_workers', 'cache_size', 'log_level', 'save_results', 'results_path', 'enable_monitoring']
INFO:webui.backend.backtest2_wrapper:Has random_seed attr: True
INFO:webui.backend.backtest2_wrapper:BacktestConfig.__init__ signature: {'name': <class 'str'>, 'symbols': typing.List[str], 'time_range': typing.Optional[backtest2.core.config.TimeRange], 'initial_capital': <class 'float'>, 'random_seed': <class 'int'>, 'max_positions': <class 'int'>, 'position_limits': typing.Dict[backtest2.core.config.RiskProfile, float], 'llm_config': <class 'backtest2.core.config.LLMConfig'>, 'data_sources': typing.List[str], 'reflection_config': typing.Optional[typing.Dict[str, typing.Any]], 'result_dir': typing.Optional[pathlib._local.Path], 'slippage': <class 'float'>, 'commission': <class 'float'>, 'risk_free_rate': <class 'float'>, 'benchmark': <class 'str'>, 'start_date': typing.Optional[datetime.datetime], 'end_date': typing.Optional[datetime.datetime], 'agent_config': typing.Optional[backtest2.core.config.AgentConfig], 'data_config': typing.Optional[backtest2.core.config.DataConfig], 'risk_config': typing.Optional[backtest2.core.config.RiskConfig], 'enable_parallel': <class 'bool'>, 'max_workers': <class 'int'>, 'cache_size': <class 'int'>, 'log_level': <class 'str'>, 'save_results': <class 'bool'>, 'results_path': <class 'str'>, 'enable_monitoring': <class 'bool'>, 'return': None}
INFO:backtest2.core.engine:Starting backtest execution c0ac4c53-9998-4e9f-a043-b1bc31af2af9
INFO:backtest2.core.engine:Initializing backtest environment
INFO:backtest2.data.manager_simple:Initializing data manager
INFO:backtest2.agents.orchestrator:Initialized 12 agents
INFO:backtest2.core.engine:Loading benchmark data for SPY
INFO:backtest2.agents.orchestrator:Starting decision process 5f9cf98e-1411-4ff7-b386-ae84fb7f9e22 for AAPL on 2025-04-22 00:00:00
INFO:backtest2.agents.orchestrator:Phase 1: Data Collection
ERROR:Agent.Market Analyst:Agent Market Analyst processing failed: 'DecisionContext' object has no attribute 'get'
ERROR:backtest2.agents.llm_client:Failed to generate structured response: Object of type DecisionContext is not JSON serializable
ERROR:backtest2.agents.llm_client:Failed to generate structured response: Object of type DecisionContext is not JSON serializable
ERROR:backtest2.agents.llm_client:Failed to generate structured response: Object of type DecisionContext is not JSON serializable
INFO:backtest2.agents.orchestrator:Phase 2: Investment Analysis
ERROR:backtest2.agents.llm_client:Failed to generate structured response: Object of type AgentOutput is not JSON serializable
ERROR:backtest2.agents.llm_client:Failed to generate structured response: Object of type AgentOutput is not JSON serializable
INFO:backtest2.agents.orchestrator:Phase 3: Investment Decision
INFO:backtest2.agents.orchestrator:Debate round 1
ERROR:backtest2.agents.llm_client:Failed to generate structured response: Object of type DecisionContext is not JSON serializable
INFO:backtest2.agents.orchestrator:Phase 4: Trading Decision
ERROR:Agent.Trader:Agent Trader processing failed: 'DecisionContext' object has no attribute 'get'
INFO:backtest2.agents.orchestrator:Phase 5: Risk Assessment
ERROR:backtest2.agents.llm_client:Failed to generate structured response: Object of type DecisionContext is not JSON serializable
ERROR:backtest2.agents.llm_client:Failed to generate structured response: Object of type DecisionContext is not JSON serializable
ERROR:backtest2.agents.llm_client:Failed to generate structured response: Object of type DecisionContext is not JSON serializable
INFO:backtest2.agents.orchestrator:Risk discussion round 1
ERROR:Agent.Aggressive Risk Debator:Agent Aggressive Risk Debator processing failed: 'NoneType' object has no attribute 'cash'
ERROR:Agent.Conservative Risk Debator:Agent Conservative Risk Debator processing failed: 'NoneType' object has no attribute 'cash'
ERROR:Agent.Neutral Risk Debator:Agent Neutral Risk Debator processing failed: 'NoneType' object has no attribute 'cash'
INFO:backtest2.agents.orchestrator:Phase 6: Final Decision
ERROR:backtest2.agents.llm_client:Failed to generate structured response: Object of type DecisionContext is not JSON serializable
ERROR:backtest2.agents.orchestrator:Decision process failed: 'string (BUY/SELL/HOLD)' is not a valid TradeAction
Traceback (most recent call last):
  File "/Users/y-sato/TradingAgents2/backtest2/agents/orchestrator.py", line 271, in make_decision
    final_decision = await self._final_decision_phase(risk_assessment, context)
                     ^^^^^^^^^^^^^^^^^^^^^^^^^^^^^^^^^^^^^^^^^^^^^^^^^^^^^^^^^^
  File "/Users/y-sato/TradingAgents2/backtest2/agents/orchestrator.py", line 516, in _final_decision_phase
    action=TradeAction(final_output.content.get('action', 'HOLD')),
           ~~~~~~~~~~~^^^^^^^^^^^^^^^^^^^^^^^^^^^^^^^^^^^^^^^^^^^^
  File "/usr/local/Caskroom/miniconda/base/lib/python3.13/enum.py", line 726, in __call__
    return cls.__new__(cls, value)
           ~~~~~~~~~~~^^^^^^^^^^^^
  File "/usr/local/Caskroom/miniconda/base/lib/python3.13/enum.py", line 1203, in __new__
    raise ve_exc
ValueError: 'string (BUY/SELL/HOLD)' is not a valid TradeAction
INFO:backtest2.agents.orchestrator:Starting decision process 45fd4e12-3bbd-4004-894f-533df5626aad for AAPL on 2025-04-23 00:00:00
INFO:backtest2.agents.orchestrator:Phase 1: Data Collection
ERROR:Agent.Market Analyst:Agent Market Analyst processing failed: 'DecisionContext' object has no attribute 'get'
ERROR:backtest2.agents.llm_client:Failed to generate structured response: Object of type DecisionContext is not JSON serializable
ERROR:backtest2.agents.llm_client:Failed to generate structured response: Object of type DecisionContext is not JSON serializable
ERROR:backtest2.agents.llm_client:Failed to generate structured response: Object of type DecisionContext is not JSON serializable
INFO:backtest2.agents.orchestrator:Phase 2: Investment Analysis
ERROR:backtest2.agents.llm_client:Failed to generate structured response: Object of type AgentOutput is not JSON serializable
ERROR:backtest2.agents.llm_client:Failed to generate structured response: Object of type AgentOutput is not JSON serializable
INFO:backtest2.agents.orchestrator:Phase 3: Investment Decision
INFO:backtest2.agents.orchestrator:Debate round 1
ERROR:backtest2.agents.llm_client:Failed to generate structured response: Object of type DecisionContext is not JSON serializable
INFO:backtest2.agents.orchestrator:Phase 4: Trading Decision
ERROR:Agent.Trader:Agent Trader processing failed: 'DecisionContext' object has no attribute 'get'
INFO:backtest2.agents.orchestrator:Phase 5: Risk Assessment
ERROR:backtest2.agents.llm_client:Failed to generate structured response: Object of type DecisionContext is not JSON serializable
ERROR:backtest2.agents.llm_client:Failed to generate structured response: Object of type DecisionContext is not JSON serializable
ERROR:backtest2.agents.llm_client:Failed to generate structured response: Object of type DecisionContext is not JSON serializable
INFO:backtest2.agents.orchestrator:Risk discussion round 1
ERROR:Agent.Aggressive Risk Debator:Agent Aggressive Risk Debator processing failed: 'NoneType' object has no attribute 'cash'
ERROR:Agent.Conservative Risk Debator:Agent Conservative Risk Debator processing failed: 'NoneType' object has no attribute 'cash'
ERROR:Agent.Neutral Risk Debator:Agent Neutral Risk Debator processing failed: 'NoneType' object has no attribute 'cash'
INFO:backtest2.agents.orchestrator:Phase 6: Final Decision
ERROR:backtest2.agents.llm_client:Failed to generate structured response: Object of type DecisionContext is not JSON serializable
ERROR:backtest2.agents.orchestrator:Decision process failed: 'string (BUY/SELL/HOLD)' is not a valid TradeAction
Traceback (most recent call last):
  File "/Users/y-sato/TradingAgents2/backtest2/agents/orchestrator.py", line 271, in make_decision
    final_decision = await self._final_decision_phase(risk_assessment, context)
                     ^^^^^^^^^^^^^^^^^^^^^^^^^^^^^^^^^^^^^^^^^^^^^^^^^^^^^^^^^^
  File "/Users/y-sato/TradingAgents2/backtest2/agents/orchestrator.py", line 516, in _final_decision_phase
    action=TradeAction(final_output.content.get('action', 'HOLD')),
           ~~~~~~~~~~~^^^^^^^^^^^^^^^^^^^^^^^^^^^^^^^^^^^^^^^^^^^^
  File "/usr/local/Caskroom/miniconda/base/lib/python3.13/enum.py", line 726, in __call__
    return cls.__new__(cls, value)
           ~~~~~~~~~~~^^^^^^^^^^^^
  File "/usr/local/Caskroom/miniconda/base/lib/python3.13/enum.py", line 1203, in __new__
    raise ve_exc
ValueError: 'string (BUY/SELL/HOLD)' is not a valid TradeAction
INFO:backtest2.agents.orchestrator:Starting decision process 3e5af232-85e7-499f-830e-370c3bb8036e for AAPL on 2025-04-24 00:00:00
INFO:backtest2.agents.orchestrator:Phase 1: Data Collection
ERROR:Agent.Market Analyst:Agent Market Analyst processing failed: 'DecisionContext' object has no attribute 'get'
ERROR:backtest2.agents.llm_client:Failed to generate structured response: Object of type DecisionContext is not JSON serializable
ERROR:backtest2.agents.llm_client:Failed to generate structured response: Object of type DecisionContext is not JSON serializable
ERROR:backtest2.agents.llm_client:Failed to generate structured response: Object of type DecisionContext is not JSON serializable
INFO:backtest2.agents.orchestrator:Phase 2: Investment Analysis
ERROR:backtest2.agents.llm_client:Failed to generate structured response: Object of type AgentOutput is not JSON serializable
ERROR:backtest2.agents.llm_client:Failed to generate structured response: Object of type AgentOutput is not JSON serializable
INFO:backtest2.agents.orchestrator:Phase 3: Investment Decision
INFO:backtest2.agents.orchestrator:Debate round 1
ERROR:backtest2.agents.llm_client:Failed to generate structured response: Object of type DecisionContext is not JSON serializable
INFO:backtest2.agents.orchestrator:Phase 4: Trading Decision
ERROR:Agent.Trader:Agent Trader processing failed: 'DecisionContext' object has no attribute 'get'
INFO:backtest2.agents.orchestrator:Phase 5: Risk Assessment
ERROR:backtest2.agents.llm_client:Failed to generate structured response: Object of type DecisionContext is not JSON serializable
ERROR:backtest2.agents.llm_client:Failed to generate structured response: Object of type DecisionContext is not JSON serializable
ERROR:backtest2.agents.llm_client:Failed to generate structured response: Object of type DecisionContext is not JSON serializable
INFO:backtest2.agents.orchestrator:Risk discussion round 1
ERROR:Agent.Aggressive Risk Debator:Agent Aggressive Risk Debator processing failed: 'NoneType' object has no attribute 'cash'
ERROR:Agent.Conservative Risk Debator:Agent Conservative Risk Debator processing failed: 'NoneType' object has no attribute 'cash'
ERROR:Agent.Neutral Risk Debator:Agent Neutral Risk Debator processing failed: 'NoneType' object has no attribute 'cash'
INFO:backtest2.agents.orchestrator:Phase 6: Final Decision
ERROR:backtest2.agents.llm_client:Failed to generate structured response: Object of type DecisionContext is not JSON serializable
ERROR:backtest2.agents.orchestrator:Decision process failed: 'string (BUY/SELL/HOLD)' is not a valid TradeAction
Traceback (most recent call last):
  File "/Users/y-sato/TradingAgents2/backtest2/agents/orchestrator.py", line 271, in make_decision
    final_decision = await self._final_decision_phase(risk_assessment, context)
                     ^^^^^^^^^^^^^^^^^^^^^^^^^^^^^^^^^^^^^^^^^^^^^^^^^^^^^^^^^^
  File "/Users/y-sato/TradingAgents2/backtest2/agents/orchestrator.py", line 516, in _final_decision_phase
    action=TradeAction(final_output.content.get('action', 'HOLD')),
           ~~~~~~~~~~~^^^^^^^^^^^^^^^^^^^^^^^^^^^^^^^^^^^^^^^^^^^^
  File "/usr/local/Caskroom/miniconda/base/lib/python3.13/enum.py", line 726, in __call__
    return cls.__new__(cls, value)
           ~~~~~~~~~~~^^^^^^^^^^^^
  File "/usr/local/Caskroom/miniconda/base/lib/python3.13/enum.py", line 1203, in __new__
    raise ve_exc
ValueError: 'string (BUY/SELL/HOLD)' is not a valid TradeAction
INFO:backtest2.agents.orchestrator:Starting decision process 578dca67-7a4d-444e-9b0b-84b60ba16722 for AAPL on 2025-04-25 00:00:00
INFO:backtest2.agents.orchestrator:Phase 1: Data Collection
ERROR:Agent.Market Analyst:Agent Market Analyst processing failed: 'DecisionContext' object has no attribute 'get'
ERROR:backtest2.agents.llm_client:Failed to generate structured response: Object of type DecisionContext is not JSON serializable
ERROR:backtest2.agents.llm_client:Failed to generate structured response: Object of type DecisionContext is not JSON serializable
ERROR:backtest2.agents.llm_client:Failed to generate structured response: Object of type DecisionContext is not JSON serializable
INFO:backtest2.agents.orchestrator:Phase 2: Investment Analysis
ERROR:backtest2.agents.llm_client:Failed to generate structured response: Object of type AgentOutput is not JSON serializable
ERROR:backtest2.agents.llm_client:Failed to generate structured response: Object of type AgentOutput is not JSON serializable
INFO:backtest2.agents.orchestrator:Phase 3: Investment Decision
INFO:backtest2.agents.orchestrator:Debate round 1
ERROR:backtest2.agents.llm_client:Failed to generate structured response: Object of type DecisionContext is not JSON serializable
INFO:backtest2.agents.orchestrator:Phase 4: Trading Decision
ERROR:Agent.Trader:Agent Trader processing failed: 'DecisionContext' object has no attribute 'get'
INFO:backtest2.agents.orchestrator:Phase 5: Risk Assessment
ERROR:backtest2.agents.llm_client:Failed to generate structured response: Object of type DecisionContext is not JSON serializable
ERROR:backtest2.agents.llm_client:Failed to generate structured response: Object of type DecisionContext is not JSON serializable
ERROR:backtest2.agents.llm_client:Failed to generate structured response: Object of type DecisionContext is not JSON serializable
INFO:backtest2.agents.orchestrator:Risk discussion round 1
ERROR:Agent.Aggressive Risk Debator:Agent Aggressive Risk Debator processing failed: 'NoneType' object has no attribute 'cash'
ERROR:Agent.Conservative Risk Debator:Agent Conservative Risk Debator processing failed: 'NoneType' object has no attribute 'cash'
ERROR:Agent.Neutral Risk Debator:Agent Neutral Risk Debator processing failed: 'NoneType' object has no attribute 'cash'
INFO:backtest2.agents.orchestrator:Phase 6: Final Decision
ERROR:backtest2.agents.llm_client:Failed to generate structured response: Object of type DecisionContext is not JSON serializable
ERROR:backtest2.agents.orchestrator:Decision process failed: 'string (BUY/SELL/HOLD)' is not a valid TradeAction
Traceback (most recent call last):
  File "/Users/y-sato/TradingAgents2/backtest2/agents/orchestrator.py", line 271, in make_decision
    final_decision = await self._final_decision_phase(risk_assessment, context)
                     ^^^^^^^^^^^^^^^^^^^^^^^^^^^^^^^^^^^^^^^^^^^^^^^^^^^^^^^^^^
  File "/Users/y-sato/TradingAgents2/backtest2/agents/orchestrator.py", line 516, in _final_decision_phase
    action=TradeAction(final_output.content.get('action', 'HOLD')),
           ~~~~~~~~~~~^^^^^^^^^^^^^^^^^^^^^^^^^^^^^^^^^^^^^^^^^^^^
  File "/usr/local/Caskroom/miniconda/base/lib/python3.13/enum.py", line 726, in __call__
    return cls.__new__(cls, value)
           ~~~~~~~~~~~^^^^^^^^^^^^
  File "/usr/local/Caskroom/miniconda/base/lib/python3.13/enum.py", line 1203, in __new__
    raise ve_exc
ValueError: 'string (BUY/SELL/HOLD)' is not a valid TradeAction
INFO:backtest2.agents.orchestrator:Starting decision process a77f5c6e-dfda-414c-abb3-dffaa146eba7 for AAPL on 2025-04-28 00:00:00
INFO:backtest2.agents.orchestrator:Phase 1: Data Collection
ERROR:Agent.Market Analyst:Agent Market Analyst processing failed: 'DecisionContext' object has no attribute 'get'
ERROR:backtest2.agents.llm_client:Failed to generate structured response: Object of type DecisionContext is not JSON serializable
ERROR:backtest2.agents.llm_client:Failed to generate structured response: Object of type DecisionContext is not JSON serializable
ERROR:backtest2.agents.llm_client:Failed to generate structured response: Object of type DecisionContext is not JSON serializable
INFO:backtest2.agents.orchestrator:Phase 2: Investment Analysis
ERROR:backtest2.agents.llm_client:Failed to generate structured response: Object of type AgentOutput is not JSON serializable
ERROR:backtest2.agents.llm_client:Failed to generate structured response: Object of type AgentOutput is not JSON serializable
INFO:backtest2.agents.orchestrator:Phase 3: Investment Decision
INFO:backtest2.agents.orchestrator:Debate round 1
ERROR:backtest2.agents.llm_client:Failed to generate structured response: Object of type DecisionContext is not JSON serializable
INFO:backtest2.agents.orchestrator:Phase 4: Trading Decision
ERROR:Agent.Trader:Agent Trader processing failed: 'DecisionContext' object has no attribute 'get'
INFO:backtest2.agents.orchestrator:Phase 5: Risk Assessment
ERROR:backtest2.agents.llm_client:Failed to generate structured response: Object of type DecisionContext is not JSON serializable
ERROR:backtest2.agents.llm_client:Failed to generate structured response: Object of type DecisionContext is not JSON serializable
ERROR:backtest2.agents.llm_client:Failed to generate structured response: Object of type DecisionContext is not JSON serializable
INFO:backtest2.agents.orchestrator:Risk discussion round 1
ERROR:Agent.Aggressive Risk Debator:Agent Aggressive Risk Debator processing failed: 'NoneType' object has no attribute 'cash'
ERROR:Agent.Conservative Risk Debator:Agent Conservative Risk Debator processing failed: 'NoneType' object has no attribute 'cash'
ERROR:Agent.Neutral Risk Debator:Agent Neutral Risk Debator processing failed: 'NoneType' object has no attribute 'cash'
INFO:backtest2.agents.orchestrator:Phase 6: Final Decision
ERROR:backtest2.agents.llm_client:Failed to generate structured response: Object of type DecisionContext is not JSON serializable
ERROR:backtest2.agents.orchestrator:Decision process failed: 'string (BUY/SELL/HOLD)' is not a valid TradeAction
Traceback (most recent call last):
  File "/Users/y-sato/TradingAgents2/backtest2/agents/orchestrator.py", line 271, in make_decision
    final_decision = await self._final_decision_phase(risk_assessment, context)
                     ^^^^^^^^^^^^^^^^^^^^^^^^^^^^^^^^^^^^^^^^^^^^^^^^^^^^^^^^^^
  File "/Users/y-sato/TradingAgents2/backtest2/agents/orchestrator.py", line 516, in _final_decision_phase
    action=TradeAction(final_output.content.get('action', 'HOLD')),
           ~~~~~~~~~~~^^^^^^^^^^^^^^^^^^^^^^^^^^^^^^^^^^^^^^^^^^^^
  File "/usr/local/Caskroom/miniconda/base/lib/python3.13/enum.py", line 726, in __call__
    return cls.__new__(cls, value)
           ~~~~~~~~~~~^^^^^^^^^^^^
  File "/usr/local/Caskroom/miniconda/base/lib/python3.13/enum.py", line 1203, in __new__
    raise ve_exc
ValueError: 'string (BUY/SELL/HOLD)' is not a valid TradeAction
INFO:backtest2.agents.orchestrator:Starting decision process e72ef1b6-c7a3-4e4c-8fad-ae4c46aa767f for AAPL on 2025-04-29 00:00:00
INFO:backtest2.agents.orchestrator:Phase 1: Data Collection
ERROR:Agent.Market Analyst:Agent Market Analyst processing failed: 'DecisionContext' object has no attribute 'get'
ERROR:backtest2.agents.llm_client:Failed to generate structured response: Object of type DecisionContext is not JSON serializable
ERROR:backtest2.agents.llm_client:Failed to generate structured response: Object of type DecisionContext is not JSON serializable
ERROR:backtest2.agents.llm_client:Failed to generate structured response: Object of type DecisionContext is not JSON serializable
INFO:backtest2.agents.orchestrator:Phase 2: Investment Analysis
ERROR:backtest2.agents.llm_client:Failed to generate structured response: Object of type AgentOutput is not JSON serializable
ERROR:backtest2.agents.llm_client:Failed to generate structured response: Object of type AgentOutput is not JSON serializable
INFO:backtest2.agents.orchestrator:Phase 3: Investment Decision
INFO:backtest2.agents.orchestrator:Debate round 1
ERROR:backtest2.agents.llm_client:Failed to generate structured response: Object of type DecisionContext is not JSON serializable
INFO:backtest2.agents.orchestrator:Phase 4: Trading Decision
ERROR:Agent.Trader:Agent Trader processing failed: 'DecisionContext' object has no attribute 'get'
INFO:backtest2.agents.orchestrator:Phase 5: Risk Assessment
ERROR:backtest2.agents.llm_client:Failed to generate structured response: Object of type DecisionContext is not JSON serializable
ERROR:backtest2.agents.llm_client:Failed to generate structured response: Object of type DecisionContext is not JSON serializable
ERROR:backtest2.agents.llm_client:Failed to generate structured response: Object of type DecisionContext is not JSON serializable
INFO:backtest2.agents.orchestrator:Risk discussion round 1
ERROR:Agent.Aggressive Risk Debator:Agent Aggressive Risk Debator processing failed: 'NoneType' object has no attribute 'cash'
ERROR:Agent.Conservative Risk Debator:Agent Conservative Risk Debator processing failed: 'NoneType' object has no attribute 'cash'
ERROR:Agent.Neutral Risk Debator:Agent Neutral Risk Debator processing failed: 'NoneType' object has no attribute 'cash'
INFO:backtest2.agents.orchestrator:Phase 6: Final Decision
ERROR:backtest2.agents.llm_client:Failed to generate structured response: Object of type DecisionContext is not JSON serializable
ERROR:backtest2.agents.orchestrator:Decision process failed: 'string (BUY/SELL/HOLD)' is not a valid TradeAction
Traceback (most recent call last):
  File "/Users/y-sato/TradingAgents2/backtest2/agents/orchestrator.py", line 271, in make_decision
    final_decision = await self._final_decision_phase(risk_assessment, context)
                     ^^^^^^^^^^^^^^^^^^^^^^^^^^^^^^^^^^^^^^^^^^^^^^^^^^^^^^^^^^
  File "/Users/y-sato/TradingAgents2/backtest2/agents/orchestrator.py", line 516, in _final_decision_phase
    action=TradeAction(final_output.content.get('action', 'HOLD')),
           ~~~~~~~~~~~^^^^^^^^^^^^^^^^^^^^^^^^^^^^^^^^^^^^^^^^^^^^
  File "/usr/local/Caskroom/miniconda/base/lib/python3.13/enum.py", line 726, in __call__
    return cls.__new__(cls, value)
           ~~~~~~~~~~~^^^^^^^^^^^^
  File "/usr/local/Caskroom/miniconda/base/lib/python3.13/enum.py", line 1203, in __new__
    raise ve_exc
ValueError: 'string (BUY/SELL/HOLD)' is not a valid TradeAction
INFO:backtest2.agents.orchestrator:Starting decision process 3751521b-d795-4dc6-82e4-b27477df100c for AAPL on 2025-04-30 00:00:00
INFO:backtest2.agents.orchestrator:Phase 1: Data Collection
ERROR:Agent.Market Analyst:Agent Market Analyst processing failed: 'DecisionContext' object has no attribute 'get'
ERROR:backtest2.agents.llm_client:Failed to generate structured response: Object of type DecisionContext is not JSON serializable
ERROR:backtest2.agents.llm_client:Failed to generate structured response: Object of type DecisionContext is not JSON serializable
ERROR:backtest2.agents.llm_client:Failed to generate structured response: Object of type DecisionContext is not JSON serializable
INFO:backtest2.agents.orchestrator:Phase 2: Investment Analysis
ERROR:backtest2.agents.llm_client:Failed to generate structured response: Object of type AgentOutput is not JSON serializable
ERROR:backtest2.agents.llm_client:Failed to generate structured response: Object of type AgentOutput is not JSON serializable
INFO:backtest2.agents.orchestrator:Phase 3: Investment Decision
INFO:backtest2.agents.orchestrator:Debate round 1
ERROR:backtest2.agents.llm_client:Failed to generate structured response: Object of type DecisionContext is not JSON serializable
INFO:backtest2.agents.orchestrator:Phase 4: Trading Decision
ERROR:Agent.Trader:Agent Trader processing failed: 'DecisionContext' object has no attribute 'get'
INFO:backtest2.agents.orchestrator:Phase 5: Risk Assessment
ERROR:backtest2.agents.llm_client:Failed to generate structured response: Object of type DecisionContext is not JSON serializable
ERROR:backtest2.agents.llm_client:Failed to generate structured response: Object of type DecisionContext is not JSON serializable
ERROR:backtest2.agents.llm_client:Failed to generate structured response: Object of type DecisionContext is not JSON serializable
INFO:backtest2.agents.orchestrator:Risk discussion round 1
ERROR:Agent.Aggressive Risk Debator:Agent Aggressive Risk Debator processing failed: 'NoneType' object has no attribute 'cash'
ERROR:Agent.Conservative Risk Debator:Agent Conservative Risk Debator processing failed: 'NoneType' object has no attribute 'cash'
ERROR:Agent.Neutral Risk Debator:Agent Neutral Risk Debator processing failed: 'NoneType' object has no attribute 'cash'
INFO:backtest2.agents.orchestrator:Phase 6: Final Decision
ERROR:backtest2.agents.llm_client:Failed to generate structured response: Object of type DecisionContext is not JSON serializable
ERROR:backtest2.agents.orchestrator:Decision process failed: 'string (BUY/SELL/HOLD)' is not a valid TradeAction
Traceback (most recent call last):
  File "/Users/y-sato/TradingAgents2/backtest2/agents/orchestrator.py", line 271, in make_decision
    final_decision = await self._final_decision_phase(risk_assessment, context)
                     ^^^^^^^^^^^^^^^^^^^^^^^^^^^^^^^^^^^^^^^^^^^^^^^^^^^^^^^^^^
  File "/Users/y-sato/TradingAgents2/backtest2/agents/orchestrator.py", line 516, in _final_decision_phase
    action=TradeAction(final_output.content.get('action', 'HOLD')),
           ~~~~~~~~~~~^^^^^^^^^^^^^^^^^^^^^^^^^^^^^^^^^^^^^^^^^^^^
  File "/usr/local/Caskroom/miniconda/base/lib/python3.13/enum.py", line 726, in __call__
    return cls.__new__(cls, value)
           ~~~~~~~~~~~^^^^^^^^^^^^
  File "/usr/local/Caskroom/miniconda/base/lib/python3.13/enum.py", line 1203, in __new__
    raise ve_exc
ValueError: 'string (BUY/SELL/HOLD)' is not a valid TradeAction
INFO:backtest2.agents.orchestrator:Starting decision process d77d09e8-8d92-49f2-81c8-1ede75e58da6 for AAPL on 2025-05-01 00:00:00
INFO:backtest2.agents.orchestrator:Phase 1: Data Collection
ERROR:Agent.Market Analyst:Agent Market Analyst processing failed: 'DecisionContext' object has no attribute 'get'
ERROR:backtest2.agents.llm_client:Failed to generate structured response: Object of type DecisionContext is not JSON serializable
ERROR:backtest2.agents.llm_client:Failed to generate structured response: Object of type DecisionContext is not JSON serializable
ERROR:backtest2.agents.llm_client:Failed to generate structured response: Object of type DecisionContext is not JSON serializable
INFO:backtest2.agents.orchestrator:Phase 2: Investment Analysis
ERROR:backtest2.agents.llm_client:Failed to generate structured response: Object of type AgentOutput is not JSON serializable
ERROR:backtest2.agents.llm_client:Failed to generate structured response: Object of type AgentOutput is not JSON serializable
INFO:backtest2.agents.orchestrator:Phase 3: Investment Decision
INFO:backtest2.agents.orchestrator:Debate round 1
ERROR:backtest2.agents.llm_client:Failed to generate structured response: Object of type DecisionContext is not JSON serializable
INFO:backtest2.agents.orchestrator:Phase 4: Trading Decision
ERROR:Agent.Trader:Agent Trader processing failed: 'DecisionContext' object has no attribute 'get'
INFO:backtest2.agents.orchestrator:Phase 5: Risk Assessment
ERROR:backtest2.agents.llm_client:Failed to generate structured response: Object of type DecisionContext is not JSON serializable
ERROR:backtest2.agents.llm_client:Failed to generate structured response: Object of type DecisionContext is not JSON serializable
ERROR:backtest2.agents.llm_client:Failed to generate structured response: Object of type DecisionContext is not JSON serializable
INFO:backtest2.agents.orchestrator:Risk discussion round 1
ERROR:Agent.Aggressive Risk Debator:Agent Aggressive Risk Debator processing failed: 'NoneType' object has no attribute 'cash'
ERROR:Agent.Conservative Risk Debator:Agent Conservative Risk Debator processing failed: 'NoneType' object has no attribute 'cash'
ERROR:Agent.Neutral Risk Debator:Agent Neutral Risk Debator processing failed: 'NoneType' object has no attribute 'cash'
INFO:backtest2.agents.orchestrator:Phase 6: Final Decision
ERROR:backtest2.agents.llm_client:Failed to generate structured response: Object of type DecisionContext is not JSON serializable
ERROR:backtest2.agents.orchestrator:Decision process failed: 'string (BUY/SELL/HOLD)' is not a valid TradeAction
Traceback (most recent call last):
  File "/Users/y-sato/TradingAgents2/backtest2/agents/orchestrator.py", line 271, in make_decision
    final_decision = await self._final_decision_phase(risk_assessment, context)
                     ^^^^^^^^^^^^^^^^^^^^^^^^^^^^^^^^^^^^^^^^^^^^^^^^^^^^^^^^^^
  File "/Users/y-sato/TradingAgents2/backtest2/agents/orchestrator.py", line 516, in _final_decision_phase
    action=TradeAction(final_output.content.get('action', 'HOLD')),
           ~~~~~~~~~~~^^^^^^^^^^^^^^^^^^^^^^^^^^^^^^^^^^^^^^^^^^^^
  File "/usr/local/Caskroom/miniconda/base/lib/python3.13/enum.py", line 726, in __call__
    return cls.__new__(cls, value)
           ~~~~~~~~~~~^^^^^^^^^^^^
  File "/usr/local/Caskroom/miniconda/base/lib/python3.13/enum.py", line 1203, in __new__
    raise ve_exc
ValueError: 'string (BUY/SELL/HOLD)' is not a valid TradeAction
INFO:backtest2.agents.orchestrator:Starting decision process 85bb78d5-546b-40dc-8908-803d3f563dc6 for AAPL on 2025-05-02 00:00:00
INFO:backtest2.agents.orchestrator:Phase 1: Data Collection
ERROR:Agent.Market Analyst:Agent Market Analyst processing failed: 'DecisionContext' object has no attribute 'get'
ERROR:backtest2.agents.llm_client:Failed to generate structured response: Object of type DecisionContext is not JSON serializable
ERROR:backtest2.agents.llm_client:Failed to generate structured response: Object of type DecisionContext is not JSON serializable
ERROR:backtest2.agents.llm_client:Failed to generate structured response: Object of type DecisionContext is not JSON serializable
INFO:backtest2.agents.orchestrator:Phase 2: Investment Analysis
ERROR:backtest2.agents.llm_client:Failed to generate structured response: Object of type AgentOutput is not JSON serializable
ERROR:backtest2.agents.llm_client:Failed to generate structured response: Object of type AgentOutput is not JSON serializable
INFO:backtest2.agents.orchestrator:Phase 3: Investment Decision
INFO:backtest2.agents.orchestrator:Debate round 1
ERROR:backtest2.agents.llm_client:Failed to generate structured response: Object of type DecisionContext is not JSON serializable
INFO:backtest2.agents.orchestrator:Phase 4: Trading Decision
ERROR:Agent.Trader:Agent Trader processing failed: 'DecisionContext' object has no attribute 'get'
INFO:backtest2.agents.orchestrator:Phase 5: Risk Assessment
ERROR:backtest2.agents.llm_client:Failed to generate structured response: Object of type DecisionContext is not JSON serializable
ERROR:backtest2.agents.llm_client:Failed to generate structured response: Object of type DecisionContext is not JSON serializable
ERROR:backtest2.agents.llm_client:Failed to generate structured response: Object of type DecisionContext is not JSON serializable
INFO:backtest2.agents.orchestrator:Risk discussion round 1
ERROR:Agent.Aggressive Risk Debator:Agent Aggressive Risk Debator processing failed: 'NoneType' object has no attribute 'cash'
ERROR:Agent.Conservative Risk Debator:Agent Conservative Risk Debator processing failed: 'NoneType' object has no attribute 'cash'
ERROR:Agent.Neutral Risk Debator:Agent Neutral Risk Debator processing failed: 'NoneType' object has no attribute 'cash'
INFO:backtest2.agents.orchestrator:Phase 6: Final Decision
ERROR:backtest2.agents.llm_client:Failed to generate structured response: Object of type DecisionContext is not JSON serializable
ERROR:backtest2.agents.orchestrator:Decision process failed: 'string (BUY/SELL/HOLD)' is not a valid TradeAction
Traceback (most recent call last):
  File "/Users/y-sato/TradingAgents2/backtest2/agents/orchestrator.py", line 271, in make_decision
    final_decision = await self._final_decision_phase(risk_assessment, context)
                     ^^^^^^^^^^^^^^^^^^^^^^^^^^^^^^^^^^^^^^^^^^^^^^^^^^^^^^^^^^
  File "/Users/y-sato/TradingAgents2/backtest2/agents/orchestrator.py", line 516, in _final_decision_phase
    action=TradeAction(final_output.content.get('action', 'HOLD')),
           ~~~~~~~~~~~^^^^^^^^^^^^^^^^^^^^^^^^^^^^^^^^^^^^^^^^^^^^
  File "/usr/local/Caskroom/miniconda/base/lib/python3.13/enum.py", line 726, in __call__
    return cls.__new__(cls, value)
           ~~~~~~~~~~~^^^^^^^^^^^^
  File "/usr/local/Caskroom/miniconda/base/lib/python3.13/enum.py", line 1203, in __new__
    raise ve_exc
ValueError: 'string (BUY/SELL/HOLD)' is not a valid TradeAction
INFO:backtest2.agents.orchestrator:Starting decision process 7d60424f-3004-4a8d-8f8f-11349c7ad121 for AAPL on 2025-05-05 00:00:00
INFO:backtest2.agents.orchestrator:Phase 1: Data Collection
ERROR:Agent.Market Analyst:Agent Market Analyst processing failed: 'DecisionContext' object has no attribute 'get'
ERROR:backtest2.agents.llm_client:Failed to generate structured response: Object of type DecisionContext is not JSON serializable
ERROR:backtest2.agents.llm_client:Failed to generate structured response: Object of type DecisionContext is not JSON serializable
ERROR:backtest2.agents.llm_client:Failed to generate structured response: Object of type DecisionContext is not JSON serializable
INFO:backtest2.agents.orchestrator:Phase 2: Investment Analysis
ERROR:backtest2.agents.llm_client:Failed to generate structured response: Object of type AgentOutput is not JSON serializable
ERROR:backtest2.agents.llm_client:Failed to generate structured response: Object of type AgentOutput is not JSON serializable
INFO:backtest2.agents.orchestrator:Phase 3: Investment Decision
INFO:backtest2.agents.orchestrator:Debate round 1
ERROR:backtest2.agents.llm_client:Failed to generate structured response: Object of type DecisionContext is not JSON serializable
INFO:backtest2.agents.orchestrator:Phase 4: Trading Decision
ERROR:Agent.Trader:Agent Trader processing failed: 'DecisionContext' object has no attribute 'get'
INFO:backtest2.agents.orchestrator:Phase 5: Risk Assessment
ERROR:backtest2.agents.llm_client:Failed to generate structured response: Object of type DecisionContext is not JSON serializable
ERROR:backtest2.agents.llm_client:Failed to generate structured response: Object of type DecisionContext is not JSON serializable
ERROR:backtest2.agents.llm_client:Failed to generate structured response: Object of type DecisionContext is not JSON serializable
INFO:backtest2.agents.orchestrator:Risk discussion round 1
ERROR:Agent.Aggressive Risk Debator:Agent Aggressive Risk Debator processing failed: 'NoneType' object has no attribute 'cash'
ERROR:Agent.Conservative Risk Debator:Agent Conservative Risk Debator processing failed: 'NoneType' object has no attribute 'cash'
ERROR:Agent.Neutral Risk Debator:Agent Neutral Risk Debator processing failed: 'NoneType' object has no attribute 'cash'
INFO:backtest2.agents.orchestrator:Phase 6: Final Decision
ERROR:backtest2.agents.llm_client:Failed to generate structured response: Object of type DecisionContext is not JSON serializable
ERROR:backtest2.agents.orchestrator:Decision process failed: 'string (BUY/SELL/HOLD)' is not a valid TradeAction
Traceback (most recent call last):
  File "/Users/y-sato/TradingAgents2/backtest2/agents/orchestrator.py", line 271, in make_decision
    final_decision = await self._final_decision_phase(risk_assessment, context)
                     ^^^^^^^^^^^^^^^^^^^^^^^^^^^^^^^^^^^^^^^^^^^^^^^^^^^^^^^^^^
  File "/Users/y-sato/TradingAgents2/backtest2/agents/orchestrator.py", line 516, in _final_decision_phase
    action=TradeAction(final_output.content.get('action', 'HOLD')),
           ~~~~~~~~~~~^^^^^^^^^^^^^^^^^^^^^^^^^^^^^^^^^^^^^^^^^^^^
  File "/usr/local/Caskroom/miniconda/base/lib/python3.13/enum.py", line 726, in __call__
    return cls.__new__(cls, value)
           ~~~~~~~~~~~^^^^^^^^^^^^
  File "/usr/local/Caskroom/miniconda/base/lib/python3.13/enum.py", line 1203, in __new__
    raise ve_exc
ValueError: 'string (BUY/SELL/HOLD)' is not a valid TradeAction
INFO:backtest2.agents.orchestrator:Starting decision process c2fe9100-cceb-49e1-9eab-9027ab92169a for AAPL on 2025-05-06 00:00:00
INFO:backtest2.agents.orchestrator:Phase 1: Data Collection
ERROR:Agent.Market Analyst:Agent Market Analyst processing failed: 'DecisionContext' object has no attribute 'get'
ERROR:backtest2.agents.llm_client:Failed to generate structured response: Object of type DecisionContext is not JSON serializable
ERROR:backtest2.agents.llm_client:Failed to generate structured response: Object of type DecisionContext is not JSON serializable
ERROR:backtest2.agents.llm_client:Failed to generate structured response: Object of type DecisionContext is not JSON serializable
INFO:backtest2.agents.orchestrator:Phase 2: Investment Analysis
ERROR:backtest2.agents.llm_client:Failed to generate structured response: Object of type AgentOutput is not JSON serializable
ERROR:backtest2.agents.llm_client:Failed to generate structured response: Object of type AgentOutput is not JSON serializable
INFO:backtest2.agents.orchestrator:Phase 3: Investment Decision
INFO:backtest2.agents.orchestrator:Debate round 1
ERROR:backtest2.agents.llm_client:Failed to generate structured response: Object of type DecisionContext is not JSON serializable
INFO:backtest2.agents.orchestrator:Phase 4: Trading Decision
ERROR:Agent.Trader:Agent Trader processing failed: 'DecisionContext' object has no attribute 'get'
INFO:backtest2.agents.orchestrator:Phase 5: Risk Assessment
ERROR:backtest2.agents.llm_client:Failed to generate structured response: Object of type DecisionContext is not JSON serializable
ERROR:backtest2.agents.llm_client:Failed to generate structured response: Object of type DecisionContext is not JSON serializable
ERROR:backtest2.agents.llm_client:Failed to generate structured response: Object of type DecisionContext is not JSON serializable
INFO:backtest2.agents.orchestrator:Risk discussion round 1
ERROR:Agent.Aggressive Risk Debator:Agent Aggressive Risk Debator processing failed: 'NoneType' object has no attribute 'cash'
ERROR:Agent.Conservative Risk Debator:Agent Conservative Risk Debator processing failed: 'NoneType' object has no attribute 'cash'
ERROR:Agent.Neutral Risk Debator:Agent Neutral Risk Debator processing failed: 'NoneType' object has no attribute 'cash'
INFO:backtest2.agents.orchestrator:Phase 6: Final Decision
ERROR:backtest2.agents.llm_client:Failed to generate structured response: Object of type DecisionContext is not JSON serializable
ERROR:backtest2.agents.orchestrator:Decision process failed: 'string (BUY/SELL/HOLD)' is not a valid TradeAction
Traceback (most recent call last):
  File "/Users/y-sato/TradingAgents2/backtest2/agents/orchestrator.py", line 271, in make_decision
    final_decision = await self._final_decision_phase(risk_assessment, context)
                     ^^^^^^^^^^^^^^^^^^^^^^^^^^^^^^^^^^^^^^^^^^^^^^^^^^^^^^^^^^
  File "/Users/y-sato/TradingAgents2/backtest2/agents/orchestrator.py", line 516, in _final_decision_phase
    action=TradeAction(final_output.content.get('action', 'HOLD')),
           ~~~~~~~~~~~^^^^^^^^^^^^^^^^^^^^^^^^^^^^^^^^^^^^^^^^^^^^
  File "/usr/local/Caskroom/miniconda/base/lib/python3.13/enum.py", line 726, in __call__
    return cls.__new__(cls, value)
           ~~~~~~~~~~~^^^^^^^^^^^^
  File "/usr/local/Caskroom/miniconda/base/lib/python3.13/enum.py", line 1203, in __new__
    raise ve_exc
ValueError: 'string (BUY/SELL/HOLD)' is not a valid TradeAction
INFO:backtest2.agents.orchestrator:Starting decision process 98b6da20-ed08-464c-9d8d-3249d360688c for AAPL on 2025-05-07 00:00:00
INFO:backtest2.agents.orchestrator:Phase 1: Data Collection
ERROR:Agent.Market Analyst:Agent Market Analyst processing failed: 'DecisionContext' object has no attribute 'get'
ERROR:backtest2.agents.llm_client:Failed to generate structured response: Object of type DecisionContext is not JSON serializable
ERROR:backtest2.agents.llm_client:Failed to generate structured response: Object of type DecisionContext is not JSON serializable
ERROR:backtest2.agents.llm_client:Failed to generate structured response: Object of type DecisionContext is not JSON serializable
INFO:backtest2.agents.orchestrator:Phase 2: Investment Analysis
ERROR:backtest2.agents.llm_client:Failed to generate structured response: Object of type AgentOutput is not JSON serializable
ERROR:backtest2.agents.llm_client:Failed to generate structured response: Object of type AgentOutput is not JSON serializable
INFO:backtest2.agents.orchestrator:Phase 3: Investment Decision
INFO:backtest2.agents.orchestrator:Debate round 1
ERROR:backtest2.agents.llm_client:Failed to generate structured response: Object of type DecisionContext is not JSON serializable
INFO:backtest2.agents.orchestrator:Phase 4: Trading Decision
ERROR:Agent.Trader:Agent Trader processing failed: 'DecisionContext' object has no attribute 'get'
INFO:backtest2.agents.orchestrator:Phase 5: Risk Assessment
ERROR:backtest2.agents.llm_client:Failed to generate structured response: Object of type DecisionContext is not JSON serializable
ERROR:backtest2.agents.llm_client:Failed to generate structured response: Object of type DecisionContext is not JSON serializable
ERROR:backtest2.agents.llm_client:Failed to generate structured response: Object of type DecisionContext is not JSON serializable
INFO:backtest2.agents.orchestrator:Risk discussion round 1
ERROR:Agent.Aggressive Risk Debator:Agent Aggressive Risk Debator processing failed: 'NoneType' object has no attribute 'cash'
ERROR:Agent.Conservative Risk Debator:Agent Conservative Risk Debator processing failed: 'NoneType' object has no attribute 'cash'
ERROR:Agent.Neutral Risk Debator:Agent Neutral Risk Debator processing failed: 'NoneType' object has no attribute 'cash'
INFO:backtest2.agents.orchestrator:Phase 6: Final Decision
ERROR:backtest2.agents.llm_client:Failed to generate structured response: Object of type DecisionContext is not JSON serializable
ERROR:backtest2.agents.orchestrator:Decision process failed: 'string (BUY/SELL/HOLD)' is not a valid TradeAction
Traceback (most recent call last):
  File "/Users/y-sato/TradingAgents2/backtest2/agents/orchestrator.py", line 271, in make_decision
    final_decision = await self._final_decision_phase(risk_assessment, context)
                     ^^^^^^^^^^^^^^^^^^^^^^^^^^^^^^^^^^^^^^^^^^^^^^^^^^^^^^^^^^
  File "/Users/y-sato/TradingAgents2/backtest2/agents/orchestrator.py", line 516, in _final_decision_phase
    action=TradeAction(final_output.content.get('action', 'HOLD')),
           ~~~~~~~~~~~^^^^^^^^^^^^^^^^^^^^^^^^^^^^^^^^^^^^^^^^^^^^
  File "/usr/local/Caskroom/miniconda/base/lib/python3.13/enum.py", line 726, in __call__
    return cls.__new__(cls, value)
           ~~~~~~~~~~~^^^^^^^^^^^^
  File "/usr/local/Caskroom/miniconda/base/lib/python3.13/enum.py", line 1203, in __new__
    raise ve_exc
ValueError: 'string (BUY/SELL/HOLD)' is not a valid TradeAction
INFO:backtest2.agents.orchestrator:Starting decision process 5487c645-0b08-4c5e-bbae-e9f86a6b44ab for AAPL on 2025-05-08 00:00:00
INFO:backtest2.agents.orchestrator:Phase 1: Data Collection
ERROR:Agent.Market Analyst:Agent Market Analyst processing failed: 'DecisionContext' object has no attribute 'get'
ERROR:backtest2.agents.llm_client:Failed to generate structured response: Object of type DecisionContext is not JSON serializable
ERROR:backtest2.agents.llm_client:Failed to generate structured response: Object of type DecisionContext is not JSON serializable
ERROR:backtest2.agents.llm_client:Failed to generate structured response: Object of type DecisionContext is not JSON serializable
INFO:backtest2.agents.orchestrator:Phase 2: Investment Analysis
ERROR:backtest2.agents.llm_client:Failed to generate structured response: Object of type AgentOutput is not JSON serializable
ERROR:backtest2.agents.llm_client:Failed to generate structured response: Object of type AgentOutput is not JSON serializable
INFO:backtest2.agents.orchestrator:Phase 3: Investment Decision
INFO:backtest2.agents.orchestrator:Debate round 1
ERROR:backtest2.agents.llm_client:Failed to generate structured response: Object of type DecisionContext is not JSON serializable
INFO:backtest2.agents.orchestrator:Phase 4: Trading Decision
ERROR:Agent.Trader:Agent Trader processing failed: 'DecisionContext' object has no attribute 'get'
INFO:backtest2.agents.orchestrator:Phase 5: Risk Assessment
ERROR:backtest2.agents.llm_client:Failed to generate structured response: Object of type DecisionContext is not JSON serializable
ERROR:backtest2.agents.llm_client:Failed to generate structured response: Object of type DecisionContext is not JSON serializable
ERROR:backtest2.agents.llm_client:Failed to generate structured response: Object of type DecisionContext is not JSON serializable
INFO:backtest2.agents.orchestrator:Risk discussion round 1
ERROR:Agent.Aggressive Risk Debator:Agent Aggressive Risk Debator processing failed: 'NoneType' object has no attribute 'cash'
ERROR:Agent.Conservative Risk Debator:Agent Conservative Risk Debator processing failed: 'NoneType' object has no attribute 'cash'
ERROR:Agent.Neutral Risk Debator:Agent Neutral Risk Debator processing failed: 'NoneType' object has no attribute 'cash'
INFO:backtest2.agents.orchestrator:Phase 6: Final Decision
ERROR:backtest2.agents.llm_client:Failed to generate structured response: Object of type DecisionContext is not JSON serializable
ERROR:backtest2.agents.orchestrator:Decision process failed: 'string (BUY/SELL/HOLD)' is not a valid TradeAction
Traceback (most recent call last):
  File "/Users/y-sato/TradingAgents2/backtest2/agents/orchestrator.py", line 271, in make_decision
    final_decision = await self._final_decision_phase(risk_assessment, context)
                     ^^^^^^^^^^^^^^^^^^^^^^^^^^^^^^^^^^^^^^^^^^^^^^^^^^^^^^^^^^
  File "/Users/y-sato/TradingAgents2/backtest2/agents/orchestrator.py", line 516, in _final_decision_phase
    action=TradeAction(final_output.content.get('action', 'HOLD')),
           ~~~~~~~~~~~^^^^^^^^^^^^^^^^^^^^^^^^^^^^^^^^^^^^^^^^^^^^
  File "/usr/local/Caskroom/miniconda/base/lib/python3.13/enum.py", line 726, in __call__
    return cls.__new__(cls, value)
           ~~~~~~~~~~~^^^^^^^^^^^^
  File "/usr/local/Caskroom/miniconda/base/lib/python3.13/enum.py", line 1203, in __new__
    raise ve_exc
ValueError: 'string (BUY/SELL/HOLD)' is not a valid TradeAction
INFO:backtest2.agents.orchestrator:Starting decision process ba1943b5-ad99-4136-b01a-bd4b2d34c53c for AAPL on 2025-05-09 00:00:00
INFO:backtest2.agents.orchestrator:Phase 1: Data Collection
ERROR:Agent.Market Analyst:Agent Market Analyst processing failed: 'DecisionContext' object has no attribute 'get'
ERROR:backtest2.agents.llm_client:Failed to generate structured response: Object of type DecisionContext is not JSON serializable
ERROR:backtest2.agents.llm_client:Failed to generate structured response: Object of type DecisionContext is not JSON serializable
ERROR:backtest2.agents.llm_client:Failed to generate structured response: Object of type DecisionContext is not JSON serializable
INFO:backtest2.agents.orchestrator:Phase 2: Investment Analysis
ERROR:backtest2.agents.llm_client:Failed to generate structured response: Object of type AgentOutput is not JSON serializable
ERROR:backtest2.agents.llm_client:Failed to generate structured response: Object of type AgentOutput is not JSON serializable
INFO:backtest2.agents.orchestrator:Phase 3: Investment Decision
INFO:backtest2.agents.orchestrator:Debate round 1
ERROR:backtest2.agents.llm_client:Failed to generate structured response: Object of type DecisionContext is not JSON serializable
INFO:backtest2.agents.orchestrator:Phase 4: Trading Decision
ERROR:Agent.Trader:Agent Trader processing failed: 'DecisionContext' object has no attribute 'get'
INFO:backtest2.agents.orchestrator:Phase 5: Risk Assessment
ERROR:backtest2.agents.llm_client:Failed to generate structured response: Object of type DecisionContext is not JSON serializable
ERROR:backtest2.agents.llm_client:Failed to generate structured response: Object of type DecisionContext is not JSON serializable
ERROR:backtest2.agents.llm_client:Failed to generate structured response: Object of type DecisionContext is not JSON serializable
INFO:backtest2.agents.orchestrator:Risk discussion round 1
ERROR:Agent.Aggressive Risk Debator:Agent Aggressive Risk Debator processing failed: 'NoneType' object has no attribute 'cash'
ERROR:Agent.Conservative Risk Debator:Agent Conservative Risk Debator processing failed: 'NoneType' object has no attribute 'cash'
ERROR:Agent.Neutral Risk Debator:Agent Neutral Risk Debator processing failed: 'NoneType' object has no attribute 'cash'
INFO:backtest2.agents.orchestrator:Phase 6: Final Decision
ERROR:backtest2.agents.llm_client:Failed to generate structured response: Object of type DecisionContext is not JSON serializable
ERROR:backtest2.agents.orchestrator:Decision process failed: 'string (BUY/SELL/HOLD)' is not a valid TradeAction
Traceback (most recent call last):
  File "/Users/y-sato/TradingAgents2/backtest2/agents/orchestrator.py", line 271, in make_decision
    final_decision = await self._final_decision_phase(risk_assessment, context)
                     ^^^^^^^^^^^^^^^^^^^^^^^^^^^^^^^^^^^^^^^^^^^^^^^^^^^^^^^^^^
  File "/Users/y-sato/TradingAgents2/backtest2/agents/orchestrator.py", line 516, in _final_decision_phase
    action=TradeAction(final_output.content.get('action', 'HOLD')),
           ~~~~~~~~~~~^^^^^^^^^^^^^^^^^^^^^^^^^^^^^^^^^^^^^^^^^^^^
  File "/usr/local/Caskroom/miniconda/base/lib/python3.13/enum.py", line 726, in __call__
    return cls.__new__(cls, value)
           ~~~~~~~~~~~^^^^^^^^^^^^
  File "/usr/local/Caskroom/miniconda/base/lib/python3.13/enum.py", line 1203, in __new__
    raise ve_exc
ValueError: 'string (BUY/SELL/HOLD)' is not a valid TradeAction
INFO:backtest2.agents.orchestrator:Starting decision process 8a22330f-1d8f-43e0-ab2b-e746d91745aa for AAPL on 2025-05-12 00:00:00
INFO:backtest2.agents.orchestrator:Phase 1: Data Collection
ERROR:Agent.Market Analyst:Agent Market Analyst processing failed: 'DecisionContext' object has no attribute 'get'
ERROR:backtest2.agents.llm_client:Failed to generate structured response: Object of type DecisionContext is not JSON serializable
ERROR:backtest2.agents.llm_client:Failed to generate structured response: Object of type DecisionContext is not JSON serializable
ERROR:backtest2.agents.llm_client:Failed to generate structured response: Object of type DecisionContext is not JSON serializable
INFO:backtest2.agents.orchestrator:Phase 2: Investment Analysis
ERROR:backtest2.agents.llm_client:Failed to generate structured response: Object of type AgentOutput is not JSON serializable
ERROR:backtest2.agents.llm_client:Failed to generate structured response: Object of type AgentOutput is not JSON serializable
INFO:backtest2.agents.orchestrator:Phase 3: Investment Decision
INFO:backtest2.agents.orchestrator:Debate round 1
ERROR:backtest2.agents.llm_client:Failed to generate structured response: Object of type DecisionContext is not JSON serializable
INFO:backtest2.agents.orchestrator:Phase 4: Trading Decision
ERROR:Agent.Trader:Agent Trader processing failed: 'DecisionContext' object has no attribute 'get'
INFO:backtest2.agents.orchestrator:Phase 5: Risk Assessment
ERROR:backtest2.agents.llm_client:Failed to generate structured response: Object of type DecisionContext is not JSON serializable
ERROR:backtest2.agents.llm_client:Failed to generate structured response: Object of type DecisionContext is not JSON serializable
ERROR:backtest2.agents.llm_client:Failed to generate structured response: Object of type DecisionContext is not JSON serializable
INFO:backtest2.agents.orchestrator:Risk discussion round 1
ERROR:Agent.Aggressive Risk Debator:Agent Aggressive Risk Debator processing failed: 'NoneType' object has no attribute 'cash'
ERROR:Agent.Conservative Risk Debator:Agent Conservative Risk Debator processing failed: 'NoneType' object has no attribute 'cash'
ERROR:Agent.Neutral Risk Debator:Agent Neutral Risk Debator processing failed: 'NoneType' object has no attribute 'cash'
INFO:backtest2.agents.orchestrator:Phase 6: Final Decision
ERROR:backtest2.agents.llm_client:Failed to generate structured response: Object of type DecisionContext is not JSON serializable
ERROR:backtest2.agents.orchestrator:Decision process failed: 'string (BUY/SELL/HOLD)' is not a valid TradeAction
Traceback (most recent call last):
  File "/Users/y-sato/TradingAgents2/backtest2/agents/orchestrator.py", line 271, in make_decision
    final_decision = await self._final_decision_phase(risk_assessment, context)
                     ^^^^^^^^^^^^^^^^^^^^^^^^^^^^^^^^^^^^^^^^^^^^^^^^^^^^^^^^^^
  File "/Users/y-sato/TradingAgents2/backtest2/agents/orchestrator.py", line 516, in _final_decision_phase
    action=TradeAction(final_output.content.get('action', 'HOLD')),
           ~~~~~~~~~~~^^^^^^^^^^^^^^^^^^^^^^^^^^^^^^^^^^^^^^^^^^^^
  File "/usr/local/Caskroom/miniconda/base/lib/python3.13/enum.py", line 726, in __call__
    return cls.__new__(cls, value)
           ~~~~~~~~~~~^^^^^^^^^^^^
  File "/usr/local/Caskroom/miniconda/base/lib/python3.13/enum.py", line 1203, in __new__
    raise ve_exc
ValueError: 'string (BUY/SELL/HOLD)' is not a valid TradeAction
INFO:backtest2.agents.orchestrator:Starting decision process 26760b3d-ee61-4f57-a23d-5a305f4250c2 for AAPL on 2025-05-13 00:00:00
INFO:backtest2.agents.orchestrator:Phase 1: Data Collection
ERROR:Agent.Market Analyst:Agent Market Analyst processing failed: 'DecisionContext' object has no attribute 'get'
ERROR:backtest2.agents.llm_client:Failed to generate structured response: Object of type DecisionContext is not JSON serializable
ERROR:backtest2.agents.llm_client:Failed to generate structured response: Object of type DecisionContext is not JSON serializable
ERROR:backtest2.agents.llm_client:Failed to generate structured response: Object of type DecisionContext is not JSON serializable
INFO:backtest2.agents.orchestrator:Phase 2: Investment Analysis
ERROR:backtest2.agents.llm_client:Failed to generate structured response: Object of type AgentOutput is not JSON serializable
ERROR:backtest2.agents.llm_client:Failed to generate structured response: Object of type AgentOutput is not JSON serializable
INFO:backtest2.agents.orchestrator:Phase 3: Investment Decision
INFO:backtest2.agents.orchestrator:Debate round 1
ERROR:backtest2.agents.llm_client:Failed to generate structured response: Object of type DecisionContext is not JSON serializable
INFO:backtest2.agents.orchestrator:Phase 4: Trading Decision
ERROR:Agent.Trader:Agent Trader processing failed: 'DecisionContext' object has no attribute 'get'
INFO:backtest2.agents.orchestrator:Phase 5: Risk Assessment
ERROR:backtest2.agents.llm_client:Failed to generate structured response: Object of type DecisionContext is not JSON serializable
ERROR:backtest2.agents.llm_client:Failed to generate structured response: Object of type DecisionContext is not JSON serializable
ERROR:backtest2.agents.llm_client:Failed to generate structured response: Object of type DecisionContext is not JSON serializable
INFO:backtest2.agents.orchestrator:Risk discussion round 1
ERROR:Agent.Aggressive Risk Debator:Agent Aggressive Risk Debator processing failed: 'NoneType' object has no attribute 'cash'
ERROR:Agent.Conservative Risk Debator:Agent Conservative Risk Debator processing failed: 'NoneType' object has no attribute 'cash'
ERROR:Agent.Neutral Risk Debator:Agent Neutral Risk Debator processing failed: 'NoneType' object has no attribute 'cash'
INFO:backtest2.agents.orchestrator:Phase 6: Final Decision
ERROR:backtest2.agents.llm_client:Failed to generate structured response: Object of type DecisionContext is not JSON serializable
ERROR:backtest2.agents.orchestrator:Decision process failed: 'string (BUY/SELL/HOLD)' is not a valid TradeAction
Traceback (most recent call last):
  File "/Users/y-sato/TradingAgents2/backtest2/agents/orchestrator.py", line 271, in make_decision
    final_decision = await self._final_decision_phase(risk_assessment, context)
                     ^^^^^^^^^^^^^^^^^^^^^^^^^^^^^^^^^^^^^^^^^^^^^^^^^^^^^^^^^^
  File "/Users/y-sato/TradingAgents2/backtest2/agents/orchestrator.py", line 516, in _final_decision_phase
    action=TradeAction(final_output.content.get('action', 'HOLD')),
           ~~~~~~~~~~~^^^^^^^^^^^^^^^^^^^^^^^^^^^^^^^^^^^^^^^^^^^^
  File "/usr/local/Caskroom/miniconda/base/lib/python3.13/enum.py", line 726, in __call__
    return cls.__new__(cls, value)
           ~~~~~~~~~~~^^^^^^^^^^^^
  File "/usr/local/Caskroom/miniconda/base/lib/python3.13/enum.py", line 1203, in __new__
    raise ve_exc
ValueError: 'string (BUY/SELL/HOLD)' is not a valid TradeAction
INFO:backtest2.agents.orchestrator:Starting decision process 603e5691-4f3c-4b33-aa44-9400739aac32 for AAPL on 2025-05-14 00:00:00
INFO:backtest2.agents.orchestrator:Phase 1: Data Collection
ERROR:Agent.Market Analyst:Agent Market Analyst processing failed: 'DecisionContext' object has no attribute 'get'
ERROR:backtest2.agents.llm_client:Failed to generate structured response: Object of type DecisionContext is not JSON serializable
ERROR:backtest2.agents.llm_client:Failed to generate structured response: Object of type DecisionContext is not JSON serializable
ERROR:backtest2.agents.llm_client:Failed to generate structured response: Object of type DecisionContext is not JSON serializable
INFO:backtest2.agents.orchestrator:Phase 2: Investment Analysis
ERROR:backtest2.agents.llm_client:Failed to generate structured response: Object of type AgentOutput is not JSON serializable
ERROR:backtest2.agents.llm_client:Failed to generate structured response: Object of type AgentOutput is not JSON serializable
INFO:backtest2.agents.orchestrator:Phase 3: Investment Decision
INFO:backtest2.agents.orchestrator:Debate round 1
ERROR:backtest2.agents.llm_client:Failed to generate structured response: Object of type DecisionContext is not JSON serializable
INFO:backtest2.agents.orchestrator:Phase 4: Trading Decision
ERROR:Agent.Trader:Agent Trader processing failed: 'DecisionContext' object has no attribute 'get'
INFO:backtest2.agents.orchestrator:Phase 5: Risk Assessment
ERROR:backtest2.agents.llm_client:Failed to generate structured response: Object of type DecisionContext is not JSON serializable
ERROR:backtest2.agents.llm_client:Failed to generate structured response: Object of type DecisionContext is not JSON serializable
ERROR:backtest2.agents.llm_client:Failed to generate structured response: Object of type DecisionContext is not JSON serializable
INFO:backtest2.agents.orchestrator:Risk discussion round 1
ERROR:Agent.Aggressive Risk Debator:Agent Aggressive Risk Debator processing failed: 'NoneType' object has no attribute 'cash'
ERROR:Agent.Conservative Risk Debator:Agent Conservative Risk Debator processing failed: 'NoneType' object has no attribute 'cash'
ERROR:Agent.Neutral Risk Debator:Agent Neutral Risk Debator processing failed: 'NoneType' object has no attribute 'cash'
INFO:backtest2.agents.orchestrator:Phase 6: Final Decision
ERROR:backtest2.agents.llm_client:Failed to generate structured response: Object of type DecisionContext is not JSON serializable
ERROR:backtest2.agents.orchestrator:Decision process failed: 'string (BUY/SELL/HOLD)' is not a valid TradeAction
Traceback (most recent call last):
  File "/Users/y-sato/TradingAgents2/backtest2/agents/orchestrator.py", line 271, in make_decision
    final_decision = await self._final_decision_phase(risk_assessment, context)
                     ^^^^^^^^^^^^^^^^^^^^^^^^^^^^^^^^^^^^^^^^^^^^^^^^^^^^^^^^^^
  File "/Users/y-sato/TradingAgents2/backtest2/agents/orchestrator.py", line 516, in _final_decision_phase
    action=TradeAction(final_output.content.get('action', 'HOLD')),
           ~~~~~~~~~~~^^^^^^^^^^^^^^^^^^^^^^^^^^^^^^^^^^^^^^^^^^^^
  File "/usr/local/Caskroom/miniconda/base/lib/python3.13/enum.py", line 726, in __call__
    return cls.__new__(cls, value)
           ~~~~~~~~~~~^^^^^^^^^^^^
  File "/usr/local/Caskroom/miniconda/base/lib/python3.13/enum.py", line 1203, in __new__
    raise ve_exc
ValueError: 'string (BUY/SELL/HOLD)' is not a valid TradeAction
INFO:backtest2.agents.orchestrator:Starting decision process 228c506e-b3f8-4703-9711-9e7bd2688a7d for AAPL on 2025-05-15 00:00:00
INFO:backtest2.agents.orchestrator:Phase 1: Data Collection
ERROR:Agent.Market Analyst:Agent Market Analyst processing failed: 'DecisionContext' object has no attribute 'get'
ERROR:backtest2.agents.llm_client:Failed to generate structured response: Object of type DecisionContext is not JSON serializable
ERROR:backtest2.agents.llm_client:Failed to generate structured response: Object of type DecisionContext is not JSON serializable
ERROR:backtest2.agents.llm_client:Failed to generate structured response: Object of type DecisionContext is not JSON serializable
INFO:backtest2.agents.orchestrator:Phase 2: Investment Analysis
ERROR:backtest2.agents.llm_client:Failed to generate structured response: Object of type AgentOutput is not JSON serializable
ERROR:backtest2.agents.llm_client:Failed to generate structured response: Object of type AgentOutput is not JSON serializable
INFO:backtest2.agents.orchestrator:Phase 3: Investment Decision
INFO:backtest2.agents.orchestrator:Debate round 1
ERROR:backtest2.agents.llm_client:Failed to generate structured response: Object of type DecisionContext is not JSON serializable
INFO:backtest2.agents.orchestrator:Phase 4: Trading Decision
ERROR:Agent.Trader:Agent Trader processing failed: 'DecisionContext' object has no attribute 'get'
INFO:backtest2.agents.orchestrator:Phase 5: Risk Assessment
ERROR:backtest2.agents.llm_client:Failed to generate structured response: Object of type DecisionContext is not JSON serializable
ERROR:backtest2.agents.llm_client:Failed to generate structured response: Object of type DecisionContext is not JSON serializable
ERROR:backtest2.agents.llm_client:Failed to generate structured response: Object of type DecisionContext is not JSON serializable
INFO:backtest2.agents.orchestrator:Risk discussion round 1
ERROR:Agent.Aggressive Risk Debator:Agent Aggressive Risk Debator processing failed: 'NoneType' object has no attribute 'cash'
ERROR:Agent.Conservative Risk Debator:Agent Conservative Risk Debator processing failed: 'NoneType' object has no attribute 'cash'
ERROR:Agent.Neutral Risk Debator:Agent Neutral Risk Debator processing failed: 'NoneType' object has no attribute 'cash'
INFO:backtest2.agents.orchestrator:Phase 6: Final Decision
ERROR:backtest2.agents.llm_client:Failed to generate structured response: Object of type DecisionContext is not JSON serializable
ERROR:backtest2.agents.orchestrator:Decision process failed: 'string (BUY/SELL/HOLD)' is not a valid TradeAction
Traceback (most recent call last):
  File "/Users/y-sato/TradingAgents2/backtest2/agents/orchestrator.py", line 271, in make_decision
    final_decision = await self._final_decision_phase(risk_assessment, context)
                     ^^^^^^^^^^^^^^^^^^^^^^^^^^^^^^^^^^^^^^^^^^^^^^^^^^^^^^^^^^
  File "/Users/y-sato/TradingAgents2/backtest2/agents/orchestrator.py", line 516, in _final_decision_phase
    action=TradeAction(final_output.content.get('action', 'HOLD')),
           ~~~~~~~~~~~^^^^^^^^^^^^^^^^^^^^^^^^^^^^^^^^^^^^^^^^^^^^
  File "/usr/local/Caskroom/miniconda/base/lib/python3.13/enum.py", line 726, in __call__
    return cls.__new__(cls, value)
           ~~~~~~~~~~~^^^^^^^^^^^^
  File "/usr/local/Caskroom/miniconda/base/lib/python3.13/enum.py", line 1203, in __new__
    raise ve_exc
ValueError: 'string (BUY/SELL/HOLD)' is not a valid TradeAction
INFO:backtest2.agents.orchestrator:Starting decision process de1d3d04-9f39-41bc-9416-4281839af34d for AAPL on 2025-05-16 00:00:00
INFO:backtest2.agents.orchestrator:Phase 1: Data Collection
ERROR:Agent.Market Analyst:Agent Market Analyst processing failed: 'DecisionContext' object has no attribute 'get'
ERROR:backtest2.agents.llm_client:Failed to generate structured response: Object of type DecisionContext is not JSON serializable
ERROR:backtest2.agents.llm_client:Failed to generate structured response: Object of type DecisionContext is not JSON serializable
ERROR:backtest2.agents.llm_client:Failed to generate structured response: Object of type DecisionContext is not JSON serializable
INFO:backtest2.agents.orchestrator:Phase 2: Investment Analysis
ERROR:backtest2.agents.llm_client:Failed to generate structured response: Object of type AgentOutput is not JSON serializable
ERROR:backtest2.agents.llm_client:Failed to generate structured response: Object of type AgentOutput is not JSON serializable
INFO:backtest2.agents.orchestrator:Phase 3: Investment Decision
INFO:backtest2.agents.orchestrator:Debate round 1
ERROR:backtest2.agents.llm_client:Failed to generate structured response: Object of type DecisionContext is not JSON serializable
INFO:backtest2.agents.orchestrator:Phase 4: Trading Decision
ERROR:Agent.Trader:Agent Trader processing failed: 'DecisionContext' object has no attribute 'get'
INFO:backtest2.agents.orchestrator:Phase 5: Risk Assessment
ERROR:backtest2.agents.llm_client:Failed to generate structured response: Object of type DecisionContext is not JSON serializable
ERROR:backtest2.agents.llm_client:Failed to generate structured response: Object of type DecisionContext is not JSON serializable
ERROR:backtest2.agents.llm_client:Failed to generate structured response: Object of type DecisionContext is not JSON serializable
INFO:backtest2.agents.orchestrator:Risk discussion round 1
ERROR:Agent.Aggressive Risk Debator:Agent Aggressive Risk Debator processing failed: 'NoneType' object has no attribute 'cash'
ERROR:Agent.Conservative Risk Debator:Agent Conservative Risk Debator processing failed: 'NoneType' object has no attribute 'cash'
ERROR:Agent.Neutral Risk Debator:Agent Neutral Risk Debator processing failed: 'NoneType' object has no attribute 'cash'
INFO:backtest2.agents.orchestrator:Phase 6: Final Decision
ERROR:backtest2.agents.llm_client:Failed to generate structured response: Object of type DecisionContext is not JSON serializable
ERROR:backtest2.agents.orchestrator:Decision process failed: 'string (BUY/SELL/HOLD)' is not a valid TradeAction
Traceback (most recent call last):
  File "/Users/y-sato/TradingAgents2/backtest2/agents/orchestrator.py", line 271, in make_decision
    final_decision = await self._final_decision_phase(risk_assessment, context)
                     ^^^^^^^^^^^^^^^^^^^^^^^^^^^^^^^^^^^^^^^^^^^^^^^^^^^^^^^^^^
  File "/Users/y-sato/TradingAgents2/backtest2/agents/orchestrator.py", line 516, in _final_decision_phase
    action=TradeAction(final_output.content.get('action', 'HOLD')),
           ~~~~~~~~~~~^^^^^^^^^^^^^^^^^^^^^^^^^^^^^^^^^^^^^^^^^^^^
  File "/usr/local/Caskroom/miniconda/base/lib/python3.13/enum.py", line 726, in __call__
    return cls.__new__(cls, value)
           ~~~~~~~~~~~^^^^^^^^^^^^
  File "/usr/local/Caskroom/miniconda/base/lib/python3.13/enum.py", line 1203, in __new__
    raise ve_exc
ValueError: 'string (BUY/SELL/HOLD)' is not a valid TradeAction
INFO:backtest2.agents.orchestrator:Starting decision process 1aad7e8c-4c9a-4211-af18-5affa4e459ff for AAPL on 2025-05-19 00:00:00
INFO:backtest2.agents.orchestrator:Phase 1: Data Collection
ERROR:Agent.Market Analyst:Agent Market Analyst processing failed: 'DecisionContext' object has no attribute 'get'
ERROR:backtest2.agents.llm_client:Failed to generate structured response: Object of type DecisionContext is not JSON serializable
ERROR:backtest2.agents.llm_client:Failed to generate structured response: Object of type DecisionContext is not JSON serializable
ERROR:backtest2.agents.llm_client:Failed to generate structured response: Object of type DecisionContext is not JSON serializable
INFO:backtest2.agents.orchestrator:Phase 2: Investment Analysis
ERROR:backtest2.agents.llm_client:Failed to generate structured response: Object of type AgentOutput is not JSON serializable
ERROR:backtest2.agents.llm_client:Failed to generate structured response: Object of type AgentOutput is not JSON serializable
INFO:backtest2.agents.orchestrator:Phase 3: Investment Decision
INFO:backtest2.agents.orchestrator:Debate round 1
ERROR:backtest2.agents.llm_client:Failed to generate structured response: Object of type DecisionContext is not JSON serializable
INFO:backtest2.agents.orchestrator:Phase 4: Trading Decision
ERROR:Agent.Trader:Agent Trader processing failed: 'DecisionContext' object has no attribute 'get'
INFO:backtest2.agents.orchestrator:Phase 5: Risk Assessment
ERROR:backtest2.agents.llm_client:Failed to generate structured response: Object of type DecisionContext is not JSON serializable
ERROR:backtest2.agents.llm_client:Failed to generate structured response: Object of type DecisionContext is not JSON serializable
ERROR:backtest2.agents.llm_client:Failed to generate structured response: Object of type DecisionContext is not JSON serializable
INFO:backtest2.agents.orchestrator:Risk discussion round 1
ERROR:Agent.Aggressive Risk Debator:Agent Aggressive Risk Debator processing failed: 'NoneType' object has no attribute 'cash'
ERROR:Agent.Conservative Risk Debator:Agent Conservative Risk Debator processing failed: 'NoneType' object has no attribute 'cash'
ERROR:Agent.Neutral Risk Debator:Agent Neutral Risk Debator processing failed: 'NoneType' object has no attribute 'cash'
INFO:backtest2.agents.orchestrator:Phase 6: Final Decision
ERROR:backtest2.agents.llm_client:Failed to generate structured response: Object of type DecisionContext is not JSON serializable
ERROR:backtest2.agents.orchestrator:Decision process failed: 'string (BUY/SELL/HOLD)' is not a valid TradeAction
Traceback (most recent call last):
  File "/Users/y-sato/TradingAgents2/backtest2/agents/orchestrator.py", line 271, in make_decision
    final_decision = await self._final_decision_phase(risk_assessment, context)
                     ^^^^^^^^^^^^^^^^^^^^^^^^^^^^^^^^^^^^^^^^^^^^^^^^^^^^^^^^^^
  File "/Users/y-sato/TradingAgents2/backtest2/agents/orchestrator.py", line 516, in _final_decision_phase
    action=TradeAction(final_output.content.get('action', 'HOLD')),
           ~~~~~~~~~~~^^^^^^^^^^^^^^^^^^^^^^^^^^^^^^^^^^^^^^^^^^^^
  File "/usr/local/Caskroom/miniconda/base/lib/python3.13/enum.py", line 726, in __call__
    return cls.__new__(cls, value)
           ~~~~~~~~~~~^^^^^^^^^^^^
  File "/usr/local/Caskroom/miniconda/base/lib/python3.13/enum.py", line 1203, in __new__
    raise ve_exc
ValueError: 'string (BUY/SELL/HOLD)' is not a valid TradeAction
INFO:backtest2.agents.orchestrator:Starting decision process 8794c8f4-59dc-4df5-b5ba-1f146de762a7 for AAPL on 2025-05-20 00:00:00
INFO:backtest2.agents.orchestrator:Phase 1: Data Collection
ERROR:Agent.Market Analyst:Agent Market Analyst processing failed: 'DecisionContext' object has no attribute 'get'
ERROR:backtest2.agents.llm_client:Failed to generate structured response: Object of type DecisionContext is not JSON serializable
ERROR:backtest2.agents.llm_client:Failed to generate structured response: Object of type DecisionContext is not JSON serializable
ERROR:backtest2.agents.llm_client:Failed to generate structured response: Object of type DecisionContext is not JSON serializable
INFO:backtest2.agents.orchestrator:Phase 2: Investment Analysis
ERROR:backtest2.agents.llm_client:Failed to generate structured response: Object of type AgentOutput is not JSON serializable
ERROR:backtest2.agents.llm_client:Failed to generate structured response: Object of type AgentOutput is not JSON serializable
INFO:backtest2.agents.orchestrator:Phase 3: Investment Decision
INFO:backtest2.agents.orchestrator:Debate round 1
ERROR:backtest2.agents.llm_client:Failed to generate structured response: Object of type DecisionContext is not JSON serializable
INFO:backtest2.agents.orchestrator:Phase 4: Trading Decision
ERROR:Agent.Trader:Agent Trader processing failed: 'DecisionContext' object has no attribute 'get'
INFO:backtest2.agents.orchestrator:Phase 5: Risk Assessment
ERROR:backtest2.agents.llm_client:Failed to generate structured response: Object of type DecisionContext is not JSON serializable
ERROR:backtest2.agents.llm_client:Failed to generate structured response: Object of type DecisionContext is not JSON serializable
ERROR:backtest2.agents.llm_client:Failed to generate structured response: Object of type DecisionContext is not JSON serializable
INFO:backtest2.agents.orchestrator:Risk discussion round 1
ERROR:Agent.Aggressive Risk Debator:Agent Aggressive Risk Debator processing failed: 'NoneType' object has no attribute 'cash'
ERROR:Agent.Conservative Risk Debator:Agent Conservative Risk Debator processing failed: 'NoneType' object has no attribute 'cash'
ERROR:Agent.Neutral Risk Debator:Agent Neutral Risk Debator processing failed: 'NoneType' object has no attribute 'cash'
INFO:backtest2.agents.orchestrator:Phase 6: Final Decision
ERROR:backtest2.agents.llm_client:Failed to generate structured response: Object of type DecisionContext is not JSON serializable
ERROR:backtest2.agents.orchestrator:Decision process failed: 'string (BUY/SELL/HOLD)' is not a valid TradeAction
Traceback (most recent call last):
  File "/Users/y-sato/TradingAgents2/backtest2/agents/orchestrator.py", line 271, in make_decision
    final_decision = await self._final_decision_phase(risk_assessment, context)
                     ^^^^^^^^^^^^^^^^^^^^^^^^^^^^^^^^^^^^^^^^^^^^^^^^^^^^^^^^^^
  File "/Users/y-sato/TradingAgents2/backtest2/agents/orchestrator.py", line 516, in _final_decision_phase
    action=TradeAction(final_output.content.get('action', 'HOLD')),
           ~~~~~~~~~~~^^^^^^^^^^^^^^^^^^^^^^^^^^^^^^^^^^^^^^^^^^^^
  File "/usr/local/Caskroom/miniconda/base/lib/python3.13/enum.py", line 726, in __call__
    return cls.__new__(cls, value)
           ~~~~~~~~~~~^^^^^^^^^^^^
  File "/usr/local/Caskroom/miniconda/base/lib/python3.13/enum.py", line 1203, in __new__
    raise ve_exc
ValueError: 'string (BUY/SELL/HOLD)' is not a valid TradeAction
INFO:backtest2.agents.orchestrator:Starting decision process 66f049bc-a371-4ff8-9f0c-ddc50a3db279 for AAPL on 2025-05-21 00:00:00
INFO:backtest2.agents.orchestrator:Phase 1: Data Collection
ERROR:Agent.Market Analyst:Agent Market Analyst processing failed: 'DecisionContext' object has no attribute 'get'
ERROR:backtest2.agents.llm_client:Failed to generate structured response: Object of type DecisionContext is not JSON serializable
ERROR:backtest2.agents.llm_client:Failed to generate structured response: Object of type DecisionContext is not JSON serializable
ERROR:backtest2.agents.llm_client:Failed to generate structured response: Object of type DecisionContext is not JSON serializable
INFO:backtest2.agents.orchestrator:Phase 2: Investment Analysis
ERROR:backtest2.agents.llm_client:Failed to generate structured response: Object of type AgentOutput is not JSON serializable
ERROR:backtest2.agents.llm_client:Failed to generate structured response: Object of type AgentOutput is not JSON serializable
INFO:backtest2.agents.orchestrator:Phase 3: Investment Decision
INFO:backtest2.agents.orchestrator:Debate round 1
ERROR:backtest2.agents.llm_client:Failed to generate structured response: Object of type DecisionContext is not JSON serializable
INFO:backtest2.agents.orchestrator:Phase 4: Trading Decision
ERROR:Agent.Trader:Agent Trader processing failed: 'DecisionContext' object has no attribute 'get'
INFO:backtest2.agents.orchestrator:Phase 5: Risk Assessment
ERROR:backtest2.agents.llm_client:Failed to generate structured response: Object of type DecisionContext is not JSON serializable
ERROR:backtest2.agents.llm_client:Failed to generate structured response: Object of type DecisionContext is not JSON serializable
ERROR:backtest2.agents.llm_client:Failed to generate structured response: Object of type DecisionContext is not JSON serializable
INFO:backtest2.agents.orchestrator:Risk discussion round 1
ERROR:Agent.Aggressive Risk Debator:Agent Aggressive Risk Debator processing failed: 'NoneType' object has no attribute 'cash'
ERROR:Agent.Conservative Risk Debator:Agent Conservative Risk Debator processing failed: 'NoneType' object has no attribute 'cash'
ERROR:Agent.Neutral Risk Debator:Agent Neutral Risk Debator processing failed: 'NoneType' object has no attribute 'cash'
INFO:backtest2.agents.orchestrator:Phase 6: Final Decision
ERROR:backtest2.agents.llm_client:Failed to generate structured response: Object of type DecisionContext is not JSON serializable
ERROR:backtest2.agents.orchestrator:Decision process failed: 'string (BUY/SELL/HOLD)' is not a valid TradeAction
Traceback (most recent call last):
  File "/Users/y-sato/TradingAgents2/backtest2/agents/orchestrator.py", line 271, in make_decision
    final_decision = await self._final_decision_phase(risk_assessment, context)
                     ^^^^^^^^^^^^^^^^^^^^^^^^^^^^^^^^^^^^^^^^^^^^^^^^^^^^^^^^^^
  File "/Users/y-sato/TradingAgents2/backtest2/agents/orchestrator.py", line 516, in _final_decision_phase
    action=TradeAction(final_output.content.get('action', 'HOLD')),
           ~~~~~~~~~~~^^^^^^^^^^^^^^^^^^^^^^^^^^^^^^^^^^^^^^^^^^^^
  File "/usr/local/Caskroom/miniconda/base/lib/python3.13/enum.py", line 726, in __call__
    return cls.__new__(cls, value)
           ~~~~~~~~~~~^^^^^^^^^^^^
  File "/usr/local/Caskroom/miniconda/base/lib/python3.13/enum.py", line 1203, in __new__
    raise ve_exc
ValueError: 'string (BUY/SELL/HOLD)' is not a valid TradeAction
INFO:backtest2.agents.orchestrator:Starting decision process 37795b3b-1aa2-4387-aa2d-67cb26d1ca60 for AAPL on 2025-05-22 00:00:00
INFO:backtest2.agents.orchestrator:Phase 1: Data Collection
ERROR:Agent.Market Analyst:Agent Market Analyst processing failed: 'DecisionContext' object has no attribute 'get'
ERROR:backtest2.agents.llm_client:Failed to generate structured response: Object of type DecisionContext is not JSON serializable
ERROR:backtest2.agents.llm_client:Failed to generate structured response: Object of type DecisionContext is not JSON serializable
ERROR:backtest2.agents.llm_client:Failed to generate structured response: Object of type DecisionContext is not JSON serializable
INFO:backtest2.agents.orchestrator:Phase 2: Investment Analysis
ERROR:backtest2.agents.llm_client:Failed to generate structured response: Object of type AgentOutput is not JSON serializable
ERROR:backtest2.agents.llm_client:Failed to generate structured response: Object of type AgentOutput is not JSON serializable
INFO:backtest2.agents.orchestrator:Phase 3: Investment Decision
INFO:backtest2.agents.orchestrator:Debate round 1
ERROR:backtest2.agents.llm_client:Failed to generate structured response: Object of type DecisionContext is not JSON serializable
INFO:backtest2.agents.orchestrator:Phase 4: Trading Decision
ERROR:Agent.Trader:Agent Trader processing failed: 'DecisionContext' object has no attribute 'get'
INFO:backtest2.agents.orchestrator:Phase 5: Risk Assessment
ERROR:backtest2.agents.llm_client:Failed to generate structured response: Object of type DecisionContext is not JSON serializable
ERROR:backtest2.agents.llm_client:Failed to generate structured response: Object of type DecisionContext is not JSON serializable
ERROR:backtest2.agents.llm_client:Failed to generate structured response: Object of type DecisionContext is not JSON serializable
INFO:backtest2.agents.orchestrator:Risk discussion round 1
ERROR:Agent.Aggressive Risk Debator:Agent Aggressive Risk Debator processing failed: 'NoneType' object has no attribute 'cash'
ERROR:Agent.Conservative Risk Debator:Agent Conservative Risk Debator processing failed: 'NoneType' object has no attribute 'cash'
ERROR:Agent.Neutral Risk Debator:Agent Neutral Risk Debator processing failed: 'NoneType' object has no attribute 'cash'
INFO:backtest2.agents.orchestrator:Phase 6: Final Decision
ERROR:backtest2.agents.llm_client:Failed to generate structured response: Object of type DecisionContext is not JSON serializable
ERROR:backtest2.agents.orchestrator:Decision process failed: 'string (BUY/SELL/HOLD)' is not a valid TradeAction
Traceback (most recent call last):
  File "/Users/y-sato/TradingAgents2/backtest2/agents/orchestrator.py", line 271, in make_decision
    final_decision = await self._final_decision_phase(risk_assessment, context)
                     ^^^^^^^^^^^^^^^^^^^^^^^^^^^^^^^^^^^^^^^^^^^^^^^^^^^^^^^^^^
  File "/Users/y-sato/TradingAgents2/backtest2/agents/orchestrator.py", line 516, in _final_decision_phase
    action=TradeAction(final_output.content.get('action', 'HOLD')),
           ~~~~~~~~~~~^^^^^^^^^^^^^^^^^^^^^^^^^^^^^^^^^^^^^^^^^^^^
  File "/usr/local/Caskroom/miniconda/base/lib/python3.13/enum.py", line 726, in __call__
    return cls.__new__(cls, value)
           ~~~~~~~~~~~^^^^^^^^^^^^
  File "/usr/local/Caskroom/miniconda/base/lib/python3.13/enum.py", line 1203, in __new__
    raise ve_exc
ValueError: 'string (BUY/SELL/HOLD)' is not a valid TradeAction
INFO:backtest2.agents.orchestrator:Starting decision process 6e0319e5-2b24-4a9b-82c5-3f874750cfe9 for AAPL on 2025-05-23 00:00:00
INFO:backtest2.agents.orchestrator:Phase 1: Data Collection
ERROR:Agent.Market Analyst:Agent Market Analyst processing failed: 'DecisionContext' object has no attribute 'get'
ERROR:backtest2.agents.llm_client:Failed to generate structured response: Object of type DecisionContext is not JSON serializable
ERROR:backtest2.agents.llm_client:Failed to generate structured response: Object of type DecisionContext is not JSON serializable
ERROR:backtest2.agents.llm_client:Failed to generate structured response: Object of type DecisionContext is not JSON serializable
INFO:backtest2.agents.orchestrator:Phase 2: Investment Analysis
ERROR:backtest2.agents.llm_client:Failed to generate structured response: Object of type AgentOutput is not JSON serializable
ERROR:backtest2.agents.llm_client:Failed to generate structured response: Object of type AgentOutput is not JSON serializable
INFO:backtest2.agents.orchestrator:Phase 3: Investment Decision
INFO:backtest2.agents.orchestrator:Debate round 1
ERROR:backtest2.agents.llm_client:Failed to generate structured response: Object of type DecisionContext is not JSON serializable
INFO:backtest2.agents.orchestrator:Phase 4: Trading Decision
ERROR:Agent.Trader:Agent Trader processing failed: 'DecisionContext' object has no attribute 'get'
INFO:backtest2.agents.orchestrator:Phase 5: Risk Assessment
ERROR:backtest2.agents.llm_client:Failed to generate structured response: Object of type DecisionContext is not JSON serializable
ERROR:backtest2.agents.llm_client:Failed to generate structured response: Object of type DecisionContext is not JSON serializable
ERROR:backtest2.agents.llm_client:Failed to generate structured response: Object of type DecisionContext is not JSON serializable
INFO:backtest2.agents.orchestrator:Risk discussion round 1
ERROR:Agent.Aggressive Risk Debator:Agent Aggressive Risk Debator processing failed: 'NoneType' object has no attribute 'cash'
ERROR:Agent.Conservative Risk Debator:Agent Conservative Risk Debator processing failed: 'NoneType' object has no attribute 'cash'
ERROR:Agent.Neutral Risk Debator:Agent Neutral Risk Debator processing failed: 'NoneType' object has no attribute 'cash'
INFO:backtest2.agents.orchestrator:Phase 6: Final Decision
ERROR:backtest2.agents.llm_client:Failed to generate structured response: Object of type DecisionContext is not JSON serializable
ERROR:backtest2.agents.orchestrator:Decision process failed: 'string (BUY/SELL/HOLD)' is not a valid TradeAction
Traceback (most recent call last):
  File "/Users/y-sato/TradingAgents2/backtest2/agents/orchestrator.py", line 271, in make_decision
    final_decision = await self._final_decision_phase(risk_assessment, context)
                     ^^^^^^^^^^^^^^^^^^^^^^^^^^^^^^^^^^^^^^^^^^^^^^^^^^^^^^^^^^
  File "/Users/y-sato/TradingAgents2/backtest2/agents/orchestrator.py", line 516, in _final_decision_phase
    action=TradeAction(final_output.content.get('action', 'HOLD')),
           ~~~~~~~~~~~^^^^^^^^^^^^^^^^^^^^^^^^^^^^^^^^^^^^^^^^^^^^
  File "/usr/local/Caskroom/miniconda/base/lib/python3.13/enum.py", line 726, in __call__
    return cls.__new__(cls, value)
           ~~~~~~~~~~~^^^^^^^^^^^^
  File "/usr/local/Caskroom/miniconda/base/lib/python3.13/enum.py", line 1203, in __new__
    raise ve_exc
ValueError: 'string (BUY/SELL/HOLD)' is not a valid TradeAction
INFO:backtest2.agents.orchestrator:Starting decision process 433a9619-1ac4-4f76-99a8-ae7a75f07297 for AAPL on 2025-05-26 00:00:00
INFO:backtest2.agents.orchestrator:Phase 1: Data Collection
ERROR:Agent.Market Analyst:Agent Market Analyst processing failed: 'DecisionContext' object has no attribute 'get'
ERROR:backtest2.agents.llm_client:Failed to generate structured response: Object of type DecisionContext is not JSON serializable
ERROR:backtest2.agents.llm_client:Failed to generate structured response: Object of type DecisionContext is not JSON serializable
ERROR:backtest2.agents.llm_client:Failed to generate structured response: Object of type DecisionContext is not JSON serializable
INFO:backtest2.agents.orchestrator:Phase 2: Investment Analysis
ERROR:backtest2.agents.llm_client:Failed to generate structured response: Object of type AgentOutput is not JSON serializable
ERROR:backtest2.agents.llm_client:Failed to generate structured response: Object of type AgentOutput is not JSON serializable
INFO:backtest2.agents.orchestrator:Phase 3: Investment Decision
INFO:backtest2.agents.orchestrator:Debate round 1
ERROR:backtest2.agents.llm_client:Failed to generate structured response: Object of type DecisionContext is not JSON serializable
INFO:backtest2.agents.orchestrator:Phase 4: Trading Decision
ERROR:Agent.Trader:Agent Trader processing failed: 'DecisionContext' object has no attribute 'get'
INFO:backtest2.agents.orchestrator:Phase 5: Risk Assessment
ERROR:backtest2.agents.llm_client:Failed to generate structured response: Object of type DecisionContext is not JSON serializable
ERROR:backtest2.agents.llm_client:Failed to generate structured response: Object of type DecisionContext is not JSON serializable
ERROR:backtest2.agents.llm_client:Failed to generate structured response: Object of type DecisionContext is not JSON serializable
INFO:backtest2.agents.orchestrator:Risk discussion round 1
ERROR:Agent.Aggressive Risk Debator:Agent Aggressive Risk Debator processing failed: 'NoneType' object has no attribute 'cash'
ERROR:Agent.Conservative Risk Debator:Agent Conservative Risk Debator processing failed: 'NoneType' object has no attribute 'cash'
ERROR:Agent.Neutral Risk Debator:Agent Neutral Risk Debator processing failed: 'NoneType' object has no attribute 'cash'
INFO:backtest2.agents.orchestrator:Phase 6: Final Decision
ERROR:backtest2.agents.llm_client:Failed to generate structured response: Object of type DecisionContext is not JSON serializable
ERROR:backtest2.agents.orchestrator:Decision process failed: 'string (BUY/SELL/HOLD)' is not a valid TradeAction
Traceback (most recent call last):
  File "/Users/y-sato/TradingAgents2/backtest2/agents/orchestrator.py", line 271, in make_decision
    final_decision = await self._final_decision_phase(risk_assessment, context)
                     ^^^^^^^^^^^^^^^^^^^^^^^^^^^^^^^^^^^^^^^^^^^^^^^^^^^^^^^^^^
  File "/Users/y-sato/TradingAgents2/backtest2/agents/orchestrator.py", line 516, in _final_decision_phase
    action=TradeAction(final_output.content.get('action', 'HOLD')),
           ~~~~~~~~~~~^^^^^^^^^^^^^^^^^^^^^^^^^^^^^^^^^^^^^^^^^^^^
  File "/usr/local/Caskroom/miniconda/base/lib/python3.13/enum.py", line 726, in __call__
    return cls.__new__(cls, value)
           ~~~~~~~~~~~^^^^^^^^^^^^
  File "/usr/local/Caskroom/miniconda/base/lib/python3.13/enum.py", line 1203, in __new__
    raise ve_exc
ValueError: 'string (BUY/SELL/HOLD)' is not a valid TradeAction
INFO:backtest2.agents.orchestrator:Starting decision process 0b4ad218-c147-46ac-bd40-1fdb83882eb1 for AAPL on 2025-05-27 00:00:00
INFO:backtest2.agents.orchestrator:Phase 1: Data Collection
ERROR:Agent.Market Analyst:Agent Market Analyst processing failed: 'DecisionContext' object has no attribute 'get'
ERROR:backtest2.agents.llm_client:Failed to generate structured response: Object of type DecisionContext is not JSON serializable
ERROR:backtest2.agents.llm_client:Failed to generate structured response: Object of type DecisionContext is not JSON serializable
ERROR:backtest2.agents.llm_client:Failed to generate structured response: Object of type DecisionContext is not JSON serializable
INFO:backtest2.agents.orchestrator:Phase 2: Investment Analysis
ERROR:backtest2.agents.llm_client:Failed to generate structured response: Object of type AgentOutput is not JSON serializable
ERROR:backtest2.agents.llm_client:Failed to generate structured response: Object of type AgentOutput is not JSON serializable
INFO:backtest2.agents.orchestrator:Phase 3: Investment Decision
INFO:backtest2.agents.orchestrator:Debate round 1
ERROR:backtest2.agents.llm_client:Failed to generate structured response: Object of type DecisionContext is not JSON serializable
INFO:backtest2.agents.orchestrator:Phase 4: Trading Decision
ERROR:Agent.Trader:Agent Trader processing failed: 'DecisionContext' object has no attribute 'get'
INFO:backtest2.agents.orchestrator:Phase 5: Risk Assessment
ERROR:backtest2.agents.llm_client:Failed to generate structured response: Object of type DecisionContext is not JSON serializable
ERROR:backtest2.agents.llm_client:Failed to generate structured response: Object of type DecisionContext is not JSON serializable
ERROR:backtest2.agents.llm_client:Failed to generate structured response: Object of type DecisionContext is not JSON serializable
INFO:backtest2.agents.orchestrator:Risk discussion round 1
ERROR:Agent.Aggressive Risk Debator:Agent Aggressive Risk Debator processing failed: 'NoneType' object has no attribute 'cash'
ERROR:Agent.Conservative Risk Debator:Agent Conservative Risk Debator processing failed: 'NoneType' object has no attribute 'cash'
ERROR:Agent.Neutral Risk Debator:Agent Neutral Risk Debator processing failed: 'NoneType' object has no attribute 'cash'
INFO:backtest2.agents.orchestrator:Phase 6: Final Decision
ERROR:backtest2.agents.llm_client:Failed to generate structured response: Object of type DecisionContext is not JSON serializable
ERROR:backtest2.agents.orchestrator:Decision process failed: 'string (BUY/SELL/HOLD)' is not a valid TradeAction
Traceback (most recent call last):
  File "/Users/y-sato/TradingAgents2/backtest2/agents/orchestrator.py", line 271, in make_decision
    final_decision = await self._final_decision_phase(risk_assessment, context)
                     ^^^^^^^^^^^^^^^^^^^^^^^^^^^^^^^^^^^^^^^^^^^^^^^^^^^^^^^^^^
  File "/Users/y-sato/TradingAgents2/backtest2/agents/orchestrator.py", line 516, in _final_decision_phase
    action=TradeAction(final_output.content.get('action', 'HOLD')),
           ~~~~~~~~~~~^^^^^^^^^^^^^^^^^^^^^^^^^^^^^^^^^^^^^^^^^^^^
  File "/usr/local/Caskroom/miniconda/base/lib/python3.13/enum.py", line 726, in __call__
    return cls.__new__(cls, value)
           ~~~~~~~~~~~^^^^^^^^^^^^
  File "/usr/local/Caskroom/miniconda/base/lib/python3.13/enum.py", line 1203, in __new__
    raise ve_exc
ValueError: 'string (BUY/SELL/HOLD)' is not a valid TradeAction
INFO:backtest2.agents.orchestrator:Starting decision process a81af4fa-04b7-426b-9b4c-ca555c8a90f5 for AAPL on 2025-05-28 00:00:00
INFO:backtest2.agents.orchestrator:Phase 1: Data Collection
ERROR:Agent.Market Analyst:Agent Market Analyst processing failed: 'DecisionContext' object has no attribute 'get'
ERROR:backtest2.agents.llm_client:Failed to generate structured response: Object of type DecisionContext is not JSON serializable
ERROR:backtest2.agents.llm_client:Failed to generate structured response: Object of type DecisionContext is not JSON serializable
ERROR:backtest2.agents.llm_client:Failed to generate structured response: Object of type DecisionContext is not JSON serializable
INFO:backtest2.agents.orchestrator:Phase 2: Investment Analysis
ERROR:backtest2.agents.llm_client:Failed to generate structured response: Object of type AgentOutput is not JSON serializable
ERROR:backtest2.agents.llm_client:Failed to generate structured response: Object of type AgentOutput is not JSON serializable
INFO:backtest2.agents.orchestrator:Phase 3: Investment Decision
INFO:backtest2.agents.orchestrator:Debate round 1
ERROR:backtest2.agents.llm_client:Failed to generate structured response: Object of type DecisionContext is not JSON serializable
INFO:backtest2.agents.orchestrator:Phase 4: Trading Decision
ERROR:Agent.Trader:Agent Trader processing failed: 'DecisionContext' object has no attribute 'get'
INFO:backtest2.agents.orchestrator:Phase 5: Risk Assessment
ERROR:backtest2.agents.llm_client:Failed to generate structured response: Object of type DecisionContext is not JSON serializable
ERROR:backtest2.agents.llm_client:Failed to generate structured response: Object of type DecisionContext is not JSON serializable
ERROR:backtest2.agents.llm_client:Failed to generate structured response: Object of type DecisionContext is not JSON serializable
INFO:backtest2.agents.orchestrator:Risk discussion round 1
ERROR:Agent.Aggressive Risk Debator:Agent Aggressive Risk Debator processing failed: 'NoneType' object has no attribute 'cash'
ERROR:Agent.Conservative Risk Debator:Agent Conservative Risk Debator processing failed: 'NoneType' object has no attribute 'cash'
ERROR:Agent.Neutral Risk Debator:Agent Neutral Risk Debator processing failed: 'NoneType' object has no attribute 'cash'
INFO:backtest2.agents.orchestrator:Phase 6: Final Decision
ERROR:backtest2.agents.llm_client:Failed to generate structured response: Object of type DecisionContext is not JSON serializable
ERROR:backtest2.agents.orchestrator:Decision process failed: 'string (BUY/SELL/HOLD)' is not a valid TradeAction
Traceback (most recent call last):
  File "/Users/y-sato/TradingAgents2/backtest2/agents/orchestrator.py", line 271, in make_decision
    final_decision = await self._final_decision_phase(risk_assessment, context)
                     ^^^^^^^^^^^^^^^^^^^^^^^^^^^^^^^^^^^^^^^^^^^^^^^^^^^^^^^^^^
  File "/Users/y-sato/TradingAgents2/backtest2/agents/orchestrator.py", line 516, in _final_decision_phase
    action=TradeAction(final_output.content.get('action', 'HOLD')),
           ~~~~~~~~~~~^^^^^^^^^^^^^^^^^^^^^^^^^^^^^^^^^^^^^^^^^^^^
  File "/usr/local/Caskroom/miniconda/base/lib/python3.13/enum.py", line 726, in __call__
    return cls.__new__(cls, value)
           ~~~~~~~~~~~^^^^^^^^^^^^
  File "/usr/local/Caskroom/miniconda/base/lib/python3.13/enum.py", line 1203, in __new__
    raise ve_exc
ValueError: 'string (BUY/SELL/HOLD)' is not a valid TradeAction
INFO:backtest2.agents.orchestrator:Starting decision process 1b619ab2-c0e5-4794-82f7-43a5d6dde17b for AAPL on 2025-05-29 00:00:00
INFO:backtest2.agents.orchestrator:Phase 1: Data Collection
ERROR:Agent.Market Analyst:Agent Market Analyst processing failed: 'DecisionContext' object has no attribute 'get'
ERROR:backtest2.agents.llm_client:Failed to generate structured response: Object of type DecisionContext is not JSON serializable
ERROR:backtest2.agents.llm_client:Failed to generate structured response: Object of type DecisionContext is not JSON serializable
ERROR:backtest2.agents.llm_client:Failed to generate structured response: Object of type DecisionContext is not JSON serializable
INFO:backtest2.agents.orchestrator:Phase 2: Investment Analysis
ERROR:backtest2.agents.llm_client:Failed to generate structured response: Object of type AgentOutput is not JSON serializable
ERROR:backtest2.agents.llm_client:Failed to generate structured response: Object of type AgentOutput is not JSON serializable
INFO:backtest2.agents.orchestrator:Phase 3: Investment Decision
INFO:backtest2.agents.orchestrator:Debate round 1
ERROR:backtest2.agents.llm_client:Failed to generate structured response: Object of type DecisionContext is not JSON serializable
INFO:backtest2.agents.orchestrator:Phase 4: Trading Decision
ERROR:Agent.Trader:Agent Trader processing failed: 'DecisionContext' object has no attribute 'get'
INFO:backtest2.agents.orchestrator:Phase 5: Risk Assessment
ERROR:backtest2.agents.llm_client:Failed to generate structured response: Object of type DecisionContext is not JSON serializable
ERROR:backtest2.agents.llm_client:Failed to generate structured response: Object of type DecisionContext is not JSON serializable
ERROR:backtest2.agents.llm_client:Failed to generate structured response: Object of type DecisionContext is not JSON serializable
INFO:backtest2.agents.orchestrator:Risk discussion round 1
ERROR:Agent.Aggressive Risk Debator:Agent Aggressive Risk Debator processing failed: 'NoneType' object has no attribute 'cash'
ERROR:Agent.Conservative Risk Debator:Agent Conservative Risk Debator processing failed: 'NoneType' object has no attribute 'cash'
ERROR:Agent.Neutral Risk Debator:Agent Neutral Risk Debator processing failed: 'NoneType' object has no attribute 'cash'
INFO:backtest2.agents.orchestrator:Phase 6: Final Decision
ERROR:backtest2.agents.llm_client:Failed to generate structured response: Object of type DecisionContext is not JSON serializable
ERROR:backtest2.agents.orchestrator:Decision process failed: 'string (BUY/SELL/HOLD)' is not a valid TradeAction
Traceback (most recent call last):
  File "/Users/y-sato/TradingAgents2/backtest2/agents/orchestrator.py", line 271, in make_decision
    final_decision = await self._final_decision_phase(risk_assessment, context)
                     ^^^^^^^^^^^^^^^^^^^^^^^^^^^^^^^^^^^^^^^^^^^^^^^^^^^^^^^^^^
  File "/Users/y-sato/TradingAgents2/backtest2/agents/orchestrator.py", line 516, in _final_decision_phase
    action=TradeAction(final_output.content.get('action', 'HOLD')),
           ~~~~~~~~~~~^^^^^^^^^^^^^^^^^^^^^^^^^^^^^^^^^^^^^^^^^^^^
  File "/usr/local/Caskroom/miniconda/base/lib/python3.13/enum.py", line 726, in __call__
    return cls.__new__(cls, value)
           ~~~~~~~~~~~^^^^^^^^^^^^
  File "/usr/local/Caskroom/miniconda/base/lib/python3.13/enum.py", line 1203, in __new__
    raise ve_exc
ValueError: 'string (BUY/SELL/HOLD)' is not a valid TradeAction
INFO:backtest2.agents.orchestrator:Starting decision process 1ade7275-3ea5-4d8f-9076-82fc594ba07c for AAPL on 2025-05-30 00:00:00
INFO:backtest2.agents.orchestrator:Phase 1: Data Collection
ERROR:Agent.Market Analyst:Agent Market Analyst processing failed: 'DecisionContext' object has no attribute 'get'
ERROR:backtest2.agents.llm_client:Failed to generate structured response: Object of type DecisionContext is not JSON serializable
ERROR:backtest2.agents.llm_client:Failed to generate structured response: Object of type DecisionContext is not JSON serializable
ERROR:backtest2.agents.llm_client:Failed to generate structured response: Object of type DecisionContext is not JSON serializable
INFO:backtest2.agents.orchestrator:Phase 2: Investment Analysis
ERROR:backtest2.agents.llm_client:Failed to generate structured response: Object of type AgentOutput is not JSON serializable
ERROR:backtest2.agents.llm_client:Failed to generate structured response: Object of type AgentOutput is not JSON serializable
INFO:backtest2.agents.orchestrator:Phase 3: Investment Decision
INFO:backtest2.agents.orchestrator:Debate round 1
ERROR:backtest2.agents.llm_client:Failed to generate structured response: Object of type DecisionContext is not JSON serializable
INFO:backtest2.agents.orchestrator:Phase 4: Trading Decision
ERROR:Agent.Trader:Agent Trader processing failed: 'DecisionContext' object has no attribute 'get'
INFO:backtest2.agents.orchestrator:Phase 5: Risk Assessment
ERROR:backtest2.agents.llm_client:Failed to generate structured response: Object of type DecisionContext is not JSON serializable
ERROR:backtest2.agents.llm_client:Failed to generate structured response: Object of type DecisionContext is not JSON serializable
ERROR:backtest2.agents.llm_client:Failed to generate structured response: Object of type DecisionContext is not JSON serializable
INFO:backtest2.agents.orchestrator:Risk discussion round 1
ERROR:Agent.Aggressive Risk Debator:Agent Aggressive Risk Debator processing failed: 'NoneType' object has no attribute 'cash'
ERROR:Agent.Conservative Risk Debator:Agent Conservative Risk Debator processing failed: 'NoneType' object has no attribute 'cash'
ERROR:Agent.Neutral Risk Debator:Agent Neutral Risk Debator processing failed: 'NoneType' object has no attribute 'cash'
INFO:backtest2.agents.orchestrator:Phase 6: Final Decision
ERROR:backtest2.agents.llm_client:Failed to generate structured response: Object of type DecisionContext is not JSON serializable
ERROR:backtest2.agents.orchestrator:Decision process failed: 'string (BUY/SELL/HOLD)' is not a valid TradeAction
Traceback (most recent call last):
  File "/Users/y-sato/TradingAgents2/backtest2/agents/orchestrator.py", line 271, in make_decision
    final_decision = await self._final_decision_phase(risk_assessment, context)
                     ^^^^^^^^^^^^^^^^^^^^^^^^^^^^^^^^^^^^^^^^^^^^^^^^^^^^^^^^^^
  File "/Users/y-sato/TradingAgents2/backtest2/agents/orchestrator.py", line 516, in _final_decision_phase
    action=TradeAction(final_output.content.get('action', 'HOLD')),
           ~~~~~~~~~~~^^^^^^^^^^^^^^^^^^^^^^^^^^^^^^^^^^^^^^^^^^^^
  File "/usr/local/Caskroom/miniconda/base/lib/python3.13/enum.py", line 726, in __call__
    return cls.__new__(cls, value)
           ~~~~~~~~~~~^^^^^^^^^^^^
  File "/usr/local/Caskroom/miniconda/base/lib/python3.13/enum.py", line 1203, in __new__
    raise ve_exc
ValueError: 'string (BUY/SELL/HOLD)' is not a valid TradeAction
INFO:backtest2.agents.orchestrator:Starting decision process e89c48a1-9971-4d7a-964f-3a852aa5aa48 for AAPL on 2025-06-02 00:00:00
INFO:backtest2.agents.orchestrator:Phase 1: Data Collection
ERROR:Agent.Market Analyst:Agent Market Analyst processing failed: 'DecisionContext' object has no attribute 'get'
ERROR:backtest2.agents.llm_client:Failed to generate structured response: Object of type DecisionContext is not JSON serializable
ERROR:backtest2.agents.llm_client:Failed to generate structured response: Object of type DecisionContext is not JSON serializable
ERROR:backtest2.agents.llm_client:Failed to generate structured response: Object of type DecisionContext is not JSON serializable
INFO:backtest2.agents.orchestrator:Phase 2: Investment Analysis
ERROR:backtest2.agents.llm_client:Failed to generate structured response: Object of type AgentOutput is not JSON serializable
ERROR:backtest2.agents.llm_client:Failed to generate structured response: Object of type AgentOutput is not JSON serializable
INFO:backtest2.agents.orchestrator:Phase 3: Investment Decision
INFO:backtest2.agents.orchestrator:Debate round 1
ERROR:backtest2.agents.llm_client:Failed to generate structured response: Object of type DecisionContext is not JSON serializable
INFO:backtest2.agents.orchestrator:Phase 4: Trading Decision
ERROR:Agent.Trader:Agent Trader processing failed: 'DecisionContext' object has no attribute 'get'
INFO:backtest2.agents.orchestrator:Phase 5: Risk Assessment
ERROR:backtest2.agents.llm_client:Failed to generate structured response: Object of type DecisionContext is not JSON serializable
ERROR:backtest2.agents.llm_client:Failed to generate structured response: Object of type DecisionContext is not JSON serializable
ERROR:backtest2.agents.llm_client:Failed to generate structured response: Object of type DecisionContext is not JSON serializable
INFO:backtest2.agents.orchestrator:Risk discussion round 1
ERROR:Agent.Aggressive Risk Debator:Agent Aggressive Risk Debator processing failed: 'NoneType' object has no attribute 'cash'
ERROR:Agent.Conservative Risk Debator:Agent Conservative Risk Debator processing failed: 'NoneType' object has no attribute 'cash'
ERROR:Agent.Neutral Risk Debator:Agent Neutral Risk Debator processing failed: 'NoneType' object has no attribute 'cash'
INFO:backtest2.agents.orchestrator:Phase 6: Final Decision
ERROR:backtest2.agents.llm_client:Failed to generate structured response: Object of type DecisionContext is not JSON serializable
ERROR:backtest2.agents.orchestrator:Decision process failed: 'string (BUY/SELL/HOLD)' is not a valid TradeAction
Traceback (most recent call last):
  File "/Users/y-sato/TradingAgents2/backtest2/agents/orchestrator.py", line 271, in make_decision
    final_decision = await self._final_decision_phase(risk_assessment, context)
                     ^^^^^^^^^^^^^^^^^^^^^^^^^^^^^^^^^^^^^^^^^^^^^^^^^^^^^^^^^^
  File "/Users/y-sato/TradingAgents2/backtest2/agents/orchestrator.py", line 516, in _final_decision_phase
    action=TradeAction(final_output.content.get('action', 'HOLD')),
           ~~~~~~~~~~~^^^^^^^^^^^^^^^^^^^^^^^^^^^^^^^^^^^^^^^^^^^^
  File "/usr/local/Caskroom/miniconda/base/lib/python3.13/enum.py", line 726, in __call__
    return cls.__new__(cls, value)
           ~~~~~~~~~~~^^^^^^^^^^^^
  File "/usr/local/Caskroom/miniconda/base/lib/python3.13/enum.py", line 1203, in __new__
    raise ve_exc
ValueError: 'string (BUY/SELL/HOLD)' is not a valid TradeAction
INFO:backtest2.agents.orchestrator:Starting decision process 6cb21cc7-7246-454b-93ef-4510b5dc68c6 for AAPL on 2025-06-03 00:00:00
INFO:backtest2.agents.orchestrator:Phase 1: Data Collection
ERROR:Agent.Market Analyst:Agent Market Analyst processing failed: 'DecisionContext' object has no attribute 'get'
ERROR:backtest2.agents.llm_client:Failed to generate structured response: Object of type DecisionContext is not JSON serializable
ERROR:backtest2.agents.llm_client:Failed to generate structured response: Object of type DecisionContext is not JSON serializable
ERROR:backtest2.agents.llm_client:Failed to generate structured response: Object of type DecisionContext is not JSON serializable
INFO:backtest2.agents.orchestrator:Phase 2: Investment Analysis
ERROR:backtest2.agents.llm_client:Failed to generate structured response: Object of type AgentOutput is not JSON serializable
ERROR:backtest2.agents.llm_client:Failed to generate structured response: Object of type AgentOutput is not JSON serializable
INFO:backtest2.agents.orchestrator:Phase 3: Investment Decision
INFO:backtest2.agents.orchestrator:Debate round 1
ERROR:backtest2.agents.llm_client:Failed to generate structured response: Object of type DecisionContext is not JSON serializable
INFO:backtest2.agents.orchestrator:Phase 4: Trading Decision
ERROR:Agent.Trader:Agent Trader processing failed: 'DecisionContext' object has no attribute 'get'
INFO:backtest2.agents.orchestrator:Phase 5: Risk Assessment
ERROR:backtest2.agents.llm_client:Failed to generate structured response: Object of type DecisionContext is not JSON serializable
ERROR:backtest2.agents.llm_client:Failed to generate structured response: Object of type DecisionContext is not JSON serializable
ERROR:backtest2.agents.llm_client:Failed to generate structured response: Object of type DecisionContext is not JSON serializable
INFO:backtest2.agents.orchestrator:Risk discussion round 1
ERROR:Agent.Aggressive Risk Debator:Agent Aggressive Risk Debator processing failed: 'NoneType' object has no attribute 'cash'
ERROR:Agent.Conservative Risk Debator:Agent Conservative Risk Debator processing failed: 'NoneType' object has no attribute 'cash'
ERROR:Agent.Neutral Risk Debator:Agent Neutral Risk Debator processing failed: 'NoneType' object has no attribute 'cash'
INFO:backtest2.agents.orchestrator:Phase 6: Final Decision
ERROR:backtest2.agents.llm_client:Failed to generate structured response: Object of type DecisionContext is not JSON serializable
ERROR:backtest2.agents.orchestrator:Decision process failed: 'string (BUY/SELL/HOLD)' is not a valid TradeAction
Traceback (most recent call last):
  File "/Users/y-sato/TradingAgents2/backtest2/agents/orchestrator.py", line 271, in make_decision
    final_decision = await self._final_decision_phase(risk_assessment, context)
                     ^^^^^^^^^^^^^^^^^^^^^^^^^^^^^^^^^^^^^^^^^^^^^^^^^^^^^^^^^^
  File "/Users/y-sato/TradingAgents2/backtest2/agents/orchestrator.py", line 516, in _final_decision_phase
    action=TradeAction(final_output.content.get('action', 'HOLD')),
           ~~~~~~~~~~~^^^^^^^^^^^^^^^^^^^^^^^^^^^^^^^^^^^^^^^^^^^^
  File "/usr/local/Caskroom/miniconda/base/lib/python3.13/enum.py", line 726, in __call__
    return cls.__new__(cls, value)
           ~~~~~~~~~~~^^^^^^^^^^^^
  File "/usr/local/Caskroom/miniconda/base/lib/python3.13/enum.py", line 1203, in __new__
    raise ve_exc
ValueError: 'string (BUY/SELL/HOLD)' is not a valid TradeAction
INFO:backtest2.agents.orchestrator:Starting decision process 95f74327-f127-4c1f-8773-bbcd57541aa2 for AAPL on 2025-06-04 00:00:00
INFO:backtest2.agents.orchestrator:Phase 1: Data Collection
ERROR:Agent.Market Analyst:Agent Market Analyst processing failed: 'DecisionContext' object has no attribute 'get'
ERROR:backtest2.agents.llm_client:Failed to generate structured response: Object of type DecisionContext is not JSON serializable
ERROR:backtest2.agents.llm_client:Failed to generate structured response: Object of type DecisionContext is not JSON serializable
ERROR:backtest2.agents.llm_client:Failed to generate structured response: Object of type DecisionContext is not JSON serializable
INFO:backtest2.agents.orchestrator:Phase 2: Investment Analysis
ERROR:backtest2.agents.llm_client:Failed to generate structured response: Object of type AgentOutput is not JSON serializable
ERROR:backtest2.agents.llm_client:Failed to generate structured response: Object of type AgentOutput is not JSON serializable
INFO:backtest2.agents.orchestrator:Phase 3: Investment Decision
INFO:backtest2.agents.orchestrator:Debate round 1
ERROR:backtest2.agents.llm_client:Failed to generate structured response: Object of type DecisionContext is not JSON serializable
INFO:backtest2.agents.orchestrator:Phase 4: Trading Decision
ERROR:Agent.Trader:Agent Trader processing failed: 'DecisionContext' object has no attribute 'get'
INFO:backtest2.agents.orchestrator:Phase 5: Risk Assessment
ERROR:backtest2.agents.llm_client:Failed to generate structured response: Object of type DecisionContext is not JSON serializable
ERROR:backtest2.agents.llm_client:Failed to generate structured response: Object of type DecisionContext is not JSON serializable
ERROR:backtest2.agents.llm_client:Failed to generate structured response: Object of type DecisionContext is not JSON serializable
INFO:backtest2.agents.orchestrator:Risk discussion round 1
ERROR:Agent.Aggressive Risk Debator:Agent Aggressive Risk Debator processing failed: 'NoneType' object has no attribute 'cash'
ERROR:Agent.Conservative Risk Debator:Agent Conservative Risk Debator processing failed: 'NoneType' object has no attribute 'cash'
ERROR:Agent.Neutral Risk Debator:Agent Neutral Risk Debator processing failed: 'NoneType' object has no attribute 'cash'
INFO:backtest2.agents.orchestrator:Phase 6: Final Decision
ERROR:backtest2.agents.llm_client:Failed to generate structured response: Object of type DecisionContext is not JSON serializable
ERROR:backtest2.agents.orchestrator:Decision process failed: 'string (BUY/SELL/HOLD)' is not a valid TradeAction
Traceback (most recent call last):
  File "/Users/y-sato/TradingAgents2/backtest2/agents/orchestrator.py", line 271, in make_decision
    final_decision = await self._final_decision_phase(risk_assessment, context)
                     ^^^^^^^^^^^^^^^^^^^^^^^^^^^^^^^^^^^^^^^^^^^^^^^^^^^^^^^^^^
  File "/Users/y-sato/TradingAgents2/backtest2/agents/orchestrator.py", line 516, in _final_decision_phase
    action=TradeAction(final_output.content.get('action', 'HOLD')),
           ~~~~~~~~~~~^^^^^^^^^^^^^^^^^^^^^^^^^^^^^^^^^^^^^^^^^^^^
  File "/usr/local/Caskroom/miniconda/base/lib/python3.13/enum.py", line 726, in __call__
    return cls.__new__(cls, value)
           ~~~~~~~~~~~^^^^^^^^^^^^
  File "/usr/local/Caskroom/miniconda/base/lib/python3.13/enum.py", line 1203, in __new__
    raise ve_exc
ValueError: 'string (BUY/SELL/HOLD)' is not a valid TradeAction
INFO:backtest2.agents.orchestrator:Starting decision process 20423aeb-562e-492b-bc1d-ec00cc166eef for AAPL on 2025-06-05 00:00:00
INFO:backtest2.agents.orchestrator:Phase 1: Data Collection
ERROR:Agent.Market Analyst:Agent Market Analyst processing failed: 'DecisionContext' object has no attribute 'get'
ERROR:backtest2.agents.llm_client:Failed to generate structured response: Object of type DecisionContext is not JSON serializable
ERROR:backtest2.agents.llm_client:Failed to generate structured response: Object of type DecisionContext is not JSON serializable
ERROR:backtest2.agents.llm_client:Failed to generate structured response: Object of type DecisionContext is not JSON serializable
INFO:backtest2.agents.orchestrator:Phase 2: Investment Analysis
ERROR:backtest2.agents.llm_client:Failed to generate structured response: Object of type AgentOutput is not JSON serializable
ERROR:backtest2.agents.llm_client:Failed to generate structured response: Object of type AgentOutput is not JSON serializable
INFO:backtest2.agents.orchestrator:Phase 3: Investment Decision
INFO:backtest2.agents.orchestrator:Debate round 1
ERROR:backtest2.agents.llm_client:Failed to generate structured response: Object of type DecisionContext is not JSON serializable
INFO:backtest2.agents.orchestrator:Phase 4: Trading Decision
ERROR:Agent.Trader:Agent Trader processing failed: 'DecisionContext' object has no attribute 'get'
INFO:backtest2.agents.orchestrator:Phase 5: Risk Assessment
ERROR:backtest2.agents.llm_client:Failed to generate structured response: Object of type DecisionContext is not JSON serializable
ERROR:backtest2.agents.llm_client:Failed to generate structured response: Object of type DecisionContext is not JSON serializable
ERROR:backtest2.agents.llm_client:Failed to generate structured response: Object of type DecisionContext is not JSON serializable
INFO:backtest2.agents.orchestrator:Risk discussion round 1
ERROR:Agent.Aggressive Risk Debator:Agent Aggressive Risk Debator processing failed: 'NoneType' object has no attribute 'cash'
ERROR:Agent.Conservative Risk Debator:Agent Conservative Risk Debator processing failed: 'NoneType' object has no attribute 'cash'
ERROR:Agent.Neutral Risk Debator:Agent Neutral Risk Debator processing failed: 'NoneType' object has no attribute 'cash'
INFO:backtest2.agents.orchestrator:Phase 6: Final Decision
ERROR:backtest2.agents.llm_client:Failed to generate structured response: Object of type DecisionContext is not JSON serializable
ERROR:backtest2.agents.orchestrator:Decision process failed: 'string (BUY/SELL/HOLD)' is not a valid TradeAction
Traceback (most recent call last):
  File "/Users/y-sato/TradingAgents2/backtest2/agents/orchestrator.py", line 271, in make_decision
    final_decision = await self._final_decision_phase(risk_assessment, context)
                     ^^^^^^^^^^^^^^^^^^^^^^^^^^^^^^^^^^^^^^^^^^^^^^^^^^^^^^^^^^
  File "/Users/y-sato/TradingAgents2/backtest2/agents/orchestrator.py", line 516, in _final_decision_phase
    action=TradeAction(final_output.content.get('action', 'HOLD')),
           ~~~~~~~~~~~^^^^^^^^^^^^^^^^^^^^^^^^^^^^^^^^^^^^^^^^^^^^
  File "/usr/local/Caskroom/miniconda/base/lib/python3.13/enum.py", line 726, in __call__
    return cls.__new__(cls, value)
           ~~~~~~~~~~~^^^^^^^^^^^^
  File "/usr/local/Caskroom/miniconda/base/lib/python3.13/enum.py", line 1203, in __new__
    raise ve_exc
ValueError: 'string (BUY/SELL/HOLD)' is not a valid TradeAction
INFO:backtest2.agents.orchestrator:Starting decision process dc806f2a-3a06-499c-b08a-3bc09919aebc for AAPL on 2025-06-06 00:00:00
INFO:backtest2.agents.orchestrator:Phase 1: Data Collection
ERROR:Agent.Market Analyst:Agent Market Analyst processing failed: 'DecisionContext' object has no attribute 'get'
ERROR:backtest2.agents.llm_client:Failed to generate structured response: Object of type DecisionContext is not JSON serializable
ERROR:backtest2.agents.llm_client:Failed to generate structured response: Object of type DecisionContext is not JSON serializable
ERROR:backtest2.agents.llm_client:Failed to generate structured response: Object of type DecisionContext is not JSON serializable
INFO:backtest2.agents.orchestrator:Phase 2: Investment Analysis
ERROR:backtest2.agents.llm_client:Failed to generate structured response: Object of type AgentOutput is not JSON serializable
ERROR:backtest2.agents.llm_client:Failed to generate structured response: Object of type AgentOutput is not JSON serializable
INFO:backtest2.agents.orchestrator:Phase 3: Investment Decision
INFO:backtest2.agents.orchestrator:Debate round 1
ERROR:backtest2.agents.llm_client:Failed to generate structured response: Object of type DecisionContext is not JSON serializable
INFO:backtest2.agents.orchestrator:Phase 4: Trading Decision
ERROR:Agent.Trader:Agent Trader processing failed: 'DecisionContext' object has no attribute 'get'
INFO:backtest2.agents.orchestrator:Phase 5: Risk Assessment
ERROR:backtest2.agents.llm_client:Failed to generate structured response: Object of type DecisionContext is not JSON serializable
ERROR:backtest2.agents.llm_client:Failed to generate structured response: Object of type DecisionContext is not JSON serializable
ERROR:backtest2.agents.llm_client:Failed to generate structured response: Object of type DecisionContext is not JSON serializable
INFO:backtest2.agents.orchestrator:Risk discussion round 1
ERROR:Agent.Aggressive Risk Debator:Agent Aggressive Risk Debator processing failed: 'NoneType' object has no attribute 'cash'
ERROR:Agent.Conservative Risk Debator:Agent Conservative Risk Debator processing failed: 'NoneType' object has no attribute 'cash'
ERROR:Agent.Neutral Risk Debator:Agent Neutral Risk Debator processing failed: 'NoneType' object has no attribute 'cash'
INFO:backtest2.agents.orchestrator:Phase 6: Final Decision
ERROR:backtest2.agents.llm_client:Failed to generate structured response: Object of type DecisionContext is not JSON serializable
ERROR:backtest2.agents.orchestrator:Decision process failed: 'string (BUY/SELL/HOLD)' is not a valid TradeAction
Traceback (most recent call last):
  File "/Users/y-sato/TradingAgents2/backtest2/agents/orchestrator.py", line 271, in make_decision
    final_decision = await self._final_decision_phase(risk_assessment, context)
                     ^^^^^^^^^^^^^^^^^^^^^^^^^^^^^^^^^^^^^^^^^^^^^^^^^^^^^^^^^^
  File "/Users/y-sato/TradingAgents2/backtest2/agents/orchestrator.py", line 516, in _final_decision_phase
    action=TradeAction(final_output.content.get('action', 'HOLD')),
           ~~~~~~~~~~~^^^^^^^^^^^^^^^^^^^^^^^^^^^^^^^^^^^^^^^^^^^^
  File "/usr/local/Caskroom/miniconda/base/lib/python3.13/enum.py", line 726, in __call__
    return cls.__new__(cls, value)
           ~~~~~~~~~~~^^^^^^^^^^^^
  File "/usr/local/Caskroom/miniconda/base/lib/python3.13/enum.py", line 1203, in __new__
    raise ve_exc
ValueError: 'string (BUY/SELL/HOLD)' is not a valid TradeAction
INFO:backtest2.agents.orchestrator:Starting decision process 7924e312-b8a5-4dfb-8cf2-031e43651fd4 for AAPL on 2025-06-09 00:00:00
INFO:backtest2.agents.orchestrator:Phase 1: Data Collection
ERROR:Agent.Market Analyst:Agent Market Analyst processing failed: 'DecisionContext' object has no attribute 'get'
ERROR:backtest2.agents.llm_client:Failed to generate structured response: Object of type DecisionContext is not JSON serializable
ERROR:backtest2.agents.llm_client:Failed to generate structured response: Object of type DecisionContext is not JSON serializable
ERROR:backtest2.agents.llm_client:Failed to generate structured response: Object of type DecisionContext is not JSON serializable
INFO:backtest2.agents.orchestrator:Phase 2: Investment Analysis
ERROR:backtest2.agents.llm_client:Failed to generate structured response: Object of type AgentOutput is not JSON serializable
ERROR:backtest2.agents.llm_client:Failed to generate structured response: Object of type AgentOutput is not JSON serializable
INFO:backtest2.agents.orchestrator:Phase 3: Investment Decision
INFO:backtest2.agents.orchestrator:Debate round 1
ERROR:backtest2.agents.llm_client:Failed to generate structured response: Object of type DecisionContext is not JSON serializable
INFO:backtest2.agents.orchestrator:Phase 4: Trading Decision
ERROR:Agent.Trader:Agent Trader processing failed: 'DecisionContext' object has no attribute 'get'
INFO:backtest2.agents.orchestrator:Phase 5: Risk Assessment
ERROR:backtest2.agents.llm_client:Failed to generate structured response: Object of type DecisionContext is not JSON serializable
ERROR:backtest2.agents.llm_client:Failed to generate structured response: Object of type DecisionContext is not JSON serializable
ERROR:backtest2.agents.llm_client:Failed to generate structured response: Object of type DecisionContext is not JSON serializable
INFO:backtest2.agents.orchestrator:Risk discussion round 1
ERROR:Agent.Aggressive Risk Debator:Agent Aggressive Risk Debator processing failed: 'NoneType' object has no attribute 'cash'
ERROR:Agent.Conservative Risk Debator:Agent Conservative Risk Debator processing failed: 'NoneType' object has no attribute 'cash'
ERROR:Agent.Neutral Risk Debator:Agent Neutral Risk Debator processing failed: 'NoneType' object has no attribute 'cash'
INFO:backtest2.agents.orchestrator:Phase 6: Final Decision
ERROR:backtest2.agents.llm_client:Failed to generate structured response: Object of type DecisionContext is not JSON serializable
ERROR:backtest2.agents.orchestrator:Decision process failed: 'string (BUY/SELL/HOLD)' is not a valid TradeAction
Traceback (most recent call last):
  File "/Users/y-sato/TradingAgents2/backtest2/agents/orchestrator.py", line 271, in make_decision
    final_decision = await self._final_decision_phase(risk_assessment, context)
                     ^^^^^^^^^^^^^^^^^^^^^^^^^^^^^^^^^^^^^^^^^^^^^^^^^^^^^^^^^^
  File "/Users/y-sato/TradingAgents2/backtest2/agents/orchestrator.py", line 516, in _final_decision_phase
    action=TradeAction(final_output.content.get('action', 'HOLD')),
           ~~~~~~~~~~~^^^^^^^^^^^^^^^^^^^^^^^^^^^^^^^^^^^^^^^^^^^^
  File "/usr/local/Caskroom/miniconda/base/lib/python3.13/enum.py", line 726, in __call__
    return cls.__new__(cls, value)
           ~~~~~~~~~~~^^^^^^^^^^^^
  File "/usr/local/Caskroom/miniconda/base/lib/python3.13/enum.py", line 1203, in __new__
    raise ve_exc
ValueError: 'string (BUY/SELL/HOLD)' is not a valid TradeAction
INFO:backtest2.agents.orchestrator:Starting decision process 89905bd7-9963-4e9a-b2cc-a661cf9c9beb for AAPL on 2025-06-10 00:00:00
INFO:backtest2.agents.orchestrator:Phase 1: Data Collection
ERROR:Agent.Market Analyst:Agent Market Analyst processing failed: 'DecisionContext' object has no attribute 'get'
ERROR:backtest2.agents.llm_client:Failed to generate structured response: Object of type DecisionContext is not JSON serializable
ERROR:backtest2.agents.llm_client:Failed to generate structured response: Object of type DecisionContext is not JSON serializable
ERROR:backtest2.agents.llm_client:Failed to generate structured response: Object of type DecisionContext is not JSON serializable
INFO:backtest2.agents.orchestrator:Phase 2: Investment Analysis
ERROR:backtest2.agents.llm_client:Failed to generate structured response: Object of type AgentOutput is not JSON serializable
ERROR:backtest2.agents.llm_client:Failed to generate structured response: Object of type AgentOutput is not JSON serializable
INFO:backtest2.agents.orchestrator:Phase 3: Investment Decision
INFO:backtest2.agents.orchestrator:Debate round 1
ERROR:backtest2.agents.llm_client:Failed to generate structured response: Object of type DecisionContext is not JSON serializable
INFO:backtest2.agents.orchestrator:Phase 4: Trading Decision
ERROR:Agent.Trader:Agent Trader processing failed: 'DecisionContext' object has no attribute 'get'
INFO:backtest2.agents.orchestrator:Phase 5: Risk Assessment
ERROR:backtest2.agents.llm_client:Failed to generate structured response: Object of type DecisionContext is not JSON serializable
ERROR:backtest2.agents.llm_client:Failed to generate structured response: Object of type DecisionContext is not JSON serializable
ERROR:backtest2.agents.llm_client:Failed to generate structured response: Object of type DecisionContext is not JSON serializable
INFO:backtest2.agents.orchestrator:Risk discussion round 1
ERROR:Agent.Aggressive Risk Debator:Agent Aggressive Risk Debator processing failed: 'NoneType' object has no attribute 'cash'
ERROR:Agent.Conservative Risk Debator:Agent Conservative Risk Debator processing failed: 'NoneType' object has no attribute 'cash'
ERROR:Agent.Neutral Risk Debator:Agent Neutral Risk Debator processing failed: 'NoneType' object has no attribute 'cash'
INFO:backtest2.agents.orchestrator:Phase 6: Final Decision
ERROR:backtest2.agents.llm_client:Failed to generate structured response: Object of type DecisionContext is not JSON serializable
ERROR:backtest2.agents.orchestrator:Decision process failed: 'string (BUY/SELL/HOLD)' is not a valid TradeAction
Traceback (most recent call last):
  File "/Users/y-sato/TradingAgents2/backtest2/agents/orchestrator.py", line 271, in make_decision
    final_decision = await self._final_decision_phase(risk_assessment, context)
                     ^^^^^^^^^^^^^^^^^^^^^^^^^^^^^^^^^^^^^^^^^^^^^^^^^^^^^^^^^^
  File "/Users/y-sato/TradingAgents2/backtest2/agents/orchestrator.py", line 516, in _final_decision_phase
    action=TradeAction(final_output.content.get('action', 'HOLD')),
           ~~~~~~~~~~~^^^^^^^^^^^^^^^^^^^^^^^^^^^^^^^^^^^^^^^^^^^^
  File "/usr/local/Caskroom/miniconda/base/lib/python3.13/enum.py", line 726, in __call__
    return cls.__new__(cls, value)
           ~~~~~~~~~~~^^^^^^^^^^^^
  File "/usr/local/Caskroom/miniconda/base/lib/python3.13/enum.py", line 1203, in __new__
    raise ve_exc
ValueError: 'string (BUY/SELL/HOLD)' is not a valid TradeAction
INFO:backtest2.agents.orchestrator:Starting decision process 6d3d7948-70c3-4a3a-9d29-720e91770f1e for AAPL on 2025-06-11 00:00:00
INFO:backtest2.agents.orchestrator:Phase 1: Data Collection
ERROR:Agent.Market Analyst:Agent Market Analyst processing failed: 'DecisionContext' object has no attribute 'get'
ERROR:backtest2.agents.llm_client:Failed to generate structured response: Object of type DecisionContext is not JSON serializable
ERROR:backtest2.agents.llm_client:Failed to generate structured response: Object of type DecisionContext is not JSON serializable
ERROR:backtest2.agents.llm_client:Failed to generate structured response: Object of type DecisionContext is not JSON serializable
INFO:backtest2.agents.orchestrator:Phase 2: Investment Analysis
ERROR:backtest2.agents.llm_client:Failed to generate structured response: Object of type AgentOutput is not JSON serializable
ERROR:backtest2.agents.llm_client:Failed to generate structured response: Object of type AgentOutput is not JSON serializable
INFO:backtest2.agents.orchestrator:Phase 3: Investment Decision
INFO:backtest2.agents.orchestrator:Debate round 1
ERROR:backtest2.agents.llm_client:Failed to generate structured response: Object of type DecisionContext is not JSON serializable
INFO:backtest2.agents.orchestrator:Phase 4: Trading Decision
ERROR:Agent.Trader:Agent Trader processing failed: 'DecisionContext' object has no attribute 'get'
INFO:backtest2.agents.orchestrator:Phase 5: Risk Assessment
ERROR:backtest2.agents.llm_client:Failed to generate structured response: Object of type DecisionContext is not JSON serializable
ERROR:backtest2.agents.llm_client:Failed to generate structured response: Object of type DecisionContext is not JSON serializable
ERROR:backtest2.agents.llm_client:Failed to generate structured response: Object of type DecisionContext is not JSON serializable
INFO:backtest2.agents.orchestrator:Risk discussion round 1
ERROR:Agent.Aggressive Risk Debator:Agent Aggressive Risk Debator processing failed: 'NoneType' object has no attribute 'cash'
ERROR:Agent.Conservative Risk Debator:Agent Conservative Risk Debator processing failed: 'NoneType' object has no attribute 'cash'
ERROR:Agent.Neutral Risk Debator:Agent Neutral Risk Debator processing failed: 'NoneType' object has no attribute 'cash'
INFO:backtest2.agents.orchestrator:Phase 6: Final Decision
ERROR:backtest2.agents.llm_client:Failed to generate structured response: Object of type DecisionContext is not JSON serializable
ERROR:backtest2.agents.orchestrator:Decision process failed: 'string (BUY/SELL/HOLD)' is not a valid TradeAction
Traceback (most recent call last):
  File "/Users/y-sato/TradingAgents2/backtest2/agents/orchestrator.py", line 271, in make_decision
    final_decision = await self._final_decision_phase(risk_assessment, context)
                     ^^^^^^^^^^^^^^^^^^^^^^^^^^^^^^^^^^^^^^^^^^^^^^^^^^^^^^^^^^
  File "/Users/y-sato/TradingAgents2/backtest2/agents/orchestrator.py", line 516, in _final_decision_phase
    action=TradeAction(final_output.content.get('action', 'HOLD')),
           ~~~~~~~~~~~^^^^^^^^^^^^^^^^^^^^^^^^^^^^^^^^^^^^^^^^^^^^
  File "/usr/local/Caskroom/miniconda/base/lib/python3.13/enum.py", line 726, in __call__
    return cls.__new__(cls, value)
           ~~~~~~~~~~~^^^^^^^^^^^^
  File "/usr/local/Caskroom/miniconda/base/lib/python3.13/enum.py", line 1203, in __new__
    raise ve_exc
ValueError: 'string (BUY/SELL/HOLD)' is not a valid TradeAction
INFO:backtest2.agents.orchestrator:Starting decision process 28591372-f1f2-4563-9a6a-fe967b16e271 for AAPL on 2025-06-12 00:00:00
INFO:backtest2.agents.orchestrator:Phase 1: Data Collection
ERROR:Agent.Market Analyst:Agent Market Analyst processing failed: 'DecisionContext' object has no attribute 'get'
ERROR:backtest2.agents.llm_client:Failed to generate structured response: Object of type DecisionContext is not JSON serializable
ERROR:backtest2.agents.llm_client:Failed to generate structured response: Object of type DecisionContext is not JSON serializable
ERROR:backtest2.agents.llm_client:Failed to generate structured response: Object of type DecisionContext is not JSON serializable
INFO:backtest2.agents.orchestrator:Phase 2: Investment Analysis
ERROR:backtest2.agents.llm_client:Failed to generate structured response: Object of type AgentOutput is not JSON serializable
ERROR:backtest2.agents.llm_client:Failed to generate structured response: Object of type AgentOutput is not JSON serializable
INFO:backtest2.agents.orchestrator:Phase 3: Investment Decision
INFO:backtest2.agents.orchestrator:Debate round 1
ERROR:backtest2.agents.llm_client:Failed to generate structured response: Object of type DecisionContext is not JSON serializable
INFO:backtest2.agents.orchestrator:Phase 4: Trading Decision
ERROR:Agent.Trader:Agent Trader processing failed: 'DecisionContext' object has no attribute 'get'
INFO:backtest2.agents.orchestrator:Phase 5: Risk Assessment
ERROR:backtest2.agents.llm_client:Failed to generate structured response: Object of type DecisionContext is not JSON serializable
ERROR:backtest2.agents.llm_client:Failed to generate structured response: Object of type DecisionContext is not JSON serializable
ERROR:backtest2.agents.llm_client:Failed to generate structured response: Object of type DecisionContext is not JSON serializable
INFO:backtest2.agents.orchestrator:Risk discussion round 1
ERROR:Agent.Aggressive Risk Debator:Agent Aggressive Risk Debator processing failed: 'NoneType' object has no attribute 'cash'
ERROR:Agent.Conservative Risk Debator:Agent Conservative Risk Debator processing failed: 'NoneType' object has no attribute 'cash'
ERROR:Agent.Neutral Risk Debator:Agent Neutral Risk Debator processing failed: 'NoneType' object has no attribute 'cash'
INFO:backtest2.agents.orchestrator:Phase 6: Final Decision
ERROR:backtest2.agents.llm_client:Failed to generate structured response: Object of type DecisionContext is not JSON serializable
ERROR:backtest2.agents.orchestrator:Decision process failed: 'string (BUY/SELL/HOLD)' is not a valid TradeAction
Traceback (most recent call last):
  File "/Users/y-sato/TradingAgents2/backtest2/agents/orchestrator.py", line 271, in make_decision
    final_decision = await self._final_decision_phase(risk_assessment, context)
                     ^^^^^^^^^^^^^^^^^^^^^^^^^^^^^^^^^^^^^^^^^^^^^^^^^^^^^^^^^^
  File "/Users/y-sato/TradingAgents2/backtest2/agents/orchestrator.py", line 516, in _final_decision_phase
    action=TradeAction(final_output.content.get('action', 'HOLD')),
           ~~~~~~~~~~~^^^^^^^^^^^^^^^^^^^^^^^^^^^^^^^^^^^^^^^^^^^^
  File "/usr/local/Caskroom/miniconda/base/lib/python3.13/enum.py", line 726, in __call__
    return cls.__new__(cls, value)
           ~~~~~~~~~~~^^^^^^^^^^^^
  File "/usr/local/Caskroom/miniconda/base/lib/python3.13/enum.py", line 1203, in __new__
    raise ve_exc
ValueError: 'string (BUY/SELL/HOLD)' is not a valid TradeAction
INFO:backtest2.agents.orchestrator:Starting decision process 193d47f6-1da3-4bcc-aaf0-b3cdfffc079a for AAPL on 2025-06-13 00:00:00
INFO:backtest2.agents.orchestrator:Phase 1: Data Collection
ERROR:Agent.Market Analyst:Agent Market Analyst processing failed: 'DecisionContext' object has no attribute 'get'
ERROR:backtest2.agents.llm_client:Failed to generate structured response: Object of type DecisionContext is not JSON serializable
ERROR:backtest2.agents.llm_client:Failed to generate structured response: Object of type DecisionContext is not JSON serializable
ERROR:backtest2.agents.llm_client:Failed to generate structured response: Object of type DecisionContext is not JSON serializable
INFO:backtest2.agents.orchestrator:Phase 2: Investment Analysis
ERROR:backtest2.agents.llm_client:Failed to generate structured response: Object of type AgentOutput is not JSON serializable
ERROR:backtest2.agents.llm_client:Failed to generate structured response: Object of type AgentOutput is not JSON serializable
INFO:backtest2.agents.orchestrator:Phase 3: Investment Decision
INFO:backtest2.agents.orchestrator:Debate round 1
ERROR:backtest2.agents.llm_client:Failed to generate structured response: Object of type DecisionContext is not JSON serializable
INFO:backtest2.agents.orchestrator:Phase 4: Trading Decision
ERROR:Agent.Trader:Agent Trader processing failed: 'DecisionContext' object has no attribute 'get'
INFO:backtest2.agents.orchestrator:Phase 5: Risk Assessment
ERROR:backtest2.agents.llm_client:Failed to generate structured response: Object of type DecisionContext is not JSON serializable
ERROR:backtest2.agents.llm_client:Failed to generate structured response: Object of type DecisionContext is not JSON serializable
ERROR:backtest2.agents.llm_client:Failed to generate structured response: Object of type DecisionContext is not JSON serializable
INFO:backtest2.agents.orchestrator:Risk discussion round 1
ERROR:Agent.Aggressive Risk Debator:Agent Aggressive Risk Debator processing failed: 'NoneType' object has no attribute 'cash'
ERROR:Agent.Conservative Risk Debator:Agent Conservative Risk Debator processing failed: 'NoneType' object has no attribute 'cash'
ERROR:Agent.Neutral Risk Debator:Agent Neutral Risk Debator processing failed: 'NoneType' object has no attribute 'cash'
INFO:backtest2.agents.orchestrator:Phase 6: Final Decision
ERROR:backtest2.agents.llm_client:Failed to generate structured response: Object of type DecisionContext is not JSON serializable
ERROR:backtest2.agents.orchestrator:Decision process failed: 'string (BUY/SELL/HOLD)' is not a valid TradeAction
Traceback (most recent call last):
  File "/Users/y-sato/TradingAgents2/backtest2/agents/orchestrator.py", line 271, in make_decision
    final_decision = await self._final_decision_phase(risk_assessment, context)
                     ^^^^^^^^^^^^^^^^^^^^^^^^^^^^^^^^^^^^^^^^^^^^^^^^^^^^^^^^^^
  File "/Users/y-sato/TradingAgents2/backtest2/agents/orchestrator.py", line 516, in _final_decision_phase
    action=TradeAction(final_output.content.get('action', 'HOLD')),
           ~~~~~~~~~~~^^^^^^^^^^^^^^^^^^^^^^^^^^^^^^^^^^^^^^^^^^^^
  File "/usr/local/Caskroom/miniconda/base/lib/python3.13/enum.py", line 726, in __call__
    return cls.__new__(cls, value)
           ~~~~~~~~~~~^^^^^^^^^^^^
  File "/usr/local/Caskroom/miniconda/base/lib/python3.13/enum.py", line 1203, in __new__
    raise ve_exc
ValueError: 'string (BUY/SELL/HOLD)' is not a valid TradeAction
INFO:backtest2.agents.orchestrator:Starting decision process 5e685d7d-eb51-48bf-8cee-8d14c5f979e2 for AAPL on 2025-06-16 00:00:00
INFO:backtest2.agents.orchestrator:Phase 1: Data Collection
ERROR:Agent.Market Analyst:Agent Market Analyst processing failed: 'DecisionContext' object has no attribute 'get'
ERROR:backtest2.agents.llm_client:Failed to generate structured response: Object of type DecisionContext is not JSON serializable
ERROR:backtest2.agents.llm_client:Failed to generate structured response: Object of type DecisionContext is not JSON serializable
ERROR:backtest2.agents.llm_client:Failed to generate structured response: Object of type DecisionContext is not JSON serializable
INFO:backtest2.agents.orchestrator:Phase 2: Investment Analysis
ERROR:backtest2.agents.llm_client:Failed to generate structured response: Object of type AgentOutput is not JSON serializable
ERROR:backtest2.agents.llm_client:Failed to generate structured response: Object of type AgentOutput is not JSON serializable
INFO:backtest2.agents.orchestrator:Phase 3: Investment Decision
INFO:backtest2.agents.orchestrator:Debate round 1
ERROR:backtest2.agents.llm_client:Failed to generate structured response: Object of type DecisionContext is not JSON serializable
INFO:backtest2.agents.orchestrator:Phase 4: Trading Decision
ERROR:Agent.Trader:Agent Trader processing failed: 'DecisionContext' object has no attribute 'get'
INFO:backtest2.agents.orchestrator:Phase 5: Risk Assessment
ERROR:backtest2.agents.llm_client:Failed to generate structured response: Object of type DecisionContext is not JSON serializable
ERROR:backtest2.agents.llm_client:Failed to generate structured response: Object of type DecisionContext is not JSON serializable
ERROR:backtest2.agents.llm_client:Failed to generate structured response: Object of type DecisionContext is not JSON serializable
INFO:backtest2.agents.orchestrator:Risk discussion round 1
ERROR:Agent.Aggressive Risk Debator:Agent Aggressive Risk Debator processing failed: 'NoneType' object has no attribute 'cash'
ERROR:Agent.Conservative Risk Debator:Agent Conservative Risk Debator processing failed: 'NoneType' object has no attribute 'cash'
ERROR:Agent.Neutral Risk Debator:Agent Neutral Risk Debator processing failed: 'NoneType' object has no attribute 'cash'
INFO:backtest2.agents.orchestrator:Phase 6: Final Decision
ERROR:backtest2.agents.llm_client:Failed to generate structured response: Object of type DecisionContext is not JSON serializable
ERROR:backtest2.agents.orchestrator:Decision process failed: 'string (BUY/SELL/HOLD)' is not a valid TradeAction
Traceback (most recent call last):
  File "/Users/y-sato/TradingAgents2/backtest2/agents/orchestrator.py", line 271, in make_decision
    final_decision = await self._final_decision_phase(risk_assessment, context)
                     ^^^^^^^^^^^^^^^^^^^^^^^^^^^^^^^^^^^^^^^^^^^^^^^^^^^^^^^^^^
  File "/Users/y-sato/TradingAgents2/backtest2/agents/orchestrator.py", line 516, in _final_decision_phase
    action=TradeAction(final_output.content.get('action', 'HOLD')),
           ~~~~~~~~~~~^^^^^^^^^^^^^^^^^^^^^^^^^^^^^^^^^^^^^^^^^^^^
  File "/usr/local/Caskroom/miniconda/base/lib/python3.13/enum.py", line 726, in __call__
    return cls.__new__(cls, value)
           ~~~~~~~~~~~^^^^^^^^^^^^
  File "/usr/local/Caskroom/miniconda/base/lib/python3.13/enum.py", line 1203, in __new__
    raise ve_exc
ValueError: 'string (BUY/SELL/HOLD)' is not a valid TradeAction
INFO:backtest2.agents.orchestrator:Starting decision process 5490896c-ba4b-47be-9324-c9f294564262 for AAPL on 2025-06-17 00:00:00
INFO:backtest2.agents.orchestrator:Phase 1: Data Collection
ERROR:Agent.Market Analyst:Agent Market Analyst processing failed: 'DecisionContext' object has no attribute 'get'
ERROR:backtest2.agents.llm_client:Failed to generate structured response: Object of type DecisionContext is not JSON serializable
ERROR:backtest2.agents.llm_client:Failed to generate structured response: Object of type DecisionContext is not JSON serializable
ERROR:backtest2.agents.llm_client:Failed to generate structured response: Object of type DecisionContext is not JSON serializable
INFO:backtest2.agents.orchestrator:Phase 2: Investment Analysis
ERROR:backtest2.agents.llm_client:Failed to generate structured response: Object of type AgentOutput is not JSON serializable
ERROR:backtest2.agents.llm_client:Failed to generate structured response: Object of type AgentOutput is not JSON serializable
INFO:backtest2.agents.orchestrator:Phase 3: Investment Decision
INFO:backtest2.agents.orchestrator:Debate round 1
ERROR:backtest2.agents.llm_client:Failed to generate structured response: Object of type DecisionContext is not JSON serializable
INFO:backtest2.agents.orchestrator:Phase 4: Trading Decision
ERROR:Agent.Trader:Agent Trader processing failed: 'DecisionContext' object has no attribute 'get'
INFO:backtest2.agents.orchestrator:Phase 5: Risk Assessment
ERROR:backtest2.agents.llm_client:Failed to generate structured response: Object of type DecisionContext is not JSON serializable
ERROR:backtest2.agents.llm_client:Failed to generate structured response: Object of type DecisionContext is not JSON serializable
ERROR:backtest2.agents.llm_client:Failed to generate structured response: Object of type DecisionContext is not JSON serializable
INFO:backtest2.agents.orchestrator:Risk discussion round 1
ERROR:Agent.Aggressive Risk Debator:Agent Aggressive Risk Debator processing failed: 'NoneType' object has no attribute 'cash'
ERROR:Agent.Conservative Risk Debator:Agent Conservative Risk Debator processing failed: 'NoneType' object has no attribute 'cash'
ERROR:Agent.Neutral Risk Debator:Agent Neutral Risk Debator processing failed: 'NoneType' object has no attribute 'cash'
INFO:backtest2.agents.orchestrator:Phase 6: Final Decision
ERROR:backtest2.agents.llm_client:Failed to generate structured response: Object of type DecisionContext is not JSON serializable
ERROR:backtest2.agents.orchestrator:Decision process failed: 'string (BUY/SELL/HOLD)' is not a valid TradeAction
Traceback (most recent call last):
  File "/Users/y-sato/TradingAgents2/backtest2/agents/orchestrator.py", line 271, in make_decision
    final_decision = await self._final_decision_phase(risk_assessment, context)
                     ^^^^^^^^^^^^^^^^^^^^^^^^^^^^^^^^^^^^^^^^^^^^^^^^^^^^^^^^^^
  File "/Users/y-sato/TradingAgents2/backtest2/agents/orchestrator.py", line 516, in _final_decision_phase
    action=TradeAction(final_output.content.get('action', 'HOLD')),
           ~~~~~~~~~~~^^^^^^^^^^^^^^^^^^^^^^^^^^^^^^^^^^^^^^^^^^^^
  File "/usr/local/Caskroom/miniconda/base/lib/python3.13/enum.py", line 726, in __call__
    return cls.__new__(cls, value)
           ~~~~~~~~~~~^^^^^^^^^^^^
  File "/usr/local/Caskroom/miniconda/base/lib/python3.13/enum.py", line 1203, in __new__
    raise ve_exc
ValueError: 'string (BUY/SELL/HOLD)' is not a valid TradeAction
INFO:backtest2.agents.orchestrator:Starting decision process 1df23ef0-b34c-4e0f-8300-949e15b96f79 for AAPL on 2025-06-18 00:00:00
INFO:backtest2.agents.orchestrator:Phase 1: Data Collection
ERROR:Agent.Market Analyst:Agent Market Analyst processing failed: 'DecisionContext' object has no attribute 'get'
ERROR:backtest2.agents.llm_client:Failed to generate structured response: Object of type DecisionContext is not JSON serializable
ERROR:backtest2.agents.llm_client:Failed to generate structured response: Object of type DecisionContext is not JSON serializable
ERROR:backtest2.agents.llm_client:Failed to generate structured response: Object of type DecisionContext is not JSON serializable
INFO:backtest2.agents.orchestrator:Phase 2: Investment Analysis
ERROR:backtest2.agents.llm_client:Failed to generate structured response: Object of type AgentOutput is not JSON serializable
ERROR:backtest2.agents.llm_client:Failed to generate structured response: Object of type AgentOutput is not JSON serializable
INFO:backtest2.agents.orchestrator:Phase 3: Investment Decision
INFO:backtest2.agents.orchestrator:Debate round 1
ERROR:backtest2.agents.llm_client:Failed to generate structured response: Object of type DecisionContext is not JSON serializable
INFO:backtest2.agents.orchestrator:Phase 4: Trading Decision
ERROR:Agent.Trader:Agent Trader processing failed: 'DecisionContext' object has no attribute 'get'
INFO:backtest2.agents.orchestrator:Phase 5: Risk Assessment
ERROR:backtest2.agents.llm_client:Failed to generate structured response: Object of type DecisionContext is not JSON serializable
ERROR:backtest2.agents.llm_client:Failed to generate structured response: Object of type DecisionContext is not JSON serializable
ERROR:backtest2.agents.llm_client:Failed to generate structured response: Object of type DecisionContext is not JSON serializable
INFO:backtest2.agents.orchestrator:Risk discussion round 1
ERROR:Agent.Aggressive Risk Debator:Agent Aggressive Risk Debator processing failed: 'NoneType' object has no attribute 'cash'
ERROR:Agent.Conservative Risk Debator:Agent Conservative Risk Debator processing failed: 'NoneType' object has no attribute 'cash'
ERROR:Agent.Neutral Risk Debator:Agent Neutral Risk Debator processing failed: 'NoneType' object has no attribute 'cash'
INFO:backtest2.agents.orchestrator:Phase 6: Final Decision
ERROR:backtest2.agents.llm_client:Failed to generate structured response: Object of type DecisionContext is not JSON serializable
ERROR:backtest2.agents.orchestrator:Decision process failed: 'string (BUY/SELL/HOLD)' is not a valid TradeAction
Traceback (most recent call last):
  File "/Users/y-sato/TradingAgents2/backtest2/agents/orchestrator.py", line 271, in make_decision
    final_decision = await self._final_decision_phase(risk_assessment, context)
                     ^^^^^^^^^^^^^^^^^^^^^^^^^^^^^^^^^^^^^^^^^^^^^^^^^^^^^^^^^^
  File "/Users/y-sato/TradingAgents2/backtest2/agents/orchestrator.py", line 516, in _final_decision_phase
    action=TradeAction(final_output.content.get('action', 'HOLD')),
           ~~~~~~~~~~~^^^^^^^^^^^^^^^^^^^^^^^^^^^^^^^^^^^^^^^^^^^^
  File "/usr/local/Caskroom/miniconda/base/lib/python3.13/enum.py", line 726, in __call__
    return cls.__new__(cls, value)
           ~~~~~~~~~~~^^^^^^^^^^^^
  File "/usr/local/Caskroom/miniconda/base/lib/python3.13/enum.py", line 1203, in __new__
    raise ve_exc
ValueError: 'string (BUY/SELL/HOLD)' is not a valid TradeAction
INFO:backtest2.agents.orchestrator:Starting decision process 9dfc5b8b-1113-4618-accb-cff33d8f0326 for AAPL on 2025-06-19 00:00:00
INFO:backtest2.agents.orchestrator:Phase 1: Data Collection
ERROR:Agent.Market Analyst:Agent Market Analyst processing failed: 'DecisionContext' object has no attribute 'get'
ERROR:backtest2.agents.llm_client:Failed to generate structured response: Object of type DecisionContext is not JSON serializable
ERROR:backtest2.agents.llm_client:Failed to generate structured response: Object of type DecisionContext is not JSON serializable
ERROR:backtest2.agents.llm_client:Failed to generate structured response: Object of type DecisionContext is not JSON serializable
INFO:backtest2.agents.orchestrator:Phase 2: Investment Analysis
ERROR:backtest2.agents.llm_client:Failed to generate structured response: Object of type AgentOutput is not JSON serializable
ERROR:backtest2.agents.llm_client:Failed to generate structured response: Object of type AgentOutput is not JSON serializable
INFO:backtest2.agents.orchestrator:Phase 3: Investment Decision
INFO:backtest2.agents.orchestrator:Debate round 1
ERROR:backtest2.agents.llm_client:Failed to generate structured response: Object of type DecisionContext is not JSON serializable
INFO:backtest2.agents.orchestrator:Phase 4: Trading Decision
ERROR:Agent.Trader:Agent Trader processing failed: 'DecisionContext' object has no attribute 'get'
INFO:backtest2.agents.orchestrator:Phase 5: Risk Assessment
ERROR:backtest2.agents.llm_client:Failed to generate structured response: Object of type DecisionContext is not JSON serializable
ERROR:backtest2.agents.llm_client:Failed to generate structured response: Object of type DecisionContext is not JSON serializable
ERROR:backtest2.agents.llm_client:Failed to generate structured response: Object of type DecisionContext is not JSON serializable
INFO:backtest2.agents.orchestrator:Risk discussion round 1
ERROR:Agent.Aggressive Risk Debator:Agent Aggressive Risk Debator processing failed: 'NoneType' object has no attribute 'cash'
ERROR:Agent.Conservative Risk Debator:Agent Conservative Risk Debator processing failed: 'NoneType' object has no attribute 'cash'
ERROR:Agent.Neutral Risk Debator:Agent Neutral Risk Debator processing failed: 'NoneType' object has no attribute 'cash'
INFO:backtest2.agents.orchestrator:Phase 6: Final Decision
ERROR:backtest2.agents.llm_client:Failed to generate structured response: Object of type DecisionContext is not JSON serializable
ERROR:backtest2.agents.orchestrator:Decision process failed: 'string (BUY/SELL/HOLD)' is not a valid TradeAction
Traceback (most recent call last):
  File "/Users/y-sato/TradingAgents2/backtest2/agents/orchestrator.py", line 271, in make_decision
    final_decision = await self._final_decision_phase(risk_assessment, context)
                     ^^^^^^^^^^^^^^^^^^^^^^^^^^^^^^^^^^^^^^^^^^^^^^^^^^^^^^^^^^
  File "/Users/y-sato/TradingAgents2/backtest2/agents/orchestrator.py", line 516, in _final_decision_phase
    action=TradeAction(final_output.content.get('action', 'HOLD')),
           ~~~~~~~~~~~^^^^^^^^^^^^^^^^^^^^^^^^^^^^^^^^^^^^^^^^^^^^
  File "/usr/local/Caskroom/miniconda/base/lib/python3.13/enum.py", line 726, in __call__
    return cls.__new__(cls, value)
           ~~~~~~~~~~~^^^^^^^^^^^^
  File "/usr/local/Caskroom/miniconda/base/lib/python3.13/enum.py", line 1203, in __new__
    raise ve_exc
ValueError: 'string (BUY/SELL/HOLD)' is not a valid TradeAction
INFO:backtest2.agents.orchestrator:Starting decision process f651898f-9ad9-4e96-a611-d2c8641bfe85 for AAPL on 2025-06-20 00:00:00
INFO:backtest2.agents.orchestrator:Phase 1: Data Collection
ERROR:Agent.Market Analyst:Agent Market Analyst processing failed: 'DecisionContext' object has no attribute 'get'
ERROR:backtest2.agents.llm_client:Failed to generate structured response: Object of type DecisionContext is not JSON serializable
ERROR:backtest2.agents.llm_client:Failed to generate structured response: Object of type DecisionContext is not JSON serializable
ERROR:backtest2.agents.llm_client:Failed to generate structured response: Object of type DecisionContext is not JSON serializable
INFO:backtest2.agents.orchestrator:Phase 2: Investment Analysis
ERROR:backtest2.agents.llm_client:Failed to generate structured response: Object of type AgentOutput is not JSON serializable
ERROR:backtest2.agents.llm_client:Failed to generate structured response: Object of type AgentOutput is not JSON serializable
INFO:backtest2.agents.orchestrator:Phase 3: Investment Decision
INFO:backtest2.agents.orchestrator:Debate round 1
ERROR:backtest2.agents.llm_client:Failed to generate structured response: Object of type DecisionContext is not JSON serializable
INFO:backtest2.agents.orchestrator:Phase 4: Trading Decision
ERROR:Agent.Trader:Agent Trader processing failed: 'DecisionContext' object has no attribute 'get'
INFO:backtest2.agents.orchestrator:Phase 5: Risk Assessment
ERROR:backtest2.agents.llm_client:Failed to generate structured response: Object of type DecisionContext is not JSON serializable
ERROR:backtest2.agents.llm_client:Failed to generate structured response: Object of type DecisionContext is not JSON serializable
ERROR:backtest2.agents.llm_client:Failed to generate structured response: Object of type DecisionContext is not JSON serializable
INFO:backtest2.agents.orchestrator:Risk discussion round 1
ERROR:Agent.Aggressive Risk Debator:Agent Aggressive Risk Debator processing failed: 'NoneType' object has no attribute 'cash'
ERROR:Agent.Conservative Risk Debator:Agent Conservative Risk Debator processing failed: 'NoneType' object has no attribute 'cash'
ERROR:Agent.Neutral Risk Debator:Agent Neutral Risk Debator processing failed: 'NoneType' object has no attribute 'cash'
INFO:backtest2.agents.orchestrator:Phase 6: Final Decision
ERROR:backtest2.agents.llm_client:Failed to generate structured response: Object of type DecisionContext is not JSON serializable
ERROR:backtest2.agents.orchestrator:Decision process failed: 'string (BUY/SELL/HOLD)' is not a valid TradeAction
Traceback (most recent call last):
  File "/Users/y-sato/TradingAgents2/backtest2/agents/orchestrator.py", line 271, in make_decision
    final_decision = await self._final_decision_phase(risk_assessment, context)
                     ^^^^^^^^^^^^^^^^^^^^^^^^^^^^^^^^^^^^^^^^^^^^^^^^^^^^^^^^^^
  File "/Users/y-sato/TradingAgents2/backtest2/agents/orchestrator.py", line 516, in _final_decision_phase
    action=TradeAction(final_output.content.get('action', 'HOLD')),
           ~~~~~~~~~~~^^^^^^^^^^^^^^^^^^^^^^^^^^^^^^^^^^^^^^^^^^^^
  File "/usr/local/Caskroom/miniconda/base/lib/python3.13/enum.py", line 726, in __call__
    return cls.__new__(cls, value)
           ~~~~~~~~~~~^^^^^^^^^^^^
  File "/usr/local/Caskroom/miniconda/base/lib/python3.13/enum.py", line 1203, in __new__
    raise ve_exc
ValueError: 'string (BUY/SELL/HOLD)' is not a valid TradeAction
INFO:backtest2.agents.orchestrator:Starting decision process 5b9e0420-a277-460b-8f35-67df99119b11 for AAPL on 2025-06-23 00:00:00
INFO:backtest2.agents.orchestrator:Phase 1: Data Collection
ERROR:Agent.Market Analyst:Agent Market Analyst processing failed: 'DecisionContext' object has no attribute 'get'
ERROR:backtest2.agents.llm_client:Failed to generate structured response: Object of type DecisionContext is not JSON serializable
ERROR:backtest2.agents.llm_client:Failed to generate structured response: Object of type DecisionContext is not JSON serializable
ERROR:backtest2.agents.llm_client:Failed to generate structured response: Object of type DecisionContext is not JSON serializable
INFO:backtest2.agents.orchestrator:Phase 2: Investment Analysis
ERROR:backtest2.agents.llm_client:Failed to generate structured response: Object of type AgentOutput is not JSON serializable
ERROR:backtest2.agents.llm_client:Failed to generate structured response: Object of type AgentOutput is not JSON serializable
INFO:backtest2.agents.orchestrator:Phase 3: Investment Decision
INFO:backtest2.agents.orchestrator:Debate round 1
ERROR:backtest2.agents.llm_client:Failed to generate structured response: Object of type DecisionContext is not JSON serializable
INFO:backtest2.agents.orchestrator:Phase 4: Trading Decision
ERROR:Agent.Trader:Agent Trader processing failed: 'DecisionContext' object has no attribute 'get'
INFO:backtest2.agents.orchestrator:Phase 5: Risk Assessment
ERROR:backtest2.agents.llm_client:Failed to generate structured response: Object of type DecisionContext is not JSON serializable
ERROR:backtest2.agents.llm_client:Failed to generate structured response: Object of type DecisionContext is not JSON serializable
ERROR:backtest2.agents.llm_client:Failed to generate structured response: Object of type DecisionContext is not JSON serializable
INFO:backtest2.agents.orchestrator:Risk discussion round 1
ERROR:Agent.Aggressive Risk Debator:Agent Aggressive Risk Debator processing failed: 'NoneType' object has no attribute 'cash'
ERROR:Agent.Conservative Risk Debator:Agent Conservative Risk Debator processing failed: 'NoneType' object has no attribute 'cash'
ERROR:Agent.Neutral Risk Debator:Agent Neutral Risk Debator processing failed: 'NoneType' object has no attribute 'cash'
INFO:backtest2.agents.orchestrator:Phase 6: Final Decision
ERROR:backtest2.agents.llm_client:Failed to generate structured response: Object of type DecisionContext is not JSON serializable
ERROR:backtest2.agents.orchestrator:Decision process failed: 'string (BUY/SELL/HOLD)' is not a valid TradeAction
Traceback (most recent call last):
  File "/Users/y-sato/TradingAgents2/backtest2/agents/orchestrator.py", line 271, in make_decision
    final_decision = await self._final_decision_phase(risk_assessment, context)
                     ^^^^^^^^^^^^^^^^^^^^^^^^^^^^^^^^^^^^^^^^^^^^^^^^^^^^^^^^^^
  File "/Users/y-sato/TradingAgents2/backtest2/agents/orchestrator.py", line 516, in _final_decision_phase
    action=TradeAction(final_output.content.get('action', 'HOLD')),
           ~~~~~~~~~~~^^^^^^^^^^^^^^^^^^^^^^^^^^^^^^^^^^^^^^^^^^^^
  File "/usr/local/Caskroom/miniconda/base/lib/python3.13/enum.py", line 726, in __call__
    return cls.__new__(cls, value)
           ~~~~~~~~~~~^^^^^^^^^^^^
  File "/usr/local/Caskroom/miniconda/base/lib/python3.13/enum.py", line 1203, in __new__
    raise ve_exc
ValueError: 'string (BUY/SELL/HOLD)' is not a valid TradeAction
INFO:backtest2.agents.orchestrator:Starting decision process 63f90e87-f42b-47f6-97e3-ff040229b942 for AAPL on 2025-06-24 00:00:00
INFO:backtest2.agents.orchestrator:Phase 1: Data Collection
ERROR:Agent.Market Analyst:Agent Market Analyst processing failed: 'DecisionContext' object has no attribute 'get'
ERROR:backtest2.agents.llm_client:Failed to generate structured response: Object of type DecisionContext is not JSON serializable
ERROR:backtest2.agents.llm_client:Failed to generate structured response: Object of type DecisionContext is not JSON serializable
ERROR:backtest2.agents.llm_client:Failed to generate structured response: Object of type DecisionContext is not JSON serializable
INFO:backtest2.agents.orchestrator:Phase 2: Investment Analysis
ERROR:backtest2.agents.llm_client:Failed to generate structured response: Object of type AgentOutput is not JSON serializable
ERROR:backtest2.agents.llm_client:Failed to generate structured response: Object of type AgentOutput is not JSON serializable
INFO:backtest2.agents.orchestrator:Phase 3: Investment Decision
INFO:backtest2.agents.orchestrator:Debate round 1
ERROR:backtest2.agents.llm_client:Failed to generate structured response: Object of type DecisionContext is not JSON serializable
INFO:backtest2.agents.orchestrator:Phase 4: Trading Decision
ERROR:Agent.Trader:Agent Trader processing failed: 'DecisionContext' object has no attribute 'get'
INFO:backtest2.agents.orchestrator:Phase 5: Risk Assessment
ERROR:backtest2.agents.llm_client:Failed to generate structured response: Object of type DecisionContext is not JSON serializable
ERROR:backtest2.agents.llm_client:Failed to generate structured response: Object of type DecisionContext is not JSON serializable
ERROR:backtest2.agents.llm_client:Failed to generate structured response: Object of type DecisionContext is not JSON serializable
INFO:backtest2.agents.orchestrator:Risk discussion round 1
ERROR:Agent.Aggressive Risk Debator:Agent Aggressive Risk Debator processing failed: 'NoneType' object has no attribute 'cash'
ERROR:Agent.Conservative Risk Debator:Agent Conservative Risk Debator processing failed: 'NoneType' object has no attribute 'cash'
ERROR:Agent.Neutral Risk Debator:Agent Neutral Risk Debator processing failed: 'NoneType' object has no attribute 'cash'
INFO:backtest2.agents.orchestrator:Phase 6: Final Decision
ERROR:backtest2.agents.llm_client:Failed to generate structured response: Object of type DecisionContext is not JSON serializable
ERROR:backtest2.agents.orchestrator:Decision process failed: 'string (BUY/SELL/HOLD)' is not a valid TradeAction
Traceback (most recent call last):
  File "/Users/y-sato/TradingAgents2/backtest2/agents/orchestrator.py", line 271, in make_decision
    final_decision = await self._final_decision_phase(risk_assessment, context)
                     ^^^^^^^^^^^^^^^^^^^^^^^^^^^^^^^^^^^^^^^^^^^^^^^^^^^^^^^^^^
  File "/Users/y-sato/TradingAgents2/backtest2/agents/orchestrator.py", line 516, in _final_decision_phase
    action=TradeAction(final_output.content.get('action', 'HOLD')),
           ~~~~~~~~~~~^^^^^^^^^^^^^^^^^^^^^^^^^^^^^^^^^^^^^^^^^^^^
  File "/usr/local/Caskroom/miniconda/base/lib/python3.13/enum.py", line 726, in __call__
    return cls.__new__(cls, value)
           ~~~~~~~~~~~^^^^^^^^^^^^
  File "/usr/local/Caskroom/miniconda/base/lib/python3.13/enum.py", line 1203, in __new__
    raise ve_exc
ValueError: 'string (BUY/SELL/HOLD)' is not a valid TradeAction
INFO:backtest2.agents.orchestrator:Starting decision process 6106e084-9480-42ef-8fee-cd7adf7411c4 for AAPL on 2025-06-25 00:00:00
INFO:backtest2.agents.orchestrator:Phase 1: Data Collection
ERROR:Agent.Market Analyst:Agent Market Analyst processing failed: 'DecisionContext' object has no attribute 'get'
ERROR:backtest2.agents.llm_client:Failed to generate structured response: Object of type DecisionContext is not JSON serializable
ERROR:backtest2.agents.llm_client:Failed to generate structured response: Object of type DecisionContext is not JSON serializable
ERROR:backtest2.agents.llm_client:Failed to generate structured response: Object of type DecisionContext is not JSON serializable
INFO:backtest2.agents.orchestrator:Phase 2: Investment Analysis
ERROR:backtest2.agents.llm_client:Failed to generate structured response: Object of type AgentOutput is not JSON serializable
ERROR:backtest2.agents.llm_client:Failed to generate structured response: Object of type AgentOutput is not JSON serializable
INFO:backtest2.agents.orchestrator:Phase 3: Investment Decision
INFO:backtest2.agents.orchestrator:Debate round 1
ERROR:backtest2.agents.llm_client:Failed to generate structured response: Object of type DecisionContext is not JSON serializable
INFO:backtest2.agents.orchestrator:Phase 4: Trading Decision
ERROR:Agent.Trader:Agent Trader processing failed: 'DecisionContext' object has no attribute 'get'
INFO:backtest2.agents.orchestrator:Phase 5: Risk Assessment
ERROR:backtest2.agents.llm_client:Failed to generate structured response: Object of type DecisionContext is not JSON serializable
ERROR:backtest2.agents.llm_client:Failed to generate structured response: Object of type DecisionContext is not JSON serializable
ERROR:backtest2.agents.llm_client:Failed to generate structured response: Object of type DecisionContext is not JSON serializable
INFO:backtest2.agents.orchestrator:Risk discussion round 1
ERROR:Agent.Aggressive Risk Debator:Agent Aggressive Risk Debator processing failed: 'NoneType' object has no attribute 'cash'
ERROR:Agent.Conservative Risk Debator:Agent Conservative Risk Debator processing failed: 'NoneType' object has no attribute 'cash'
ERROR:Agent.Neutral Risk Debator:Agent Neutral Risk Debator processing failed: 'NoneType' object has no attribute 'cash'
INFO:backtest2.agents.orchestrator:Phase 6: Final Decision
ERROR:backtest2.agents.llm_client:Failed to generate structured response: Object of type DecisionContext is not JSON serializable
ERROR:backtest2.agents.orchestrator:Decision process failed: 'string (BUY/SELL/HOLD)' is not a valid TradeAction
Traceback (most recent call last):
  File "/Users/y-sato/TradingAgents2/backtest2/agents/orchestrator.py", line 271, in make_decision
    final_decision = await self._final_decision_phase(risk_assessment, context)
                     ^^^^^^^^^^^^^^^^^^^^^^^^^^^^^^^^^^^^^^^^^^^^^^^^^^^^^^^^^^
  File "/Users/y-sato/TradingAgents2/backtest2/agents/orchestrator.py", line 516, in _final_decision_phase
    action=TradeAction(final_output.content.get('action', 'HOLD')),
           ~~~~~~~~~~~^^^^^^^^^^^^^^^^^^^^^^^^^^^^^^^^^^^^^^^^^^^^
  File "/usr/local/Caskroom/miniconda/base/lib/python3.13/enum.py", line 726, in __call__
    return cls.__new__(cls, value)
           ~~~~~~~~~~~^^^^^^^^^^^^
  File "/usr/local/Caskroom/miniconda/base/lib/python3.13/enum.py", line 1203, in __new__
    raise ve_exc
ValueError: 'string (BUY/SELL/HOLD)' is not a valid TradeAction
INFO:backtest2.agents.orchestrator:Starting decision process 0f0795e2-7507-468c-b81c-ea0ca77e1ac8 for AAPL on 2025-06-26 00:00:00
INFO:backtest2.agents.orchestrator:Phase 1: Data Collection
ERROR:Agent.Market Analyst:Agent Market Analyst processing failed: 'DecisionContext' object has no attribute 'get'
ERROR:backtest2.agents.llm_client:Failed to generate structured response: Object of type DecisionContext is not JSON serializable
ERROR:backtest2.agents.llm_client:Failed to generate structured response: Object of type DecisionContext is not JSON serializable
ERROR:backtest2.agents.llm_client:Failed to generate structured response: Object of type DecisionContext is not JSON serializable
INFO:backtest2.agents.orchestrator:Phase 2: Investment Analysis
ERROR:backtest2.agents.llm_client:Failed to generate structured response: Object of type AgentOutput is not JSON serializable
ERROR:backtest2.agents.llm_client:Failed to generate structured response: Object of type AgentOutput is not JSON serializable
INFO:backtest2.agents.orchestrator:Phase 3: Investment Decision
INFO:backtest2.agents.orchestrator:Debate round 1
ERROR:backtest2.agents.llm_client:Failed to generate structured response: Object of type DecisionContext is not JSON serializable
INFO:backtest2.agents.orchestrator:Phase 4: Trading Decision
ERROR:Agent.Trader:Agent Trader processing failed: 'DecisionContext' object has no attribute 'get'
INFO:backtest2.agents.orchestrator:Phase 5: Risk Assessment
ERROR:backtest2.agents.llm_client:Failed to generate structured response: Object of type DecisionContext is not JSON serializable
ERROR:backtest2.agents.llm_client:Failed to generate structured response: Object of type DecisionContext is not JSON serializable
ERROR:backtest2.agents.llm_client:Failed to generate structured response: Object of type DecisionContext is not JSON serializable
INFO:backtest2.agents.orchestrator:Risk discussion round 1
ERROR:Agent.Aggressive Risk Debator:Agent Aggressive Risk Debator processing failed: 'NoneType' object has no attribute 'cash'
ERROR:Agent.Conservative Risk Debator:Agent Conservative Risk Debator processing failed: 'NoneType' object has no attribute 'cash'
ERROR:Agent.Neutral Risk Debator:Agent Neutral Risk Debator processing failed: 'NoneType' object has no attribute 'cash'
INFO:backtest2.agents.orchestrator:Phase 6: Final Decision
ERROR:backtest2.agents.llm_client:Failed to generate structured response: Object of type DecisionContext is not JSON serializable
ERROR:backtest2.agents.orchestrator:Decision process failed: 'string (BUY/SELL/HOLD)' is not a valid TradeAction
Traceback (most recent call last):
  File "/Users/y-sato/TradingAgents2/backtest2/agents/orchestrator.py", line 271, in make_decision
    final_decision = await self._final_decision_phase(risk_assessment, context)
                     ^^^^^^^^^^^^^^^^^^^^^^^^^^^^^^^^^^^^^^^^^^^^^^^^^^^^^^^^^^
  File "/Users/y-sato/TradingAgents2/backtest2/agents/orchestrator.py", line 516, in _final_decision_phase
    action=TradeAction(final_output.content.get('action', 'HOLD')),
           ~~~~~~~~~~~^^^^^^^^^^^^^^^^^^^^^^^^^^^^^^^^^^^^^^^^^^^^
  File "/usr/local/Caskroom/miniconda/base/lib/python3.13/enum.py", line 726, in __call__
    return cls.__new__(cls, value)
           ~~~~~~~~~~~^^^^^^^^^^^^
  File "/usr/local/Caskroom/miniconda/base/lib/python3.13/enum.py", line 1203, in __new__
    raise ve_exc
ValueError: 'string (BUY/SELL/HOLD)' is not a valid TradeAction
INFO:backtest2.agents.orchestrator:Starting decision process b39f7206-1949-45d6-aa00-f531c9e8678f for AAPL on 2025-06-27 00:00:00
INFO:backtest2.agents.orchestrator:Phase 1: Data Collection
ERROR:Agent.Market Analyst:Agent Market Analyst processing failed: 'DecisionContext' object has no attribute 'get'
ERROR:backtest2.agents.llm_client:Failed to generate structured response: Object of type DecisionContext is not JSON serializable
ERROR:backtest2.agents.llm_client:Failed to generate structured response: Object of type DecisionContext is not JSON serializable
ERROR:backtest2.agents.llm_client:Failed to generate structured response: Object of type DecisionContext is not JSON serializable
INFO:backtest2.agents.orchestrator:Phase 2: Investment Analysis
ERROR:backtest2.agents.llm_client:Failed to generate structured response: Object of type AgentOutput is not JSON serializable
ERROR:backtest2.agents.llm_client:Failed to generate structured response: Object of type AgentOutput is not JSON serializable
INFO:backtest2.agents.orchestrator:Phase 3: Investment Decision
INFO:backtest2.agents.orchestrator:Debate round 1
ERROR:backtest2.agents.llm_client:Failed to generate structured response: Object of type DecisionContext is not JSON serializable
INFO:backtest2.agents.orchestrator:Phase 4: Trading Decision
ERROR:Agent.Trader:Agent Trader processing failed: 'DecisionContext' object has no attribute 'get'
INFO:backtest2.agents.orchestrator:Phase 5: Risk Assessment
ERROR:backtest2.agents.llm_client:Failed to generate structured response: Object of type DecisionContext is not JSON serializable
ERROR:backtest2.agents.llm_client:Failed to generate structured response: Object of type DecisionContext is not JSON serializable
ERROR:backtest2.agents.llm_client:Failed to generate structured response: Object of type DecisionContext is not JSON serializable
INFO:backtest2.agents.orchestrator:Risk discussion round 1
ERROR:Agent.Aggressive Risk Debator:Agent Aggressive Risk Debator processing failed: 'NoneType' object has no attribute 'cash'
ERROR:Agent.Conservative Risk Debator:Agent Conservative Risk Debator processing failed: 'NoneType' object has no attribute 'cash'
ERROR:Agent.Neutral Risk Debator:Agent Neutral Risk Debator processing failed: 'NoneType' object has no attribute 'cash'
INFO:backtest2.agents.orchestrator:Phase 6: Final Decision
ERROR:backtest2.agents.llm_client:Failed to generate structured response: Object of type DecisionContext is not JSON serializable
ERROR:backtest2.agents.orchestrator:Decision process failed: 'string (BUY/SELL/HOLD)' is not a valid TradeAction
Traceback (most recent call last):
  File "/Users/y-sato/TradingAgents2/backtest2/agents/orchestrator.py", line 271, in make_decision
    final_decision = await self._final_decision_phase(risk_assessment, context)
                     ^^^^^^^^^^^^^^^^^^^^^^^^^^^^^^^^^^^^^^^^^^^^^^^^^^^^^^^^^^
  File "/Users/y-sato/TradingAgents2/backtest2/agents/orchestrator.py", line 516, in _final_decision_phase
    action=TradeAction(final_output.content.get('action', 'HOLD')),
           ~~~~~~~~~~~^^^^^^^^^^^^^^^^^^^^^^^^^^^^^^^^^^^^^^^^^^^^
  File "/usr/local/Caskroom/miniconda/base/lib/python3.13/enum.py", line 726, in __call__
    return cls.__new__(cls, value)
           ~~~~~~~~~~~^^^^^^^^^^^^
  File "/usr/local/Caskroom/miniconda/base/lib/python3.13/enum.py", line 1203, in __new__
    raise ve_exc
ValueError: 'string (BUY/SELL/HOLD)' is not a valid TradeAction
INFO:backtest2.agents.orchestrator:Starting decision process 7daa6184-146c-4f25-9bd7-bd77f068a45b for AAPL on 2025-06-30 00:00:00
INFO:backtest2.agents.orchestrator:Phase 1: Data Collection
ERROR:Agent.Market Analyst:Agent Market Analyst processing failed: 'DecisionContext' object has no attribute 'get'
ERROR:backtest2.agents.llm_client:Failed to generate structured response: Object of type DecisionContext is not JSON serializable
ERROR:backtest2.agents.llm_client:Failed to generate structured response: Object of type DecisionContext is not JSON serializable
ERROR:backtest2.agents.llm_client:Failed to generate structured response: Object of type DecisionContext is not JSON serializable
INFO:backtest2.agents.orchestrator:Phase 2: Investment Analysis
ERROR:backtest2.agents.llm_client:Failed to generate structured response: Object of type AgentOutput is not JSON serializable
ERROR:backtest2.agents.llm_client:Failed to generate structured response: Object of type AgentOutput is not JSON serializable
INFO:backtest2.agents.orchestrator:Phase 3: Investment Decision
INFO:backtest2.agents.orchestrator:Debate round 1
ERROR:backtest2.agents.llm_client:Failed to generate structured response: Object of type DecisionContext is not JSON serializable
INFO:backtest2.agents.orchestrator:Phase 4: Trading Decision
ERROR:Agent.Trader:Agent Trader processing failed: 'DecisionContext' object has no attribute 'get'
INFO:backtest2.agents.orchestrator:Phase 5: Risk Assessment
ERROR:backtest2.agents.llm_client:Failed to generate structured response: Object of type DecisionContext is not JSON serializable
ERROR:backtest2.agents.llm_client:Failed to generate structured response: Object of type DecisionContext is not JSON serializable
ERROR:backtest2.agents.llm_client:Failed to generate structured response: Object of type DecisionContext is not JSON serializable
INFO:backtest2.agents.orchestrator:Risk discussion round 1
ERROR:Agent.Aggressive Risk Debator:Agent Aggressive Risk Debator processing failed: 'NoneType' object has no attribute 'cash'
ERROR:Agent.Conservative Risk Debator:Agent Conservative Risk Debator processing failed: 'NoneType' object has no attribute 'cash'
ERROR:Agent.Neutral Risk Debator:Agent Neutral Risk Debator processing failed: 'NoneType' object has no attribute 'cash'
INFO:backtest2.agents.orchestrator:Phase 6: Final Decision
ERROR:backtest2.agents.llm_client:Failed to generate structured response: Object of type DecisionContext is not JSON serializable
ERROR:backtest2.agents.orchestrator:Decision process failed: 'string (BUY/SELL/HOLD)' is not a valid TradeAction
Traceback (most recent call last):
  File "/Users/y-sato/TradingAgents2/backtest2/agents/orchestrator.py", line 271, in make_decision
    final_decision = await self._final_decision_phase(risk_assessment, context)
                     ^^^^^^^^^^^^^^^^^^^^^^^^^^^^^^^^^^^^^^^^^^^^^^^^^^^^^^^^^^
  File "/Users/y-sato/TradingAgents2/backtest2/agents/orchestrator.py", line 516, in _final_decision_phase
    action=TradeAction(final_output.content.get('action', 'HOLD')),
           ~~~~~~~~~~~^^^^^^^^^^^^^^^^^^^^^^^^^^^^^^^^^^^^^^^^^^^^
  File "/usr/local/Caskroom/miniconda/base/lib/python3.13/enum.py", line 726, in __call__
    return cls.__new__(cls, value)
           ~~~~~~~~~~~^^^^^^^^^^^^
  File "/usr/local/Caskroom/miniconda/base/lib/python3.13/enum.py", line 1203, in __new__
    raise ve_exc
ValueError: 'string (BUY/SELL/HOLD)' is not a valid TradeAction
INFO:backtest2.agents.orchestrator:Starting decision process 1b7e228e-a690-4087-8684-9c4ebc68929c for AAPL on 2025-07-01 00:00:00
INFO:backtest2.agents.orchestrator:Phase 1: Data Collection
ERROR:Agent.Market Analyst:Agent Market Analyst processing failed: 'DecisionContext' object has no attribute 'get'
ERROR:backtest2.agents.llm_client:Failed to generate structured response: Object of type DecisionContext is not JSON serializable
ERROR:backtest2.agents.llm_client:Failed to generate structured response: Object of type DecisionContext is not JSON serializable
ERROR:backtest2.agents.llm_client:Failed to generate structured response: Object of type DecisionContext is not JSON serializable
INFO:backtest2.agents.orchestrator:Phase 2: Investment Analysis
ERROR:backtest2.agents.llm_client:Failed to generate structured response: Object of type AgentOutput is not JSON serializable
ERROR:backtest2.agents.llm_client:Failed to generate structured response: Object of type AgentOutput is not JSON serializable
INFO:backtest2.agents.orchestrator:Phase 3: Investment Decision
INFO:backtest2.agents.orchestrator:Debate round 1
ERROR:backtest2.agents.llm_client:Failed to generate structured response: Object of type DecisionContext is not JSON serializable
INFO:backtest2.agents.orchestrator:Phase 4: Trading Decision
ERROR:Agent.Trader:Agent Trader processing failed: 'DecisionContext' object has no attribute 'get'
INFO:backtest2.agents.orchestrator:Phase 5: Risk Assessment
ERROR:backtest2.agents.llm_client:Failed to generate structured response: Object of type DecisionContext is not JSON serializable
ERROR:backtest2.agents.llm_client:Failed to generate structured response: Object of type DecisionContext is not JSON serializable
ERROR:backtest2.agents.llm_client:Failed to generate structured response: Object of type DecisionContext is not JSON serializable
INFO:backtest2.agents.orchestrator:Risk discussion round 1
ERROR:Agent.Aggressive Risk Debator:Agent Aggressive Risk Debator processing failed: 'NoneType' object has no attribute 'cash'
ERROR:Agent.Conservative Risk Debator:Agent Conservative Risk Debator processing failed: 'NoneType' object has no attribute 'cash'
ERROR:Agent.Neutral Risk Debator:Agent Neutral Risk Debator processing failed: 'NoneType' object has no attribute 'cash'
INFO:backtest2.agents.orchestrator:Phase 6: Final Decision
ERROR:backtest2.agents.llm_client:Failed to generate structured response: Object of type DecisionContext is not JSON serializable
ERROR:backtest2.agents.orchestrator:Decision process failed: 'string (BUY/SELL/HOLD)' is not a valid TradeAction
Traceback (most recent call last):
  File "/Users/y-sato/TradingAgents2/backtest2/agents/orchestrator.py", line 271, in make_decision
    final_decision = await self._final_decision_phase(risk_assessment, context)
                     ^^^^^^^^^^^^^^^^^^^^^^^^^^^^^^^^^^^^^^^^^^^^^^^^^^^^^^^^^^
  File "/Users/y-sato/TradingAgents2/backtest2/agents/orchestrator.py", line 516, in _final_decision_phase
    action=TradeAction(final_output.content.get('action', 'HOLD')),
           ~~~~~~~~~~~^^^^^^^^^^^^^^^^^^^^^^^^^^^^^^^^^^^^^^^^^^^^
  File "/usr/local/Caskroom/miniconda/base/lib/python3.13/enum.py", line 726, in __call__
    return cls.__new__(cls, value)
           ~~~~~~~~~~~^^^^^^^^^^^^
  File "/usr/local/Caskroom/miniconda/base/lib/python3.13/enum.py", line 1203, in __new__
    raise ve_exc
ValueError: 'string (BUY/SELL/HOLD)' is not a valid TradeAction
INFO:backtest2.agents.orchestrator:Starting decision process cce66433-aa3e-4b85-86d8-5c50e484ee96 for AAPL on 2025-07-02 00:00:00
INFO:backtest2.agents.orchestrator:Phase 1: Data Collection
ERROR:Agent.Market Analyst:Agent Market Analyst processing failed: 'DecisionContext' object has no attribute 'get'
ERROR:backtest2.agents.llm_client:Failed to generate structured response: Object of type DecisionContext is not JSON serializable
ERROR:backtest2.agents.llm_client:Failed to generate structured response: Object of type DecisionContext is not JSON serializable
ERROR:backtest2.agents.llm_client:Failed to generate structured response: Object of type DecisionContext is not JSON serializable
INFO:backtest2.agents.orchestrator:Phase 2: Investment Analysis
ERROR:backtest2.agents.llm_client:Failed to generate structured response: Object of type AgentOutput is not JSON serializable
ERROR:backtest2.agents.llm_client:Failed to generate structured response: Object of type AgentOutput is not JSON serializable
INFO:backtest2.agents.orchestrator:Phase 3: Investment Decision
INFO:backtest2.agents.orchestrator:Debate round 1
ERROR:backtest2.agents.llm_client:Failed to generate structured response: Object of type DecisionContext is not JSON serializable
INFO:backtest2.agents.orchestrator:Phase 4: Trading Decision
ERROR:Agent.Trader:Agent Trader processing failed: 'DecisionContext' object has no attribute 'get'
INFO:backtest2.agents.orchestrator:Phase 5: Risk Assessment
ERROR:backtest2.agents.llm_client:Failed to generate structured response: Object of type DecisionContext is not JSON serializable
ERROR:backtest2.agents.llm_client:Failed to generate structured response: Object of type DecisionContext is not JSON serializable
ERROR:backtest2.agents.llm_client:Failed to generate structured response: Object of type DecisionContext is not JSON serializable
INFO:backtest2.agents.orchestrator:Risk discussion round 1
ERROR:Agent.Aggressive Risk Debator:Agent Aggressive Risk Debator processing failed: 'NoneType' object has no attribute 'cash'
ERROR:Agent.Conservative Risk Debator:Agent Conservative Risk Debator processing failed: 'NoneType' object has no attribute 'cash'
ERROR:Agent.Neutral Risk Debator:Agent Neutral Risk Debator processing failed: 'NoneType' object has no attribute 'cash'
INFO:backtest2.agents.orchestrator:Phase 6: Final Decision
ERROR:backtest2.agents.llm_client:Failed to generate structured response: Object of type DecisionContext is not JSON serializable
ERROR:backtest2.agents.orchestrator:Decision process failed: 'string (BUY/SELL/HOLD)' is not a valid TradeAction
Traceback (most recent call last):
  File "/Users/y-sato/TradingAgents2/backtest2/agents/orchestrator.py", line 271, in make_decision
    final_decision = await self._final_decision_phase(risk_assessment, context)
                     ^^^^^^^^^^^^^^^^^^^^^^^^^^^^^^^^^^^^^^^^^^^^^^^^^^^^^^^^^^
  File "/Users/y-sato/TradingAgents2/backtest2/agents/orchestrator.py", line 516, in _final_decision_phase
    action=TradeAction(final_output.content.get('action', 'HOLD')),
           ~~~~~~~~~~~^^^^^^^^^^^^^^^^^^^^^^^^^^^^^^^^^^^^^^^^^^^^
  File "/usr/local/Caskroom/miniconda/base/lib/python3.13/enum.py", line 726, in __call__
    return cls.__new__(cls, value)
           ~~~~~~~~~~~^^^^^^^^^^^^
  File "/usr/local/Caskroom/miniconda/base/lib/python3.13/enum.py", line 1203, in __new__
    raise ve_exc
ValueError: 'string (BUY/SELL/HOLD)' is not a valid TradeAction
INFO:backtest2.agents.orchestrator:Starting decision process fc723c06-64ce-45cb-a371-ddb715c02baa for AAPL on 2025-07-03 00:00:00
INFO:backtest2.agents.orchestrator:Phase 1: Data Collection
ERROR:Agent.Market Analyst:Agent Market Analyst processing failed: 'DecisionContext' object has no attribute 'get'
ERROR:backtest2.agents.llm_client:Failed to generate structured response: Object of type DecisionContext is not JSON serializable
ERROR:backtest2.agents.llm_client:Failed to generate structured response: Object of type DecisionContext is not JSON serializable
ERROR:backtest2.agents.llm_client:Failed to generate structured response: Object of type DecisionContext is not JSON serializable
INFO:backtest2.agents.orchestrator:Phase 2: Investment Analysis
ERROR:backtest2.agents.llm_client:Failed to generate structured response: Object of type AgentOutput is not JSON serializable
ERROR:backtest2.agents.llm_client:Failed to generate structured response: Object of type AgentOutput is not JSON serializable
INFO:backtest2.agents.orchestrator:Phase 3: Investment Decision
INFO:backtest2.agents.orchestrator:Debate round 1
ERROR:backtest2.agents.llm_client:Failed to generate structured response: Object of type DecisionContext is not JSON serializable
INFO:backtest2.agents.orchestrator:Phase 4: Trading Decision
ERROR:Agent.Trader:Agent Trader processing failed: 'DecisionContext' object has no attribute 'get'
INFO:backtest2.agents.orchestrator:Phase 5: Risk Assessment
ERROR:backtest2.agents.llm_client:Failed to generate structured response: Object of type DecisionContext is not JSON serializable
ERROR:backtest2.agents.llm_client:Failed to generate structured response: Object of type DecisionContext is not JSON serializable
ERROR:backtest2.agents.llm_client:Failed to generate structured response: Object of type DecisionContext is not JSON serializable
INFO:backtest2.agents.orchestrator:Risk discussion round 1
ERROR:Agent.Aggressive Risk Debator:Agent Aggressive Risk Debator processing failed: 'NoneType' object has no attribute 'cash'
ERROR:Agent.Conservative Risk Debator:Agent Conservative Risk Debator processing failed: 'NoneType' object has no attribute 'cash'
ERROR:Agent.Neutral Risk Debator:Agent Neutral Risk Debator processing failed: 'NoneType' object has no attribute 'cash'
INFO:backtest2.agents.orchestrator:Phase 6: Final Decision
ERROR:backtest2.agents.llm_client:Failed to generate structured response: Object of type DecisionContext is not JSON serializable
ERROR:backtest2.agents.orchestrator:Decision process failed: 'string (BUY/SELL/HOLD)' is not a valid TradeAction
Traceback (most recent call last):
  File "/Users/y-sato/TradingAgents2/backtest2/agents/orchestrator.py", line 271, in make_decision
    final_decision = await self._final_decision_phase(risk_assessment, context)
                     ^^^^^^^^^^^^^^^^^^^^^^^^^^^^^^^^^^^^^^^^^^^^^^^^^^^^^^^^^^
  File "/Users/y-sato/TradingAgents2/backtest2/agents/orchestrator.py", line 516, in _final_decision_phase
    action=TradeAction(final_output.content.get('action', 'HOLD')),
           ~~~~~~~~~~~^^^^^^^^^^^^^^^^^^^^^^^^^^^^^^^^^^^^^^^^^^^^
  File "/usr/local/Caskroom/miniconda/base/lib/python3.13/enum.py", line 726, in __call__
    return cls.__new__(cls, value)
           ~~~~~~~~~~~^^^^^^^^^^^^
  File "/usr/local/Caskroom/miniconda/base/lib/python3.13/enum.py", line 1203, in __new__
    raise ve_exc
ValueError: 'string (BUY/SELL/HOLD)' is not a valid TradeAction
INFO:backtest2.agents.orchestrator:Starting decision process 4a45ea42-a6fc-441c-b48a-1cf2bdbf62e0 for AAPL on 2025-07-04 00:00:00
INFO:backtest2.agents.orchestrator:Phase 1: Data Collection
ERROR:Agent.Market Analyst:Agent Market Analyst processing failed: 'DecisionContext' object has no attribute 'get'
ERROR:backtest2.agents.llm_client:Failed to generate structured response: Object of type DecisionContext is not JSON serializable
ERROR:backtest2.agents.llm_client:Failed to generate structured response: Object of type DecisionContext is not JSON serializable
ERROR:backtest2.agents.llm_client:Failed to generate structured response: Object of type DecisionContext is not JSON serializable
INFO:backtest2.agents.orchestrator:Phase 2: Investment Analysis
ERROR:backtest2.agents.llm_client:Failed to generate structured response: Object of type AgentOutput is not JSON serializable
ERROR:backtest2.agents.llm_client:Failed to generate structured response: Object of type AgentOutput is not JSON serializable
INFO:backtest2.agents.orchestrator:Phase 3: Investment Decision
INFO:backtest2.agents.orchestrator:Debate round 1
ERROR:backtest2.agents.llm_client:Failed to generate structured response: Object of type DecisionContext is not JSON serializable
INFO:backtest2.agents.orchestrator:Phase 4: Trading Decision
ERROR:Agent.Trader:Agent Trader processing failed: 'DecisionContext' object has no attribute 'get'
INFO:backtest2.agents.orchestrator:Phase 5: Risk Assessment
ERROR:backtest2.agents.llm_client:Failed to generate structured response: Object of type DecisionContext is not JSON serializable
ERROR:backtest2.agents.llm_client:Failed to generate structured response: Object of type DecisionContext is not JSON serializable
ERROR:backtest2.agents.llm_client:Failed to generate structured response: Object of type DecisionContext is not JSON serializable
INFO:backtest2.agents.orchestrator:Risk discussion round 1
ERROR:Agent.Aggressive Risk Debator:Agent Aggressive Risk Debator processing failed: 'NoneType' object has no attribute 'cash'
ERROR:Agent.Conservative Risk Debator:Agent Conservative Risk Debator processing failed: 'NoneType' object has no attribute 'cash'
ERROR:Agent.Neutral Risk Debator:Agent Neutral Risk Debator processing failed: 'NoneType' object has no attribute 'cash'
INFO:backtest2.agents.orchestrator:Phase 6: Final Decision
ERROR:backtest2.agents.llm_client:Failed to generate structured response: Object of type DecisionContext is not JSON serializable
ERROR:backtest2.agents.orchestrator:Decision process failed: 'string (BUY/SELL/HOLD)' is not a valid TradeAction
Traceback (most recent call last):
  File "/Users/y-sato/TradingAgents2/backtest2/agents/orchestrator.py", line 271, in make_decision
    final_decision = await self._final_decision_phase(risk_assessment, context)
                     ^^^^^^^^^^^^^^^^^^^^^^^^^^^^^^^^^^^^^^^^^^^^^^^^^^^^^^^^^^
  File "/Users/y-sato/TradingAgents2/backtest2/agents/orchestrator.py", line 516, in _final_decision_phase
    action=TradeAction(final_output.content.get('action', 'HOLD')),
           ~~~~~~~~~~~^^^^^^^^^^^^^^^^^^^^^^^^^^^^^^^^^^^^^^^^^^^^
  File "/usr/local/Caskroom/miniconda/base/lib/python3.13/enum.py", line 726, in __call__
    return cls.__new__(cls, value)
           ~~~~~~~~~~~^^^^^^^^^^^^
  File "/usr/local/Caskroom/miniconda/base/lib/python3.13/enum.py", line 1203, in __new__
    raise ve_exc
ValueError: 'string (BUY/SELL/HOLD)' is not a valid TradeAction
INFO:backtest2.agents.orchestrator:Starting decision process 26d6302c-97bc-4596-97b6-e5f6d8ff0c83 for AAPL on 2025-07-07 00:00:00
INFO:backtest2.agents.orchestrator:Phase 1: Data Collection
ERROR:Agent.Market Analyst:Agent Market Analyst processing failed: 'DecisionContext' object has no attribute 'get'
ERROR:backtest2.agents.llm_client:Failed to generate structured response: Object of type DecisionContext is not JSON serializable
ERROR:backtest2.agents.llm_client:Failed to generate structured response: Object of type DecisionContext is not JSON serializable
ERROR:backtest2.agents.llm_client:Failed to generate structured response: Object of type DecisionContext is not JSON serializable
INFO:backtest2.agents.orchestrator:Phase 2: Investment Analysis
ERROR:backtest2.agents.llm_client:Failed to generate structured response: Object of type AgentOutput is not JSON serializable
ERROR:backtest2.agents.llm_client:Failed to generate structured response: Object of type AgentOutput is not JSON serializable
INFO:backtest2.agents.orchestrator:Phase 3: Investment Decision
INFO:backtest2.agents.orchestrator:Debate round 1
ERROR:backtest2.agents.llm_client:Failed to generate structured response: Object of type DecisionContext is not JSON serializable
INFO:backtest2.agents.orchestrator:Phase 4: Trading Decision
ERROR:Agent.Trader:Agent Trader processing failed: 'DecisionContext' object has no attribute 'get'
INFO:backtest2.agents.orchestrator:Phase 5: Risk Assessment
ERROR:backtest2.agents.llm_client:Failed to generate structured response: Object of type DecisionContext is not JSON serializable
ERROR:backtest2.agents.llm_client:Failed to generate structured response: Object of type DecisionContext is not JSON serializable
ERROR:backtest2.agents.llm_client:Failed to generate structured response: Object of type DecisionContext is not JSON serializable
INFO:backtest2.agents.orchestrator:Risk discussion round 1
ERROR:Agent.Aggressive Risk Debator:Agent Aggressive Risk Debator processing failed: 'NoneType' object has no attribute 'cash'
ERROR:Agent.Conservative Risk Debator:Agent Conservative Risk Debator processing failed: 'NoneType' object has no attribute 'cash'
ERROR:Agent.Neutral Risk Debator:Agent Neutral Risk Debator processing failed: 'NoneType' object has no attribute 'cash'
INFO:backtest2.agents.orchestrator:Phase 6: Final Decision
ERROR:backtest2.agents.llm_client:Failed to generate structured response: Object of type DecisionContext is not JSON serializable
ERROR:backtest2.agents.orchestrator:Decision process failed: 'string (BUY/SELL/HOLD)' is not a valid TradeAction
Traceback (most recent call last):
  File "/Users/y-sato/TradingAgents2/backtest2/agents/orchestrator.py", line 271, in make_decision
    final_decision = await self._final_decision_phase(risk_assessment, context)
                     ^^^^^^^^^^^^^^^^^^^^^^^^^^^^^^^^^^^^^^^^^^^^^^^^^^^^^^^^^^
  File "/Users/y-sato/TradingAgents2/backtest2/agents/orchestrator.py", line 516, in _final_decision_phase
    action=TradeAction(final_output.content.get('action', 'HOLD')),
           ~~~~~~~~~~~^^^^^^^^^^^^^^^^^^^^^^^^^^^^^^^^^^^^^^^^^^^^
  File "/usr/local/Caskroom/miniconda/base/lib/python3.13/enum.py", line 726, in __call__
    return cls.__new__(cls, value)
           ~~~~~~~~~~~^^^^^^^^^^^^
  File "/usr/local/Caskroom/miniconda/base/lib/python3.13/enum.py", line 1203, in __new__
    raise ve_exc
ValueError: 'string (BUY/SELL/HOLD)' is not a valid TradeAction
INFO:backtest2.agents.orchestrator:Starting decision process 606db77c-c357-4216-90af-66749558a17d for AAPL on 2025-07-08 00:00:00
INFO:backtest2.agents.orchestrator:Phase 1: Data Collection
ERROR:Agent.Market Analyst:Agent Market Analyst processing failed: 'DecisionContext' object has no attribute 'get'
ERROR:backtest2.agents.llm_client:Failed to generate structured response: Object of type DecisionContext is not JSON serializable
ERROR:backtest2.agents.llm_client:Failed to generate structured response: Object of type DecisionContext is not JSON serializable
ERROR:backtest2.agents.llm_client:Failed to generate structured response: Object of type DecisionContext is not JSON serializable
INFO:backtest2.agents.orchestrator:Phase 2: Investment Analysis
ERROR:backtest2.agents.llm_client:Failed to generate structured response: Object of type AgentOutput is not JSON serializable
ERROR:backtest2.agents.llm_client:Failed to generate structured response: Object of type AgentOutput is not JSON serializable
INFO:backtest2.agents.orchestrator:Phase 3: Investment Decision
INFO:backtest2.agents.orchestrator:Debate round 1
ERROR:backtest2.agents.llm_client:Failed to generate structured response: Object of type DecisionContext is not JSON serializable
INFO:backtest2.agents.orchestrator:Phase 4: Trading Decision
ERROR:Agent.Trader:Agent Trader processing failed: 'DecisionContext' object has no attribute 'get'
INFO:backtest2.agents.orchestrator:Phase 5: Risk Assessment
ERROR:backtest2.agents.llm_client:Failed to generate structured response: Object of type DecisionContext is not JSON serializable
ERROR:backtest2.agents.llm_client:Failed to generate structured response: Object of type DecisionContext is not JSON serializable
ERROR:backtest2.agents.llm_client:Failed to generate structured response: Object of type DecisionContext is not JSON serializable
INFO:backtest2.agents.orchestrator:Risk discussion round 1
ERROR:Agent.Aggressive Risk Debator:Agent Aggressive Risk Debator processing failed: 'NoneType' object has no attribute 'cash'
ERROR:Agent.Conservative Risk Debator:Agent Conservative Risk Debator processing failed: 'NoneType' object has no attribute 'cash'
ERROR:Agent.Neutral Risk Debator:Agent Neutral Risk Debator processing failed: 'NoneType' object has no attribute 'cash'
INFO:backtest2.agents.orchestrator:Phase 6: Final Decision
ERROR:backtest2.agents.llm_client:Failed to generate structured response: Object of type DecisionContext is not JSON serializable
ERROR:backtest2.agents.orchestrator:Decision process failed: 'string (BUY/SELL/HOLD)' is not a valid TradeAction
Traceback (most recent call last):
  File "/Users/y-sato/TradingAgents2/backtest2/agents/orchestrator.py", line 271, in make_decision
    final_decision = await self._final_decision_phase(risk_assessment, context)
                     ^^^^^^^^^^^^^^^^^^^^^^^^^^^^^^^^^^^^^^^^^^^^^^^^^^^^^^^^^^
  File "/Users/y-sato/TradingAgents2/backtest2/agents/orchestrator.py", line 516, in _final_decision_phase
    action=TradeAction(final_output.content.get('action', 'HOLD')),
           ~~~~~~~~~~~^^^^^^^^^^^^^^^^^^^^^^^^^^^^^^^^^^^^^^^^^^^^
  File "/usr/local/Caskroom/miniconda/base/lib/python3.13/enum.py", line 726, in __call__
    return cls.__new__(cls, value)
           ~~~~~~~~~~~^^^^^^^^^^^^
  File "/usr/local/Caskroom/miniconda/base/lib/python3.13/enum.py", line 1203, in __new__
    raise ve_exc
ValueError: 'string (BUY/SELL/HOLD)' is not a valid TradeAction
INFO:backtest2.agents.orchestrator:Starting decision process 3d2932b5-6525-49db-b76e-285b3020ce77 for AAPL on 2025-07-09 00:00:00
INFO:backtest2.agents.orchestrator:Phase 1: Data Collection
ERROR:Agent.Market Analyst:Agent Market Analyst processing failed: 'DecisionContext' object has no attribute 'get'
ERROR:backtest2.agents.llm_client:Failed to generate structured response: Object of type DecisionContext is not JSON serializable
ERROR:backtest2.agents.llm_client:Failed to generate structured response: Object of type DecisionContext is not JSON serializable
ERROR:backtest2.agents.llm_client:Failed to generate structured response: Object of type DecisionContext is not JSON serializable
INFO:backtest2.agents.orchestrator:Phase 2: Investment Analysis
ERROR:backtest2.agents.llm_client:Failed to generate structured response: Object of type AgentOutput is not JSON serializable
ERROR:backtest2.agents.llm_client:Failed to generate structured response: Object of type AgentOutput is not JSON serializable
INFO:backtest2.agents.orchestrator:Phase 3: Investment Decision
INFO:backtest2.agents.orchestrator:Debate round 1
ERROR:backtest2.agents.llm_client:Failed to generate structured response: Object of type DecisionContext is not JSON serializable
INFO:backtest2.agents.orchestrator:Phase 4: Trading Decision
ERROR:Agent.Trader:Agent Trader processing failed: 'DecisionContext' object has no attribute 'get'
INFO:backtest2.agents.orchestrator:Phase 5: Risk Assessment
ERROR:backtest2.agents.llm_client:Failed to generate structured response: Object of type DecisionContext is not JSON serializable
ERROR:backtest2.agents.llm_client:Failed to generate structured response: Object of type DecisionContext is not JSON serializable
ERROR:backtest2.agents.llm_client:Failed to generate structured response: Object of type DecisionContext is not JSON serializable
INFO:backtest2.agents.orchestrator:Risk discussion round 1
ERROR:Agent.Aggressive Risk Debator:Agent Aggressive Risk Debator processing failed: 'NoneType' object has no attribute 'cash'
ERROR:Agent.Conservative Risk Debator:Agent Conservative Risk Debator processing failed: 'NoneType' object has no attribute 'cash'
ERROR:Agent.Neutral Risk Debator:Agent Neutral Risk Debator processing failed: 'NoneType' object has no attribute 'cash'
INFO:backtest2.agents.orchestrator:Phase 6: Final Decision
ERROR:backtest2.agents.llm_client:Failed to generate structured response: Object of type DecisionContext is not JSON serializable
ERROR:backtest2.agents.orchestrator:Decision process failed: 'string (BUY/SELL/HOLD)' is not a valid TradeAction
Traceback (most recent call last):
  File "/Users/y-sato/TradingAgents2/backtest2/agents/orchestrator.py", line 271, in make_decision
    final_decision = await self._final_decision_phase(risk_assessment, context)
                     ^^^^^^^^^^^^^^^^^^^^^^^^^^^^^^^^^^^^^^^^^^^^^^^^^^^^^^^^^^
  File "/Users/y-sato/TradingAgents2/backtest2/agents/orchestrator.py", line 516, in _final_decision_phase
    action=TradeAction(final_output.content.get('action', 'HOLD')),
           ~~~~~~~~~~~^^^^^^^^^^^^^^^^^^^^^^^^^^^^^^^^^^^^^^^^^^^^
  File "/usr/local/Caskroom/miniconda/base/lib/python3.13/enum.py", line 726, in __call__
    return cls.__new__(cls, value)
           ~~~~~~~~~~~^^^^^^^^^^^^
  File "/usr/local/Caskroom/miniconda/base/lib/python3.13/enum.py", line 1203, in __new__
    raise ve_exc
ValueError: 'string (BUY/SELL/HOLD)' is not a valid TradeAction
INFO:backtest2.agents.orchestrator:Starting decision process 4ffa6e57-fff7-451f-9e51-78e4281272bf for AAPL on 2025-07-10 00:00:00
INFO:backtest2.agents.orchestrator:Phase 1: Data Collection
ERROR:Agent.Market Analyst:Agent Market Analyst processing failed: 'DecisionContext' object has no attribute 'get'
ERROR:backtest2.agents.llm_client:Failed to generate structured response: Object of type DecisionContext is not JSON serializable
ERROR:backtest2.agents.llm_client:Failed to generate structured response: Object of type DecisionContext is not JSON serializable
ERROR:backtest2.agents.llm_client:Failed to generate structured response: Object of type DecisionContext is not JSON serializable
INFO:backtest2.agents.orchestrator:Phase 2: Investment Analysis
ERROR:backtest2.agents.llm_client:Failed to generate structured response: Object of type AgentOutput is not JSON serializable
ERROR:backtest2.agents.llm_client:Failed to generate structured response: Object of type AgentOutput is not JSON serializable
INFO:backtest2.agents.orchestrator:Phase 3: Investment Decision
INFO:backtest2.agents.orchestrator:Debate round 1
ERROR:backtest2.agents.llm_client:Failed to generate structured response: Object of type DecisionContext is not JSON serializable
INFO:backtest2.agents.orchestrator:Phase 4: Trading Decision
ERROR:Agent.Trader:Agent Trader processing failed: 'DecisionContext' object has no attribute 'get'
INFO:backtest2.agents.orchestrator:Phase 5: Risk Assessment
ERROR:backtest2.agents.llm_client:Failed to generate structured response: Object of type DecisionContext is not JSON serializable
ERROR:backtest2.agents.llm_client:Failed to generate structured response: Object of type DecisionContext is not JSON serializable
ERROR:backtest2.agents.llm_client:Failed to generate structured response: Object of type DecisionContext is not JSON serializable
INFO:backtest2.agents.orchestrator:Risk discussion round 1
ERROR:Agent.Aggressive Risk Debator:Agent Aggressive Risk Debator processing failed: 'NoneType' object has no attribute 'cash'
ERROR:Agent.Conservative Risk Debator:Agent Conservative Risk Debator processing failed: 'NoneType' object has no attribute 'cash'
ERROR:Agent.Neutral Risk Debator:Agent Neutral Risk Debator processing failed: 'NoneType' object has no attribute 'cash'
INFO:backtest2.agents.orchestrator:Phase 6: Final Decision
ERROR:backtest2.agents.llm_client:Failed to generate structured response: Object of type DecisionContext is not JSON serializable
ERROR:backtest2.agents.orchestrator:Decision process failed: 'string (BUY/SELL/HOLD)' is not a valid TradeAction
Traceback (most recent call last):
  File "/Users/y-sato/TradingAgents2/backtest2/agents/orchestrator.py", line 271, in make_decision
    final_decision = await self._final_decision_phase(risk_assessment, context)
                     ^^^^^^^^^^^^^^^^^^^^^^^^^^^^^^^^^^^^^^^^^^^^^^^^^^^^^^^^^^
  File "/Users/y-sato/TradingAgents2/backtest2/agents/orchestrator.py", line 516, in _final_decision_phase
    action=TradeAction(final_output.content.get('action', 'HOLD')),
           ~~~~~~~~~~~^^^^^^^^^^^^^^^^^^^^^^^^^^^^^^^^^^^^^^^^^^^^
  File "/usr/local/Caskroom/miniconda/base/lib/python3.13/enum.py", line 726, in __call__
    return cls.__new__(cls, value)
           ~~~~~~~~~~~^^^^^^^^^^^^
  File "/usr/local/Caskroom/miniconda/base/lib/python3.13/enum.py", line 1203, in __new__
    raise ve_exc
ValueError: 'string (BUY/SELL/HOLD)' is not a valid TradeAction
INFO:backtest2.agents.orchestrator:Starting decision process 8e48cbdf-ef53-41e0-a66d-785e2454f342 for AAPL on 2025-07-11 00:00:00
INFO:backtest2.agents.orchestrator:Phase 1: Data Collection
ERROR:Agent.Market Analyst:Agent Market Analyst processing failed: 'DecisionContext' object has no attribute 'get'
ERROR:backtest2.agents.llm_client:Failed to generate structured response: Object of type DecisionContext is not JSON serializable
ERROR:backtest2.agents.llm_client:Failed to generate structured response: Object of type DecisionContext is not JSON serializable
ERROR:backtest2.agents.llm_client:Failed to generate structured response: Object of type DecisionContext is not JSON serializable
INFO:backtest2.agents.orchestrator:Phase 2: Investment Analysis
ERROR:backtest2.agents.llm_client:Failed to generate structured response: Object of type AgentOutput is not JSON serializable
ERROR:backtest2.agents.llm_client:Failed to generate structured response: Object of type AgentOutput is not JSON serializable
INFO:backtest2.agents.orchestrator:Phase 3: Investment Decision
INFO:backtest2.agents.orchestrator:Debate round 1
ERROR:backtest2.agents.llm_client:Failed to generate structured response: Object of type DecisionContext is not JSON serializable
INFO:backtest2.agents.orchestrator:Phase 4: Trading Decision
ERROR:Agent.Trader:Agent Trader processing failed: 'DecisionContext' object has no attribute 'get'
INFO:backtest2.agents.orchestrator:Phase 5: Risk Assessment
ERROR:backtest2.agents.llm_client:Failed to generate structured response: Object of type DecisionContext is not JSON serializable
ERROR:backtest2.agents.llm_client:Failed to generate structured response: Object of type DecisionContext is not JSON serializable
ERROR:backtest2.agents.llm_client:Failed to generate structured response: Object of type DecisionContext is not JSON serializable
INFO:backtest2.agents.orchestrator:Risk discussion round 1
ERROR:Agent.Aggressive Risk Debator:Agent Aggressive Risk Debator processing failed: 'NoneType' object has no attribute 'cash'
ERROR:Agent.Conservative Risk Debator:Agent Conservative Risk Debator processing failed: 'NoneType' object has no attribute 'cash'
ERROR:Agent.Neutral Risk Debator:Agent Neutral Risk Debator processing failed: 'NoneType' object has no attribute 'cash'
INFO:backtest2.agents.orchestrator:Phase 6: Final Decision
ERROR:backtest2.agents.llm_client:Failed to generate structured response: Object of type DecisionContext is not JSON serializable
ERROR:backtest2.agents.orchestrator:Decision process failed: 'string (BUY/SELL/HOLD)' is not a valid TradeAction
Traceback (most recent call last):
  File "/Users/y-sato/TradingAgents2/backtest2/agents/orchestrator.py", line 271, in make_decision
    final_decision = await self._final_decision_phase(risk_assessment, context)
                     ^^^^^^^^^^^^^^^^^^^^^^^^^^^^^^^^^^^^^^^^^^^^^^^^^^^^^^^^^^
  File "/Users/y-sato/TradingAgents2/backtest2/agents/orchestrator.py", line 516, in _final_decision_phase
    action=TradeAction(final_output.content.get('action', 'HOLD')),
           ~~~~~~~~~~~^^^^^^^^^^^^^^^^^^^^^^^^^^^^^^^^^^^^^^^^^^^^
  File "/usr/local/Caskroom/miniconda/base/lib/python3.13/enum.py", line 726, in __call__
    return cls.__new__(cls, value)
           ~~~~~~~~~~~^^^^^^^^^^^^
  File "/usr/local/Caskroom/miniconda/base/lib/python3.13/enum.py", line 1203, in __new__
    raise ve_exc
ValueError: 'string (BUY/SELL/HOLD)' is not a valid TradeAction
INFO:backtest2.agents.orchestrator:Starting decision process ebb9285a-994e-4b42-98ea-5c72ef4fc669 for AAPL on 2025-07-14 00:00:00
INFO:backtest2.agents.orchestrator:Phase 1: Data Collection
ERROR:Agent.Market Analyst:Agent Market Analyst processing failed: 'DecisionContext' object has no attribute 'get'
ERROR:backtest2.agents.llm_client:Failed to generate structured response: Object of type DecisionContext is not JSON serializable
ERROR:backtest2.agents.llm_client:Failed to generate structured response: Object of type DecisionContext is not JSON serializable
ERROR:backtest2.agents.llm_client:Failed to generate structured response: Object of type DecisionContext is not JSON serializable
INFO:backtest2.agents.orchestrator:Phase 2: Investment Analysis
ERROR:backtest2.agents.llm_client:Failed to generate structured response: Object of type AgentOutput is not JSON serializable
ERROR:backtest2.agents.llm_client:Failed to generate structured response: Object of type AgentOutput is not JSON serializable
INFO:backtest2.agents.orchestrator:Phase 3: Investment Decision
INFO:backtest2.agents.orchestrator:Debate round 1
ERROR:backtest2.agents.llm_client:Failed to generate structured response: Object of type DecisionContext is not JSON serializable
INFO:backtest2.agents.orchestrator:Phase 4: Trading Decision
ERROR:Agent.Trader:Agent Trader processing failed: 'DecisionContext' object has no attribute 'get'
INFO:backtest2.agents.orchestrator:Phase 5: Risk Assessment
ERROR:backtest2.agents.llm_client:Failed to generate structured response: Object of type DecisionContext is not JSON serializable
ERROR:backtest2.agents.llm_client:Failed to generate structured response: Object of type DecisionContext is not JSON serializable
ERROR:backtest2.agents.llm_client:Failed to generate structured response: Object of type DecisionContext is not JSON serializable
INFO:backtest2.agents.orchestrator:Risk discussion round 1
ERROR:Agent.Aggressive Risk Debator:Agent Aggressive Risk Debator processing failed: 'NoneType' object has no attribute 'cash'
ERROR:Agent.Conservative Risk Debator:Agent Conservative Risk Debator processing failed: 'NoneType' object has no attribute 'cash'
ERROR:Agent.Neutral Risk Debator:Agent Neutral Risk Debator processing failed: 'NoneType' object has no attribute 'cash'
INFO:backtest2.agents.orchestrator:Phase 6: Final Decision
ERROR:backtest2.agents.llm_client:Failed to generate structured response: Object of type DecisionContext is not JSON serializable
ERROR:backtest2.agents.orchestrator:Decision process failed: 'string (BUY/SELL/HOLD)' is not a valid TradeAction
Traceback (most recent call last):
  File "/Users/y-sato/TradingAgents2/backtest2/agents/orchestrator.py", line 271, in make_decision
    final_decision = await self._final_decision_phase(risk_assessment, context)
                     ^^^^^^^^^^^^^^^^^^^^^^^^^^^^^^^^^^^^^^^^^^^^^^^^^^^^^^^^^^
  File "/Users/y-sato/TradingAgents2/backtest2/agents/orchestrator.py", line 516, in _final_decision_phase
    action=TradeAction(final_output.content.get('action', 'HOLD')),
           ~~~~~~~~~~~^^^^^^^^^^^^^^^^^^^^^^^^^^^^^^^^^^^^^^^^^^^^
  File "/usr/local/Caskroom/miniconda/base/lib/python3.13/enum.py", line 726, in __call__
    return cls.__new__(cls, value)
           ~~~~~~~~~~~^^^^^^^^^^^^
  File "/usr/local/Caskroom/miniconda/base/lib/python3.13/enum.py", line 1203, in __new__
    raise ve_exc
ValueError: 'string (BUY/SELL/HOLD)' is not a valid TradeAction
INFO:backtest2.agents.orchestrator:Starting decision process 1fec8940-53fa-4a26-9214-d916dc44658a for AAPL on 2025-07-15 00:00:00
INFO:backtest2.agents.orchestrator:Phase 1: Data Collection
ERROR:Agent.Market Analyst:Agent Market Analyst processing failed: 'DecisionContext' object has no attribute 'get'
ERROR:backtest2.agents.llm_client:Failed to generate structured response: Object of type DecisionContext is not JSON serializable
ERROR:backtest2.agents.llm_client:Failed to generate structured response: Object of type DecisionContext is not JSON serializable
ERROR:backtest2.agents.llm_client:Failed to generate structured response: Object of type DecisionContext is not JSON serializable
INFO:backtest2.agents.orchestrator:Phase 2: Investment Analysis
ERROR:backtest2.agents.llm_client:Failed to generate structured response: Object of type AgentOutput is not JSON serializable
ERROR:backtest2.agents.llm_client:Failed to generate structured response: Object of type AgentOutput is not JSON serializable
INFO:backtest2.agents.orchestrator:Phase 3: Investment Decision
INFO:backtest2.agents.orchestrator:Debate round 1
ERROR:backtest2.agents.llm_client:Failed to generate structured response: Object of type DecisionContext is not JSON serializable
INFO:backtest2.agents.orchestrator:Phase 4: Trading Decision
ERROR:Agent.Trader:Agent Trader processing failed: 'DecisionContext' object has no attribute 'get'
INFO:backtest2.agents.orchestrator:Phase 5: Risk Assessment
ERROR:backtest2.agents.llm_client:Failed to generate structured response: Object of type DecisionContext is not JSON serializable
ERROR:backtest2.agents.llm_client:Failed to generate structured response: Object of type DecisionContext is not JSON serializable
ERROR:backtest2.agents.llm_client:Failed to generate structured response: Object of type DecisionContext is not JSON serializable
INFO:backtest2.agents.orchestrator:Risk discussion round 1
ERROR:Agent.Aggressive Risk Debator:Agent Aggressive Risk Debator processing failed: 'NoneType' object has no attribute 'cash'
ERROR:Agent.Conservative Risk Debator:Agent Conservative Risk Debator processing failed: 'NoneType' object has no attribute 'cash'
ERROR:Agent.Neutral Risk Debator:Agent Neutral Risk Debator processing failed: 'NoneType' object has no attribute 'cash'
INFO:backtest2.agents.orchestrator:Phase 6: Final Decision
ERROR:backtest2.agents.llm_client:Failed to generate structured response: Object of type DecisionContext is not JSON serializable
ERROR:backtest2.agents.orchestrator:Decision process failed: 'string (BUY/SELL/HOLD)' is not a valid TradeAction
Traceback (most recent call last):
  File "/Users/y-sato/TradingAgents2/backtest2/agents/orchestrator.py", line 271, in make_decision
    final_decision = await self._final_decision_phase(risk_assessment, context)
                     ^^^^^^^^^^^^^^^^^^^^^^^^^^^^^^^^^^^^^^^^^^^^^^^^^^^^^^^^^^
  File "/Users/y-sato/TradingAgents2/backtest2/agents/orchestrator.py", line 516, in _final_decision_phase
    action=TradeAction(final_output.content.get('action', 'HOLD')),
           ~~~~~~~~~~~^^^^^^^^^^^^^^^^^^^^^^^^^^^^^^^^^^^^^^^^^^^^
  File "/usr/local/Caskroom/miniconda/base/lib/python3.13/enum.py", line 726, in __call__
    return cls.__new__(cls, value)
           ~~~~~~~~~~~^^^^^^^^^^^^
  File "/usr/local/Caskroom/miniconda/base/lib/python3.13/enum.py", line 1203, in __new__
    raise ve_exc
ValueError: 'string (BUY/SELL/HOLD)' is not a valid TradeAction
INFO:backtest2.agents.orchestrator:Starting decision process f101ff65-2b1e-4a9a-a5d1-e667aa9b0b2d for AAPL on 2025-07-16 00:00:00
INFO:backtest2.agents.orchestrator:Phase 1: Data Collection
ERROR:Agent.Market Analyst:Agent Market Analyst processing failed: 'DecisionContext' object has no attribute 'get'
ERROR:backtest2.agents.llm_client:Failed to generate structured response: Object of type DecisionContext is not JSON serializable
ERROR:backtest2.agents.llm_client:Failed to generate structured response: Object of type DecisionContext is not JSON serializable
ERROR:backtest2.agents.llm_client:Failed to generate structured response: Object of type DecisionContext is not JSON serializable
INFO:backtest2.agents.orchestrator:Phase 2: Investment Analysis
ERROR:backtest2.agents.llm_client:Failed to generate structured response: Object of type AgentOutput is not JSON serializable
ERROR:backtest2.agents.llm_client:Failed to generate structured response: Object of type AgentOutput is not JSON serializable
INFO:backtest2.agents.orchestrator:Phase 3: Investment Decision
INFO:backtest2.agents.orchestrator:Debate round 1
ERROR:backtest2.agents.llm_client:Failed to generate structured response: Object of type DecisionContext is not JSON serializable
INFO:backtest2.agents.orchestrator:Phase 4: Trading Decision
ERROR:Agent.Trader:Agent Trader processing failed: 'DecisionContext' object has no attribute 'get'
INFO:backtest2.agents.orchestrator:Phase 5: Risk Assessment
ERROR:backtest2.agents.llm_client:Failed to generate structured response: Object of type DecisionContext is not JSON serializable
ERROR:backtest2.agents.llm_client:Failed to generate structured response: Object of type DecisionContext is not JSON serializable
ERROR:backtest2.agents.llm_client:Failed to generate structured response: Object of type DecisionContext is not JSON serializable
INFO:backtest2.agents.orchestrator:Risk discussion round 1
ERROR:Agent.Aggressive Risk Debator:Agent Aggressive Risk Debator processing failed: 'NoneType' object has no attribute 'cash'
ERROR:Agent.Conservative Risk Debator:Agent Conservative Risk Debator processing failed: 'NoneType' object has no attribute 'cash'
ERROR:Agent.Neutral Risk Debator:Agent Neutral Risk Debator processing failed: 'NoneType' object has no attribute 'cash'
INFO:backtest2.agents.orchestrator:Phase 6: Final Decision
ERROR:backtest2.agents.llm_client:Failed to generate structured response: Object of type DecisionContext is not JSON serializable
ERROR:backtest2.agents.orchestrator:Decision process failed: 'string (BUY/SELL/HOLD)' is not a valid TradeAction
Traceback (most recent call last):
  File "/Users/y-sato/TradingAgents2/backtest2/agents/orchestrator.py", line 271, in make_decision
    final_decision = await self._final_decision_phase(risk_assessment, context)
                     ^^^^^^^^^^^^^^^^^^^^^^^^^^^^^^^^^^^^^^^^^^^^^^^^^^^^^^^^^^
  File "/Users/y-sato/TradingAgents2/backtest2/agents/orchestrator.py", line 516, in _final_decision_phase
    action=TradeAction(final_output.content.get('action', 'HOLD')),
           ~~~~~~~~~~~^^^^^^^^^^^^^^^^^^^^^^^^^^^^^^^^^^^^^^^^^^^^
  File "/usr/local/Caskroom/miniconda/base/lib/python3.13/enum.py", line 726, in __call__
    return cls.__new__(cls, value)
           ~~~~~~~~~~~^^^^^^^^^^^^
  File "/usr/local/Caskroom/miniconda/base/lib/python3.13/enum.py", line 1203, in __new__
    raise ve_exc
ValueError: 'string (BUY/SELL/HOLD)' is not a valid TradeAction
INFO:backtest2.agents.orchestrator:Starting decision process 9fb180c3-04b3-43f0-865e-4ec13c78cfa9 for AAPL on 2025-07-17 00:00:00
INFO:backtest2.agents.orchestrator:Phase 1: Data Collection
ERROR:Agent.Market Analyst:Agent Market Analyst processing failed: 'DecisionContext' object has no attribute 'get'
ERROR:backtest2.agents.llm_client:Failed to generate structured response: Object of type DecisionContext is not JSON serializable
ERROR:backtest2.agents.llm_client:Failed to generate structured response: Object of type DecisionContext is not JSON serializable
ERROR:backtest2.agents.llm_client:Failed to generate structured response: Object of type DecisionContext is not JSON serializable
INFO:backtest2.agents.orchestrator:Phase 2: Investment Analysis
ERROR:backtest2.agents.llm_client:Failed to generate structured response: Object of type AgentOutput is not JSON serializable
ERROR:backtest2.agents.llm_client:Failed to generate structured response: Object of type AgentOutput is not JSON serializable
INFO:backtest2.agents.orchestrator:Phase 3: Investment Decision
INFO:backtest2.agents.orchestrator:Debate round 1
ERROR:backtest2.agents.llm_client:Failed to generate structured response: Object of type DecisionContext is not JSON serializable
INFO:backtest2.agents.orchestrator:Phase 4: Trading Decision
ERROR:Agent.Trader:Agent Trader processing failed: 'DecisionContext' object has no attribute 'get'
INFO:backtest2.agents.orchestrator:Phase 5: Risk Assessment
ERROR:backtest2.agents.llm_client:Failed to generate structured response: Object of type DecisionContext is not JSON serializable
ERROR:backtest2.agents.llm_client:Failed to generate structured response: Object of type DecisionContext is not JSON serializable
ERROR:backtest2.agents.llm_client:Failed to generate structured response: Object of type DecisionContext is not JSON serializable
INFO:backtest2.agents.orchestrator:Risk discussion round 1
ERROR:Agent.Aggressive Risk Debator:Agent Aggressive Risk Debator processing failed: 'NoneType' object has no attribute 'cash'
ERROR:Agent.Conservative Risk Debator:Agent Conservative Risk Debator processing failed: 'NoneType' object has no attribute 'cash'
ERROR:Agent.Neutral Risk Debator:Agent Neutral Risk Debator processing failed: 'NoneType' object has no attribute 'cash'
INFO:backtest2.agents.orchestrator:Phase 6: Final Decision
ERROR:backtest2.agents.llm_client:Failed to generate structured response: Object of type DecisionContext is not JSON serializable
ERROR:backtest2.agents.orchestrator:Decision process failed: 'string (BUY/SELL/HOLD)' is not a valid TradeAction
Traceback (most recent call last):
  File "/Users/y-sato/TradingAgents2/backtest2/agents/orchestrator.py", line 271, in make_decision
    final_decision = await self._final_decision_phase(risk_assessment, context)
                     ^^^^^^^^^^^^^^^^^^^^^^^^^^^^^^^^^^^^^^^^^^^^^^^^^^^^^^^^^^
  File "/Users/y-sato/TradingAgents2/backtest2/agents/orchestrator.py", line 516, in _final_decision_phase
    action=TradeAction(final_output.content.get('action', 'HOLD')),
           ~~~~~~~~~~~^^^^^^^^^^^^^^^^^^^^^^^^^^^^^^^^^^^^^^^^^^^^
  File "/usr/local/Caskroom/miniconda/base/lib/python3.13/enum.py", line 726, in __call__
    return cls.__new__(cls, value)
           ~~~~~~~~~~~^^^^^^^^^^^^
  File "/usr/local/Caskroom/miniconda/base/lib/python3.13/enum.py", line 1203, in __new__
    raise ve_exc
ValueError: 'string (BUY/SELL/HOLD)' is not a valid TradeAction
INFO:backtest2.agents.orchestrator:Starting decision process b466f377-71ce-4698-b976-36402b610d5a for AAPL on 2025-07-18 00:00:00
INFO:backtest2.agents.orchestrator:Phase 1: Data Collection
ERROR:Agent.Market Analyst:Agent Market Analyst processing failed: 'DecisionContext' object has no attribute 'get'
ERROR:backtest2.agents.llm_client:Failed to generate structured response: Object of type DecisionContext is not JSON serializable
ERROR:backtest2.agents.llm_client:Failed to generate structured response: Object of type DecisionContext is not JSON serializable
ERROR:backtest2.agents.llm_client:Failed to generate structured response: Object of type DecisionContext is not JSON serializable
INFO:backtest2.agents.orchestrator:Phase 2: Investment Analysis
ERROR:backtest2.agents.llm_client:Failed to generate structured response: Object of type AgentOutput is not JSON serializable
ERROR:backtest2.agents.llm_client:Failed to generate structured response: Object of type AgentOutput is not JSON serializable
INFO:backtest2.agents.orchestrator:Phase 3: Investment Decision
INFO:backtest2.agents.orchestrator:Debate round 1
ERROR:backtest2.agents.llm_client:Failed to generate structured response: Object of type DecisionContext is not JSON serializable
INFO:backtest2.agents.orchestrator:Phase 4: Trading Decision
ERROR:Agent.Trader:Agent Trader processing failed: 'DecisionContext' object has no attribute 'get'
INFO:backtest2.agents.orchestrator:Phase 5: Risk Assessment
ERROR:backtest2.agents.llm_client:Failed to generate structured response: Object of type DecisionContext is not JSON serializable
ERROR:backtest2.agents.llm_client:Failed to generate structured response: Object of type DecisionContext is not JSON serializable
ERROR:backtest2.agents.llm_client:Failed to generate structured response: Object of type DecisionContext is not JSON serializable
INFO:backtest2.agents.orchestrator:Risk discussion round 1
ERROR:Agent.Aggressive Risk Debator:Agent Aggressive Risk Debator processing failed: 'NoneType' object has no attribute 'cash'
ERROR:Agent.Conservative Risk Debator:Agent Conservative Risk Debator processing failed: 'NoneType' object has no attribute 'cash'
ERROR:Agent.Neutral Risk Debator:Agent Neutral Risk Debator processing failed: 'NoneType' object has no attribute 'cash'
INFO:backtest2.agents.orchestrator:Phase 6: Final Decision
ERROR:backtest2.agents.llm_client:Failed to generate structured response: Object of type DecisionContext is not JSON serializable
ERROR:backtest2.agents.orchestrator:Decision process failed: 'string (BUY/SELL/HOLD)' is not a valid TradeAction
Traceback (most recent call last):
  File "/Users/y-sato/TradingAgents2/backtest2/agents/orchestrator.py", line 271, in make_decision
    final_decision = await self._final_decision_phase(risk_assessment, context)
                     ^^^^^^^^^^^^^^^^^^^^^^^^^^^^^^^^^^^^^^^^^^^^^^^^^^^^^^^^^^
  File "/Users/y-sato/TradingAgents2/backtest2/agents/orchestrator.py", line 516, in _final_decision_phase
    action=TradeAction(final_output.content.get('action', 'HOLD')),
           ~~~~~~~~~~~^^^^^^^^^^^^^^^^^^^^^^^^^^^^^^^^^^^^^^^^^^^^
  File "/usr/local/Caskroom/miniconda/base/lib/python3.13/enum.py", line 726, in __call__
    return cls.__new__(cls, value)
           ~~~~~~~~~~~^^^^^^^^^^^^
  File "/usr/local/Caskroom/miniconda/base/lib/python3.13/enum.py", line 1203, in __new__
    raise ve_exc
ValueError: 'string (BUY/SELL/HOLD)' is not a valid TradeAction
INFO:backtest2.core.engine:Calculating backtest results
INFO:backtest2.analysis.benchmark:Loading benchmark data for SPY
INFO:backtest2.analysis.benchmark:Loaded 64 benchmark data points
ERROR:backtest2.core.engine:Backtest failed: 'PerformanceMetrics' object has no attribute 'get'
Traceback (most recent call last):
  File "/Users/y-sato/TradingAgents2/backtest2/core/engine.py", line 122, in run
    result = await self._calculate_results()
             ^^^^^^^^^^^^^^^^^^^^^^^^^^^^^^^
  File "/Users/y-sato/TradingAgents2/backtest2/core/engine.py", line 363, in _calculate_results
    comparison = benchmark_comparator.compare_with_backtest(result)
  File "/Users/y-sato/TradingAgents2/backtest2/analysis/benchmark.py", line 100, in compare_with_backtest
    'total_return': result.metrics.get('total_return', 0),
                    ^^^^^^^^^^^^^^^^^^
AttributeError: 'PerformanceMetrics' object has no attribute 'get'
INFO:backtest2.core.engine:Cleaning up backtest resources
INFO:backtest2.data.manager_simple:Closing data manager
INFO:MemoryStore:Saved memories to results/backtest2_20250721_224422/AAPL/memories.json
ERROR:webui.backend.backtest2_wrapper:Backtest2 failed: 'PerformanceMetrics' object has no attribute 'get'
ERROR:webui.backend.backtest2_wrapper:Traceback (most recent call last):
  File "/Users/y-sato/TradingAgents2/TradingMultiAgents/webui/backend/backtest2_wrapper.py", line 234, in run_backtest_async
    result = await engine.run()
             ^^^^^^^^^^^^^^^^^^
  File "/Users/y-sato/TradingAgents2/backtest2/core/engine.py", line 122, in run
    result = await self._calculate_results()
             ^^^^^^^^^^^^^^^^^^^^^^^^^^^^^^^
  File "/Users/y-sato/TradingAgents2/backtest2/core/engine.py", line 363, in _calculate_results
    comparison = benchmark_comparator.compare_with_backtest(result)
  File "/Users/y-sato/TradingAgents2/backtest2/analysis/benchmark.py", line 100, in compare_with_backtest
    'total_return': result.metrics.get('total_return', 0),
                    ^^^^^^^^^^^^^^^^^^
AttributeError: 'PerformanceMetrics' object has no attribute 'get'

ERROR:asyncio:Task was destroyed but it is pending!
task: <Task pending name='Task-831' coro=<CacheManager._cleanup_loop() running at /Users/y-sato/TradingAgents2/backtest2/utils/cache_manager.py:120> wait_for=<Future pending cb=[Task.task_wakeup()]>>
ERROR:asyncio:Task was destroyed but it is pending!
task: <Task pending name='Task-832' coro=<CacheManager._cleanup_loop() running at /Users/y-sato/TradingAgents2/backtest2/utils/cache_manager.py:120> wait_for=<Future pending cb=[Task.task_wakeup()]>>
ERROR:asyncio:Task was destroyed but it is pending!
task: <Task pending name='Task-833' coro=<CacheManager._cleanup_loop() running at /Users/y-sato/TradingAgents2/backtest2/utils/cache_manager.py:120> wait_for=<Future pending cb=[Task.task_wakeup()]>>
ERROR:asyncio:Task was destroyed but it is pending!
task: <Task pending name='Task-834' coro=<CacheManager._cleanup_loop() running at /Users/y-sato/TradingAgents2/backtest2/utils/cache_manager.py:120> wait_for=<Future pending cb=[Task.task_wakeup()]>>
ERROR:asyncio:Task was destroyed but it is pending!
task: <Task pending name='Task-835' coro=<CacheManager._cleanup_loop() running at /Users/y-sato/TradingAgents2/backtest2/utils/cache_manager.py:120> wait_for=<Future pending cb=[Task.task_wakeup()]>>
ERROR:asyncio:Task was destroyed but it is pending!
task: <Task pending name='Task-836' coro=<CacheManager._cleanup_loop() running at /Users/y-sato/TradingAgents2/backtest2/utils/cache_manager.py:120> wait_for=<Future pending cb=[Task.task_wakeup()]>>
ERROR:asyncio:Task was destroyed but it is pending!
task: <Task pending name='Task-837' coro=<CacheManager._cleanup_loop() running at /Users/y-sato/TradingAgents2/backtest2/utils/cache_manager.py:120> wait_for=<Future pending cb=[Task.task_wakeup()]>>
ERROR:asyncio:Task was destroyed but it is pending!
task: <Task pending name='Task-838' coro=<CacheManager._cleanup_loop() running at /Users/y-sato/TradingAgents2/backtest2/utils/cache_manager.py:120> wait_for=<Future pending cb=[Task.task_wakeup()]>>
ERROR:asyncio:Task was destroyed but it is pending!
task: <Task pending name='Task-839' coro=<CacheManager._cleanup_loop() running at /Users/y-sato/TradingAgents2/backtest2/utils/cache_manager.py:120> wait_for=<Future pending cb=[Task.task_wakeup()]>>
ERROR:asyncio:Task was destroyed but it is pending!
task: <Task pending name='Task-840' coro=<CacheManager._cleanup_loop() running at /Users/y-sato/TradingAgents2/backtest2/utils/cache_manager.py:120> wait_for=<Future pending cb=[Task.task_wakeup()]>>
 TradingAgents WebUI...
 WebUI: /Users/y-sato/TradingAgents2/TradingMultiAgents/webui/app.py
 FINNHUB_API_KEY:  
 OPENAI_API_KEY:  
  http://localhost:8501 
  Ctrl+C 
